2024-03-11 12:48:05,916 [Worker-4: Loading available Gradle versions] INFO  o.e.b.c.i.u.g.PublishedGradleVersions - Gradle version information cache is up-to-date. Trying to read.
2024-03-11 12:49:28,868 [Worker-6: Importing Maven projects] INFO  o.e.m.c.i.l.LifecycleMappingFactory - Using org.eclipse.m2e.jdt.JarLifecycleMapping lifecycle mapping for MavenProject: sia:taco-cloud:0.0.1-SNAPSHOT @ C:\Users\phill\OneDrive\Desktop\Spring\Spring_Core Reference Material\spring-in-action-6-samples-main\ch01\taco-cloud\pom.xml.
2024-03-11 12:49:30,341 [Worker-6: Importing Maven projects] INFO  o.e.m.j.i.AbstractJavaProjectConfigurator - Adding source folder /taco-cloud/src/main/java
2024-03-11 12:49:30,342 [Worker-6: Importing Maven projects] INFO  o.e.m.j.i.AbstractJavaProjectConfigurator - Adding resource folder /taco-cloud/src/main/resources
2024-03-11 12:49:30,343 [Worker-6: Importing Maven projects] INFO  o.e.m.j.i.AbstractJavaProjectConfigurator - Adding resource folder /taco-cloud/src/main/resources
2024-03-11 12:49:30,344 [Worker-6: Importing Maven projects] INFO  o.e.m.j.i.AbstractJavaProjectConfigurator - Adding source folder /taco-cloud/src/test/java
2024-03-11 12:49:30,345 [Worker-6: Importing Maven projects] INFO  o.e.m.j.i.AbstractJavaProjectConfigurator - Adding resource folder /taco-cloud/src/test/resources
2024-03-11 12:49:30,860 [Worker-6: Importing Maven projects] INFO  o.e.m.c.i.p.ProjectConfigurationManager - Imported and configured 1 project(s) in 3 sec
2024-03-11 12:49:32,421 [Worker-0: Building] INFO  o.e.m.c.i.embedder.EclipseLogger - Using 'UTF-8' encoding to copy filtered resources.
2024-03-11 12:49:32,422 [Worker-0: Building] INFO  o.e.m.c.i.embedder.EclipseLogger - Using 'UTF-8' encoding to copy filtered properties files.
2024-03-11 12:49:32,427 [Worker-0: Building] INFO  o.e.m.c.i.embedder.EclipseLogger - Copying 1 resource
2024-03-11 12:49:32,451 [Worker-0: Building] INFO  o.e.m.c.i.embedder.EclipseLogger - Copying 2 resources
2024-03-11 12:49:32,476 [Worker-0: Building] INFO  o.e.m.c.i.embedder.EclipseLogger - Using 'UTF-8' encoding to copy filtered resources.
2024-03-11 12:49:32,476 [Worker-0: Building] INFO  o.e.m.c.i.embedder.EclipseLogger - Using 'UTF-8' encoding to copy filtered properties files.
2024-03-11 12:49:32,476 [Worker-0: Building] INFO  o.e.m.c.i.embedder.EclipseLogger - skip non existing resourceDirectory C:\Users\phill\OneDrive\Desktop\Spring\Spring_Core Reference Material\spring-in-action-6-samples-main\ch01\taco-cloud\src\test\resources
2024-03-11 13:21:33,862 [Worker-4: Loading available Gradle versions] INFO  o.e.b.c.i.u.g.PublishedGradleVersions - Gradle version information cache is up-to-date. Trying to read.
2024-03-11 13:25:09,378 [Worker-1: Loading available Gradle versions] INFO  o.e.b.c.i.u.g.PublishedGradleVersions - Gradle version information cache is up-to-date. Trying to read.
2024-03-11 14:22:33,682 [Worker-5: Loading available Gradle versions] INFO  o.e.b.c.i.u.g.PublishedGradleVersions - Gradle version information cache is up-to-date. Trying to read.
2024-03-11 14:24:37,319 [main] INFO  o.e.m2e.actions.ExecutePomAction - Creating new launch configuration
2024-03-11 14:24:39,434 [Worker-2: Launching taco-cloud] INFO  o.eclipse.m2e.core.internal.Bundles - getClasspathEntries(Bundle=org.eclipse.m2e.maven.runtime_3.9.500.20231113-2345 [346])
2024-03-11 14:24:39,437 [Worker-2: Launching taco-cloud] INFO  o.eclipse.m2e.core.internal.Bundles - 	Entry: C:\Users\phill\OneDrive\Desktop\sts-4.21.1.RELEASE\plugins\org.eclipse.m2e.maven.runtime_3.9.500.20231113-2345
2024-03-11 14:24:39,437 [Worker-2: Launching taco-cloud] INFO  o.eclipse.m2e.core.internal.Bundles - 	Entry: C:\Users\phill\OneDrive\Desktop\sts-4.21.1.RELEASE\plugins\org.eclipse.m2e.maven.runtime_3.9.500.20231113-2345\jars\aopalliance-1.0.jar
2024-03-11 14:24:39,437 [Worker-2: Launching taco-cloud] INFO  o.eclipse.m2e.core.internal.Bundles - 	Entry: C:\Users\phill\OneDrive\Desktop\sts-4.21.1.RELEASE\plugins\org.eclipse.m2e.maven.runtime_3.9.500.20231113-2345\jars\guice-5.1.0.jar
2024-03-11 14:24:39,437 [Worker-2: Launching taco-cloud] INFO  o.eclipse.m2e.core.internal.Bundles - 	Entry: C:\Users\phill\OneDrive\Desktop\sts-4.21.1.RELEASE\plugins\org.eclipse.m2e.maven.runtime_3.9.500.20231113-2345\jars\httpclient-4.5.14.jar
2024-03-11 14:24:39,437 [Worker-2: Launching taco-cloud] INFO  o.eclipse.m2e.core.internal.Bundles - 	Entry: C:\Users\phill\OneDrive\Desktop\sts-4.21.1.RELEASE\plugins\org.eclipse.m2e.maven.runtime_3.9.500.20231113-2345\jars\httpcore-4.4.16.jar
2024-03-11 14:24:39,437 [Worker-2: Launching taco-cloud] INFO  o.eclipse.m2e.core.internal.Bundles - 	Entry: C:\Users\phill\OneDrive\Desktop\sts-4.21.1.RELEASE\plugins\org.eclipse.m2e.maven.runtime_3.9.500.20231113-2345\jars\jansi-2.4.0.jar
2024-03-11 14:24:39,438 [Worker-2: Launching taco-cloud] INFO  o.eclipse.m2e.core.internal.Bundles - 	Entry: C:\Users\phill\OneDrive\Desktop\sts-4.21.1.RELEASE\plugins\org.eclipse.m2e.maven.runtime_3.9.500.20231113-2345\jars\jcl-over-slf4j-1.7.36.jar
2024-03-11 14:24:39,438 [Worker-2: Launching taco-cloud] INFO  o.eclipse.m2e.core.internal.Bundles - 	Entry: C:\Users\phill\OneDrive\Desktop\sts-4.21.1.RELEASE\plugins\org.eclipse.m2e.maven.runtime_3.9.500.20231113-2345\jars\maven-artifact-3.9.5.jar
2024-03-11 14:24:39,438 [Worker-2: Launching taco-cloud] INFO  o.eclipse.m2e.core.internal.Bundles - 	Entry: C:\Users\phill\OneDrive\Desktop\sts-4.21.1.RELEASE\plugins\org.eclipse.m2e.maven.runtime_3.9.500.20231113-2345\jars\maven-builder-support-3.9.5.jar
2024-03-11 14:24:39,438 [Worker-2: Launching taco-cloud] INFO  o.eclipse.m2e.core.internal.Bundles - 	Entry: C:\Users\phill\OneDrive\Desktop\sts-4.21.1.RELEASE\plugins\org.eclipse.m2e.maven.runtime_3.9.500.20231113-2345\jars\maven-compat-3.9.5.jar
2024-03-11 14:24:39,438 [Worker-2: Launching taco-cloud] INFO  o.eclipse.m2e.core.internal.Bundles - 	Entry: C:\Users\phill\OneDrive\Desktop\sts-4.21.1.RELEASE\plugins\org.eclipse.m2e.maven.runtime_3.9.500.20231113-2345\jars\maven-core-3.9.5.jar
2024-03-11 14:24:39,438 [Worker-2: Launching taco-cloud] INFO  o.eclipse.m2e.core.internal.Bundles - 	Entry: C:\Users\phill\OneDrive\Desktop\sts-4.21.1.RELEASE\plugins\org.eclipse.m2e.maven.runtime_3.9.500.20231113-2345\jars\maven-embedder-3.9.5.jar
2024-03-11 14:24:39,439 [Worker-2: Launching taco-cloud] INFO  o.eclipse.m2e.core.internal.Bundles - 	Entry: C:\Users\phill\OneDrive\Desktop\sts-4.21.1.RELEASE\plugins\org.eclipse.m2e.maven.runtime_3.9.500.20231113-2345\jars\maven-model-3.9.5.jar
2024-03-11 14:24:39,439 [Worker-2: Launching taco-cloud] INFO  o.eclipse.m2e.core.internal.Bundles - 	Entry: C:\Users\phill\OneDrive\Desktop\sts-4.21.1.RELEASE\plugins\org.eclipse.m2e.maven.runtime_3.9.500.20231113-2345\jars\maven-model-builder-3.9.5.jar
2024-03-11 14:24:39,439 [Worker-2: Launching taco-cloud] INFO  o.eclipse.m2e.core.internal.Bundles - 	Entry: C:\Users\phill\OneDrive\Desktop\sts-4.21.1.RELEASE\plugins\org.eclipse.m2e.maven.runtime_3.9.500.20231113-2345\jars\maven-plugin-api-3.9.5.jar
2024-03-11 14:24:39,439 [Worker-2: Launching taco-cloud] INFO  o.eclipse.m2e.core.internal.Bundles - 	Entry: C:\Users\phill\OneDrive\Desktop\sts-4.21.1.RELEASE\plugins\org.eclipse.m2e.maven.runtime_3.9.500.20231113-2345\jars\maven-repository-metadata-3.9.5.jar
2024-03-11 14:24:39,439 [Worker-2: Launching taco-cloud] INFO  o.eclipse.m2e.core.internal.Bundles - 	Entry: C:\Users\phill\OneDrive\Desktop\sts-4.21.1.RELEASE\plugins\org.eclipse.m2e.maven.runtime_3.9.500.20231113-2345\jars\maven-resolver-api-1.9.16.jar
2024-03-11 14:24:39,440 [Worker-2: Launching taco-cloud] INFO  o.eclipse.m2e.core.internal.Bundles - 	Entry: C:\Users\phill\OneDrive\Desktop\sts-4.21.1.RELEASE\plugins\org.eclipse.m2e.maven.runtime_3.9.500.20231113-2345\jars\maven-resolver-connector-basic-1.9.16.jar
2024-03-11 14:24:39,440 [Worker-2: Launching taco-cloud] INFO  o.eclipse.m2e.core.internal.Bundles - 	Entry: C:\Users\phill\OneDrive\Desktop\sts-4.21.1.RELEASE\plugins\org.eclipse.m2e.maven.runtime_3.9.500.20231113-2345\jars\maven-resolver-impl-1.9.16.jar
2024-03-11 14:24:39,440 [Worker-2: Launching taco-cloud] INFO  o.eclipse.m2e.core.internal.Bundles - 	Entry: C:\Users\phill\OneDrive\Desktop\sts-4.21.1.RELEASE\plugins\org.eclipse.m2e.maven.runtime_3.9.500.20231113-2345\jars\maven-resolver-named-locks-1.9.16.jar
2024-03-11 14:24:39,440 [Worker-2: Launching taco-cloud] INFO  o.eclipse.m2e.core.internal.Bundles - 	Entry: C:\Users\phill\OneDrive\Desktop\sts-4.21.1.RELEASE\plugins\org.eclipse.m2e.maven.runtime_3.9.500.20231113-2345\jars\maven-resolver-provider-3.9.5.jar
2024-03-11 14:24:39,440 [Worker-2: Launching taco-cloud] INFO  o.eclipse.m2e.core.internal.Bundles - 	Entry: C:\Users\phill\OneDrive\Desktop\sts-4.21.1.RELEASE\plugins\org.eclipse.m2e.maven.runtime_3.9.500.20231113-2345\jars\maven-resolver-spi-1.9.16.jar
2024-03-11 14:24:39,441 [Worker-2: Launching taco-cloud] INFO  o.eclipse.m2e.core.internal.Bundles - 	Entry: C:\Users\phill\OneDrive\Desktop\sts-4.21.1.RELEASE\plugins\org.eclipse.m2e.maven.runtime_3.9.500.20231113-2345\jars\maven-resolver-transport-file-1.9.16.jar
2024-03-11 14:24:39,441 [Worker-2: Launching taco-cloud] INFO  o.eclipse.m2e.core.internal.Bundles - 	Entry: C:\Users\phill\OneDrive\Desktop\sts-4.21.1.RELEASE\plugins\org.eclipse.m2e.maven.runtime_3.9.500.20231113-2345\jars\maven-resolver-transport-http-1.9.16.jar
2024-03-11 14:24:39,441 [Worker-2: Launching taco-cloud] INFO  o.eclipse.m2e.core.internal.Bundles - 	Entry: C:\Users\phill\OneDrive\Desktop\sts-4.21.1.RELEASE\plugins\org.eclipse.m2e.maven.runtime_3.9.500.20231113-2345\jars\maven-resolver-transport-wagon-1.9.16.jar
2024-03-11 14:24:39,441 [Worker-2: Launching taco-cloud] INFO  o.eclipse.m2e.core.internal.Bundles - 	Entry: C:\Users\phill\OneDrive\Desktop\sts-4.21.1.RELEASE\plugins\org.eclipse.m2e.maven.runtime_3.9.500.20231113-2345\jars\maven-resolver-util-1.9.16.jar
2024-03-11 14:24:39,441 [Worker-2: Launching taco-cloud] INFO  o.eclipse.m2e.core.internal.Bundles - 	Entry: C:\Users\phill\OneDrive\Desktop\sts-4.21.1.RELEASE\plugins\org.eclipse.m2e.maven.runtime_3.9.500.20231113-2345\jars\maven-settings-3.9.5.jar
2024-03-11 14:24:39,441 [Worker-2: Launching taco-cloud] INFO  o.eclipse.m2e.core.internal.Bundles - 	Entry: C:\Users\phill\OneDrive\Desktop\sts-4.21.1.RELEASE\plugins\org.eclipse.m2e.maven.runtime_3.9.500.20231113-2345\jars\maven-settings-builder-3.9.5.jar
2024-03-11 14:24:39,442 [Worker-2: Launching taco-cloud] INFO  o.eclipse.m2e.core.internal.Bundles - 	Entry: C:\Users\phill\OneDrive\Desktop\sts-4.21.1.RELEASE\plugins\org.eclipse.m2e.maven.runtime_3.9.500.20231113-2345\jars\maven-shared-utils-3.3.4.jar
2024-03-11 14:24:39,442 [Worker-2: Launching taco-cloud] INFO  o.eclipse.m2e.core.internal.Bundles - 	Entry: C:\Users\phill\OneDrive\Desktop\sts-4.21.1.RELEASE\plugins\org.eclipse.m2e.maven.runtime_3.9.500.20231113-2345\jars\org.eclipse.sisu.inject-0.3.5.jar
2024-03-11 14:24:39,442 [Worker-2: Launching taco-cloud] INFO  o.eclipse.m2e.core.internal.Bundles - 	Entry: C:\Users\phill\OneDrive\Desktop\sts-4.21.1.RELEASE\plugins\org.eclipse.m2e.maven.runtime_3.9.500.20231113-2345\jars\org.eclipse.sisu.plexus-0.3.5.jar
2024-03-11 14:24:39,442 [Worker-2: Launching taco-cloud] INFO  o.eclipse.m2e.core.internal.Bundles - 	Entry: C:\Users\phill\OneDrive\Desktop\sts-4.21.1.RELEASE\plugins\org.eclipse.m2e.maven.runtime_3.9.500.20231113-2345\jars\plexus-build-api-0.0.7.jar
2024-03-11 14:24:39,442 [Worker-2: Launching taco-cloud] INFO  o.eclipse.m2e.core.internal.Bundles - 	Entry: C:\Users\phill\OneDrive\Desktop\sts-4.21.1.RELEASE\plugins\org.eclipse.m2e.maven.runtime_3.9.500.20231113-2345\jars\plexus-cipher-2.0.jar
2024-03-11 14:24:39,442 [Worker-2: Launching taco-cloud] INFO  o.eclipse.m2e.core.internal.Bundles - 	Entry: C:\Users\phill\OneDrive\Desktop\sts-4.21.1.RELEASE\plugins\org.eclipse.m2e.maven.runtime_3.9.500.20231113-2345\jars\plexus-classworlds-2.7.0.jar
2024-03-11 14:24:39,442 [Worker-2: Launching taco-cloud] INFO  o.eclipse.m2e.core.internal.Bundles - 	Entry: C:\Users\phill\OneDrive\Desktop\sts-4.21.1.RELEASE\plugins\org.eclipse.m2e.maven.runtime_3.9.500.20231113-2345\jars\plexus-component-annotations-2.1.0.jar
2024-03-11 14:24:39,442 [Worker-2: Launching taco-cloud] INFO  o.eclipse.m2e.core.internal.Bundles - 	Entry: C:\Users\phill\OneDrive\Desktop\sts-4.21.1.RELEASE\plugins\org.eclipse.m2e.maven.runtime_3.9.500.20231113-2345\jars\plexus-interpolation-1.26.jar
2024-03-11 14:24:39,442 [Worker-2: Launching taco-cloud] INFO  o.eclipse.m2e.core.internal.Bundles - 	Entry: C:\Users\phill\OneDrive\Desktop\sts-4.21.1.RELEASE\plugins\org.eclipse.m2e.maven.runtime_3.9.500.20231113-2345\jars\plexus-sec-dispatcher-2.0.jar
2024-03-11 14:24:39,444 [Worker-2: Launching taco-cloud] INFO  o.eclipse.m2e.core.internal.Bundles - 	Entry: C:\Users\phill\OneDrive\Desktop\sts-4.21.1.RELEASE\plugins\org.eclipse.m2e.maven.runtime_3.9.500.20231113-2345\jars\plexus-utils-3.5.1.jar
2024-03-11 14:24:39,444 [Worker-2: Launching taco-cloud] INFO  o.eclipse.m2e.core.internal.Bundles - 	Entry: C:\Users\phill\OneDrive\Desktop\sts-4.21.1.RELEASE\plugins\org.eclipse.m2e.maven.runtime_3.9.500.20231113-2345\jars\wagon-file-3.5.3.jar
2024-03-11 14:24:39,444 [Worker-2: Launching taco-cloud] INFO  o.eclipse.m2e.core.internal.Bundles - 	Entry: C:\Users\phill\OneDrive\Desktop\sts-4.21.1.RELEASE\plugins\org.eclipse.m2e.maven.runtime_3.9.500.20231113-2345\jars\wagon-http-3.5.3.jar
2024-03-11 14:24:39,444 [Worker-2: Launching taco-cloud] INFO  o.eclipse.m2e.core.internal.Bundles - 	Entry: C:\Users\phill\OneDrive\Desktop\sts-4.21.1.RELEASE\plugins\org.eclipse.m2e.maven.runtime_3.9.500.20231113-2345\jars\wagon-http-shared-3.5.3.jar
2024-03-11 14:24:39,444 [Worker-2: Launching taco-cloud] INFO  o.eclipse.m2e.core.internal.Bundles - 	Entry: C:\Users\phill\OneDrive\Desktop\sts-4.21.1.RELEASE\plugins\org.eclipse.m2e.maven.runtime_3.9.500.20231113-2345\jars\wagon-provider-api-3.5.3.jar
2024-03-11 14:24:39,446 [Worker-2: Launching taco-cloud] INFO  o.eclipse.m2e.core.internal.Bundles - getClasspathEntries(Bundle=com.google.guava_33.0.0.jre [25])
2024-03-11 14:24:39,447 [Worker-2: Launching taco-cloud] INFO  o.eclipse.m2e.core.internal.Bundles - 	Entry: C:\Users\phill\OneDrive\Desktop\sts-4.21.1.RELEASE\plugins\com.google.guava_33.0.0.jre.jar
2024-03-11 14:24:39,447 [Worker-2: Launching taco-cloud] INFO  o.eclipse.m2e.core.internal.Bundles - getClasspathEntries(Bundle=slf4j.api_2.0.9 [573])
2024-03-11 14:24:39,447 [Worker-2: Launching taco-cloud] INFO  o.eclipse.m2e.core.internal.Bundles - 	Entry: C:\Users\phill\OneDrive\Desktop\sts-4.21.1.RELEASE\plugins\slf4j.api_2.0.9.jar
2024-03-11 14:24:39,447 [Worker-2: Launching taco-cloud] INFO  o.eclipse.m2e.core.internal.Bundles - getClasspathEntries(Bundle=jakarta.inject.jakarta.inject-api_1.0.5 [41])
2024-03-11 14:24:39,448 [Worker-2: Launching taco-cloud] INFO  o.eclipse.m2e.core.internal.Bundles - 	Entry: C:\Users\phill\OneDrive\Desktop\sts-4.21.1.RELEASE\plugins\jakarta.inject.jakarta.inject-api_1.0.5.jar
2024-03-11 14:24:39,448 [Worker-2: Launching taco-cloud] INFO  o.eclipse.m2e.core.internal.Bundles - getClasspathEntries(Bundle=jakarta.annotation-api_1.3.5 [37])
2024-03-11 14:24:39,448 [Worker-2: Launching taco-cloud] INFO  o.eclipse.m2e.core.internal.Bundles - 	Entry: C:\Users\phill\OneDrive\Desktop\sts-4.21.1.RELEASE\plugins\jakarta.annotation-api_1.3.5.jar
2024-03-11 14:24:39,448 [Worker-2: Launching taco-cloud] INFO  o.eclipse.m2e.core.internal.Bundles - getClasspathEntries(Bundle=org.apache.commons.cli_1.6.0 [71])
2024-03-11 14:24:39,449 [Worker-2: Launching taco-cloud] INFO  o.eclipse.m2e.core.internal.Bundles - 	Entry: C:\Users\phill\OneDrive\Desktop\sts-4.21.1.RELEASE\plugins\org.apache.commons.cli_1.6.0.jar
2024-03-11 14:24:39,449 [Worker-2: Launching taco-cloud] INFO  o.eclipse.m2e.core.internal.Bundles - getClasspathEntries(Bundle=org.apache.commons.commons-codec_1.16.0 [73])
2024-03-11 14:24:39,449 [Worker-2: Launching taco-cloud] INFO  o.eclipse.m2e.core.internal.Bundles - 	Entry: C:\Users\phill\OneDrive\Desktop\sts-4.21.1.RELEASE\plugins\org.apache.commons.commons-codec_1.16.0.jar
2024-03-11 14:24:39,449 [Worker-2: Launching taco-cloud] INFO  o.eclipse.m2e.core.internal.Bundles - getClasspathEntries(Bundle=org.apache.commons.lang3_3.13.0 [77])
2024-03-11 14:24:39,449 [Worker-2: Launching taco-cloud] INFO  o.eclipse.m2e.core.internal.Bundles - 	Entry: C:\Users\phill\OneDrive\Desktop\sts-4.21.1.RELEASE\plugins\org.apache.commons.lang3_3.13.0.jar
2024-03-11 14:24:39,449 [Worker-2: Launching taco-cloud] INFO  o.eclipse.m2e.core.internal.Bundles - getClasspathEntries(Bundle=com.google.guava.failureaccess_1.0.2 [27])
2024-03-11 14:24:39,450 [Worker-2: Launching taco-cloud] INFO  o.eclipse.m2e.core.internal.Bundles - 	Entry: C:\Users\phill\OneDrive\Desktop\sts-4.21.1.RELEASE\plugins\com.google.guava.failureaccess_1.0.2.jar
2024-03-11 14:24:39,453 [Worker-2: Launching taco-cloud] INFO  o.e.m.i.launch.MavenLaunchDelegate - Run build in "C:\Users\phill\OneDrive\Desktop\Spring\Spring_Core Reference Material\spring-in-action-6-samples-main\ch01\taco-cloud":
2024-03-11 14:24:39,453 [Worker-2: Launching taco-cloud] INFO  o.e.m.i.launch.MavenLaunchDelegate -  mvn  -B -Dstyle.color=always 
2024-03-11 14:33:29,896 [Worker-18: Launching Executing install in C__Users_phill_OneDrive_Desktop_Spring_Spring_Core Reference Material_spring-in-action-6-samples-main_ch01_taco-cloud] INFO  o.eclipse.m2e.core.internal.Bundles - getClasspathEntries(Bundle=org.eclipse.m2e.maven.runtime_3.9.500.20231113-2345 [346])
2024-03-11 14:33:29,897 [Worker-18: Launching Executing install in C__Users_phill_OneDrive_Desktop_Spring_Spring_Core Reference Material_spring-in-action-6-samples-main_ch01_taco-cloud] INFO  o.eclipse.m2e.core.internal.Bundles - 	Entry: C:\Users\phill\OneDrive\Desktop\sts-4.21.1.RELEASE\plugins\org.eclipse.m2e.maven.runtime_3.9.500.20231113-2345
2024-03-11 14:33:29,897 [Worker-18: Launching Executing install in C__Users_phill_OneDrive_Desktop_Spring_Spring_Core Reference Material_spring-in-action-6-samples-main_ch01_taco-cloud] INFO  o.eclipse.m2e.core.internal.Bundles - 	Entry: C:\Users\phill\OneDrive\Desktop\sts-4.21.1.RELEASE\plugins\org.eclipse.m2e.maven.runtime_3.9.500.20231113-2345\jars\aopalliance-1.0.jar
2024-03-11 14:33:29,897 [Worker-18: Launching Executing install in C__Users_phill_OneDrive_Desktop_Spring_Spring_Core Reference Material_spring-in-action-6-samples-main_ch01_taco-cloud] INFO  o.eclipse.m2e.core.internal.Bundles - 	Entry: C:\Users\phill\OneDrive\Desktop\sts-4.21.1.RELEASE\plugins\org.eclipse.m2e.maven.runtime_3.9.500.20231113-2345\jars\guice-5.1.0.jar
2024-03-11 14:33:29,898 [Worker-18: Launching Executing install in C__Users_phill_OneDrive_Desktop_Spring_Spring_Core Reference Material_spring-in-action-6-samples-main_ch01_taco-cloud] INFO  o.eclipse.m2e.core.internal.Bundles - 	Entry: C:\Users\phill\OneDrive\Desktop\sts-4.21.1.RELEASE\plugins\org.eclipse.m2e.maven.runtime_3.9.500.20231113-2345\jars\httpclient-4.5.14.jar
2024-03-11 14:33:29,898 [Worker-18: Launching Executing install in C__Users_phill_OneDrive_Desktop_Spring_Spring_Core Reference Material_spring-in-action-6-samples-main_ch01_taco-cloud] INFO  o.eclipse.m2e.core.internal.Bundles - 	Entry: C:\Users\phill\OneDrive\Desktop\sts-4.21.1.RELEASE\plugins\org.eclipse.m2e.maven.runtime_3.9.500.20231113-2345\jars\httpcore-4.4.16.jar
2024-03-11 14:33:29,898 [Worker-18: Launching Executing install in C__Users_phill_OneDrive_Desktop_Spring_Spring_Core Reference Material_spring-in-action-6-samples-main_ch01_taco-cloud] INFO  o.eclipse.m2e.core.internal.Bundles - 	Entry: C:\Users\phill\OneDrive\Desktop\sts-4.21.1.RELEASE\plugins\org.eclipse.m2e.maven.runtime_3.9.500.20231113-2345\jars\jansi-2.4.0.jar
2024-03-11 14:33:29,898 [Worker-18: Launching Executing install in C__Users_phill_OneDrive_Desktop_Spring_Spring_Core Reference Material_spring-in-action-6-samples-main_ch01_taco-cloud] INFO  o.eclipse.m2e.core.internal.Bundles - 	Entry: C:\Users\phill\OneDrive\Desktop\sts-4.21.1.RELEASE\plugins\org.eclipse.m2e.maven.runtime_3.9.500.20231113-2345\jars\jcl-over-slf4j-1.7.36.jar
2024-03-11 14:33:29,898 [Worker-18: Launching Executing install in C__Users_phill_OneDrive_Desktop_Spring_Spring_Core Reference Material_spring-in-action-6-samples-main_ch01_taco-cloud] INFO  o.eclipse.m2e.core.internal.Bundles - 	Entry: C:\Users\phill\OneDrive\Desktop\sts-4.21.1.RELEASE\plugins\org.eclipse.m2e.maven.runtime_3.9.500.20231113-2345\jars\maven-artifact-3.9.5.jar
2024-03-11 14:33:29,899 [Worker-18: Launching Executing install in C__Users_phill_OneDrive_Desktop_Spring_Spring_Core Reference Material_spring-in-action-6-samples-main_ch01_taco-cloud] INFO  o.eclipse.m2e.core.internal.Bundles - 	Entry: C:\Users\phill\OneDrive\Desktop\sts-4.21.1.RELEASE\plugins\org.eclipse.m2e.maven.runtime_3.9.500.20231113-2345\jars\maven-builder-support-3.9.5.jar
2024-03-11 14:33:29,899 [Worker-18: Launching Executing install in C__Users_phill_OneDrive_Desktop_Spring_Spring_Core Reference Material_spring-in-action-6-samples-main_ch01_taco-cloud] INFO  o.eclipse.m2e.core.internal.Bundles - 	Entry: C:\Users\phill\OneDrive\Desktop\sts-4.21.1.RELEASE\plugins\org.eclipse.m2e.maven.runtime_3.9.500.20231113-2345\jars\maven-compat-3.9.5.jar
2024-03-11 14:33:29,899 [Worker-18: Launching Executing install in C__Users_phill_OneDrive_Desktop_Spring_Spring_Core Reference Material_spring-in-action-6-samples-main_ch01_taco-cloud] INFO  o.eclipse.m2e.core.internal.Bundles - 	Entry: C:\Users\phill\OneDrive\Desktop\sts-4.21.1.RELEASE\plugins\org.eclipse.m2e.maven.runtime_3.9.500.20231113-2345\jars\maven-core-3.9.5.jar
2024-03-11 14:33:29,899 [Worker-18: Launching Executing install in C__Users_phill_OneDrive_Desktop_Spring_Spring_Core Reference Material_spring-in-action-6-samples-main_ch01_taco-cloud] INFO  o.eclipse.m2e.core.internal.Bundles - 	Entry: C:\Users\phill\OneDrive\Desktop\sts-4.21.1.RELEASE\plugins\org.eclipse.m2e.maven.runtime_3.9.500.20231113-2345\jars\maven-embedder-3.9.5.jar
2024-03-11 14:33:29,899 [Worker-18: Launching Executing install in C__Users_phill_OneDrive_Desktop_Spring_Spring_Core Reference Material_spring-in-action-6-samples-main_ch01_taco-cloud] INFO  o.eclipse.m2e.core.internal.Bundles - 	Entry: C:\Users\phill\OneDrive\Desktop\sts-4.21.1.RELEASE\plugins\org.eclipse.m2e.maven.runtime_3.9.500.20231113-2345\jars\maven-model-3.9.5.jar
2024-03-11 14:33:29,899 [Worker-18: Launching Executing install in C__Users_phill_OneDrive_Desktop_Spring_Spring_Core Reference Material_spring-in-action-6-samples-main_ch01_taco-cloud] INFO  o.eclipse.m2e.core.internal.Bundles - 	Entry: C:\Users\phill\OneDrive\Desktop\sts-4.21.1.RELEASE\plugins\org.eclipse.m2e.maven.runtime_3.9.500.20231113-2345\jars\maven-model-builder-3.9.5.jar
2024-03-11 14:33:29,900 [Worker-18: Launching Executing install in C__Users_phill_OneDrive_Desktop_Spring_Spring_Core Reference Material_spring-in-action-6-samples-main_ch01_taco-cloud] INFO  o.eclipse.m2e.core.internal.Bundles - 	Entry: C:\Users\phill\OneDrive\Desktop\sts-4.21.1.RELEASE\plugins\org.eclipse.m2e.maven.runtime_3.9.500.20231113-2345\jars\maven-plugin-api-3.9.5.jar
2024-03-11 14:33:29,900 [Worker-18: Launching Executing install in C__Users_phill_OneDrive_Desktop_Spring_Spring_Core Reference Material_spring-in-action-6-samples-main_ch01_taco-cloud] INFO  o.eclipse.m2e.core.internal.Bundles - 	Entry: C:\Users\phill\OneDrive\Desktop\sts-4.21.1.RELEASE\plugins\org.eclipse.m2e.maven.runtime_3.9.500.20231113-2345\jars\maven-repository-metadata-3.9.5.jar
2024-03-11 14:33:29,900 [Worker-18: Launching Executing install in C__Users_phill_OneDrive_Desktop_Spring_Spring_Core Reference Material_spring-in-action-6-samples-main_ch01_taco-cloud] INFO  o.eclipse.m2e.core.internal.Bundles - 	Entry: C:\Users\phill\OneDrive\Desktop\sts-4.21.1.RELEASE\plugins\org.eclipse.m2e.maven.runtime_3.9.500.20231113-2345\jars\maven-resolver-api-1.9.16.jar
2024-03-11 14:33:29,900 [Worker-18: Launching Executing install in C__Users_phill_OneDrive_Desktop_Spring_Spring_Core Reference Material_spring-in-action-6-samples-main_ch01_taco-cloud] INFO  o.eclipse.m2e.core.internal.Bundles - 	Entry: C:\Users\phill\OneDrive\Desktop\sts-4.21.1.RELEASE\plugins\org.eclipse.m2e.maven.runtime_3.9.500.20231113-2345\jars\maven-resolver-connector-basic-1.9.16.jar
2024-03-11 14:33:29,900 [Worker-18: Launching Executing install in C__Users_phill_OneDrive_Desktop_Spring_Spring_Core Reference Material_spring-in-action-6-samples-main_ch01_taco-cloud] INFO  o.eclipse.m2e.core.internal.Bundles - 	Entry: C:\Users\phill\OneDrive\Desktop\sts-4.21.1.RELEASE\plugins\org.eclipse.m2e.maven.runtime_3.9.500.20231113-2345\jars\maven-resolver-impl-1.9.16.jar
2024-03-11 14:33:29,901 [Worker-18: Launching Executing install in C__Users_phill_OneDrive_Desktop_Spring_Spring_Core Reference Material_spring-in-action-6-samples-main_ch01_taco-cloud] INFO  o.eclipse.m2e.core.internal.Bundles - 	Entry: C:\Users\phill\OneDrive\Desktop\sts-4.21.1.RELEASE\plugins\org.eclipse.m2e.maven.runtime_3.9.500.20231113-2345\jars\maven-resolver-named-locks-1.9.16.jar
2024-03-11 14:33:29,901 [Worker-18: Launching Executing install in C__Users_phill_OneDrive_Desktop_Spring_Spring_Core Reference Material_spring-in-action-6-samples-main_ch01_taco-cloud] INFO  o.eclipse.m2e.core.internal.Bundles - 	Entry: C:\Users\phill\OneDrive\Desktop\sts-4.21.1.RELEASE\plugins\org.eclipse.m2e.maven.runtime_3.9.500.20231113-2345\jars\maven-resolver-provider-3.9.5.jar
2024-03-11 14:33:29,901 [Worker-18: Launching Executing install in C__Users_phill_OneDrive_Desktop_Spring_Spring_Core Reference Material_spring-in-action-6-samples-main_ch01_taco-cloud] INFO  o.eclipse.m2e.core.internal.Bundles - 	Entry: C:\Users\phill\OneDrive\Desktop\sts-4.21.1.RELEASE\plugins\org.eclipse.m2e.maven.runtime_3.9.500.20231113-2345\jars\maven-resolver-spi-1.9.16.jar
2024-03-11 14:33:29,901 [Worker-18: Launching Executing install in C__Users_phill_OneDrive_Desktop_Spring_Spring_Core Reference Material_spring-in-action-6-samples-main_ch01_taco-cloud] INFO  o.eclipse.m2e.core.internal.Bundles - 	Entry: C:\Users\phill\OneDrive\Desktop\sts-4.21.1.RELEASE\plugins\org.eclipse.m2e.maven.runtime_3.9.500.20231113-2345\jars\maven-resolver-transport-file-1.9.16.jar
2024-03-11 14:33:29,901 [Worker-18: Launching Executing install in C__Users_phill_OneDrive_Desktop_Spring_Spring_Core Reference Material_spring-in-action-6-samples-main_ch01_taco-cloud] INFO  o.eclipse.m2e.core.internal.Bundles - 	Entry: C:\Users\phill\OneDrive\Desktop\sts-4.21.1.RELEASE\plugins\org.eclipse.m2e.maven.runtime_3.9.500.20231113-2345\jars\maven-resolver-transport-http-1.9.16.jar
2024-03-11 14:33:29,901 [Worker-18: Launching Executing install in C__Users_phill_OneDrive_Desktop_Spring_Spring_Core Reference Material_spring-in-action-6-samples-main_ch01_taco-cloud] INFO  o.eclipse.m2e.core.internal.Bundles - 	Entry: C:\Users\phill\OneDrive\Desktop\sts-4.21.1.RELEASE\plugins\org.eclipse.m2e.maven.runtime_3.9.500.20231113-2345\jars\maven-resolver-transport-wagon-1.9.16.jar
2024-03-11 14:33:29,901 [Worker-18: Launching Executing install in C__Users_phill_OneDrive_Desktop_Spring_Spring_Core Reference Material_spring-in-action-6-samples-main_ch01_taco-cloud] INFO  o.eclipse.m2e.core.internal.Bundles - 	Entry: C:\Users\phill\OneDrive\Desktop\sts-4.21.1.RELEASE\plugins\org.eclipse.m2e.maven.runtime_3.9.500.20231113-2345\jars\maven-resolver-util-1.9.16.jar
2024-03-11 14:33:29,901 [Worker-18: Launching Executing install in C__Users_phill_OneDrive_Desktop_Spring_Spring_Core Reference Material_spring-in-action-6-samples-main_ch01_taco-cloud] INFO  o.eclipse.m2e.core.internal.Bundles - 	Entry: C:\Users\phill\OneDrive\Desktop\sts-4.21.1.RELEASE\plugins\org.eclipse.m2e.maven.runtime_3.9.500.20231113-2345\jars\maven-settings-3.9.5.jar
2024-03-11 14:33:29,901 [Worker-18: Launching Executing install in C__Users_phill_OneDrive_Desktop_Spring_Spring_Core Reference Material_spring-in-action-6-samples-main_ch01_taco-cloud] INFO  o.eclipse.m2e.core.internal.Bundles - 	Entry: C:\Users\phill\OneDrive\Desktop\sts-4.21.1.RELEASE\plugins\org.eclipse.m2e.maven.runtime_3.9.500.20231113-2345\jars\maven-settings-builder-3.9.5.jar
2024-03-11 14:33:29,902 [Worker-18: Launching Executing install in C__Users_phill_OneDrive_Desktop_Spring_Spring_Core Reference Material_spring-in-action-6-samples-main_ch01_taco-cloud] INFO  o.eclipse.m2e.core.internal.Bundles - 	Entry: C:\Users\phill\OneDrive\Desktop\sts-4.21.1.RELEASE\plugins\org.eclipse.m2e.maven.runtime_3.9.500.20231113-2345\jars\maven-shared-utils-3.3.4.jar
2024-03-11 14:33:29,902 [Worker-18: Launching Executing install in C__Users_phill_OneDrive_Desktop_Spring_Spring_Core Reference Material_spring-in-action-6-samples-main_ch01_taco-cloud] INFO  o.eclipse.m2e.core.internal.Bundles - 	Entry: C:\Users\phill\OneDrive\Desktop\sts-4.21.1.RELEASE\plugins\org.eclipse.m2e.maven.runtime_3.9.500.20231113-2345\jars\org.eclipse.sisu.inject-0.3.5.jar
2024-03-11 14:33:29,902 [Worker-18: Launching Executing install in C__Users_phill_OneDrive_Desktop_Spring_Spring_Core Reference Material_spring-in-action-6-samples-main_ch01_taco-cloud] INFO  o.eclipse.m2e.core.internal.Bundles - 	Entry: C:\Users\phill\OneDrive\Desktop\sts-4.21.1.RELEASE\plugins\org.eclipse.m2e.maven.runtime_3.9.500.20231113-2345\jars\org.eclipse.sisu.plexus-0.3.5.jar
2024-03-11 14:33:29,902 [Worker-18: Launching Executing install in C__Users_phill_OneDrive_Desktop_Spring_Spring_Core Reference Material_spring-in-action-6-samples-main_ch01_taco-cloud] INFO  o.eclipse.m2e.core.internal.Bundles - 	Entry: C:\Users\phill\OneDrive\Desktop\sts-4.21.1.RELEASE\plugins\org.eclipse.m2e.maven.runtime_3.9.500.20231113-2345\jars\plexus-build-api-0.0.7.jar
2024-03-11 14:33:29,902 [Worker-18: Launching Executing install in C__Users_phill_OneDrive_Desktop_Spring_Spring_Core Reference Material_spring-in-action-6-samples-main_ch01_taco-cloud] INFO  o.eclipse.m2e.core.internal.Bundles - 	Entry: C:\Users\phill\OneDrive\Desktop\sts-4.21.1.RELEASE\plugins\org.eclipse.m2e.maven.runtime_3.9.500.20231113-2345\jars\plexus-cipher-2.0.jar
2024-03-11 14:33:29,903 [Worker-18: Launching Executing install in C__Users_phill_OneDrive_Desktop_Spring_Spring_Core Reference Material_spring-in-action-6-samples-main_ch01_taco-cloud] INFO  o.eclipse.m2e.core.internal.Bundles - 	Entry: C:\Users\phill\OneDrive\Desktop\sts-4.21.1.RELEASE\plugins\org.eclipse.m2e.maven.runtime_3.9.500.20231113-2345\jars\plexus-classworlds-2.7.0.jar
2024-03-11 14:33:29,903 [Worker-18: Launching Executing install in C__Users_phill_OneDrive_Desktop_Spring_Spring_Core Reference Material_spring-in-action-6-samples-main_ch01_taco-cloud] INFO  o.eclipse.m2e.core.internal.Bundles - 	Entry: C:\Users\phill\OneDrive\Desktop\sts-4.21.1.RELEASE\plugins\org.eclipse.m2e.maven.runtime_3.9.500.20231113-2345\jars\plexus-component-annotations-2.1.0.jar
2024-03-11 14:33:29,903 [Worker-18: Launching Executing install in C__Users_phill_OneDrive_Desktop_Spring_Spring_Core Reference Material_spring-in-action-6-samples-main_ch01_taco-cloud] INFO  o.eclipse.m2e.core.internal.Bundles - 	Entry: C:\Users\phill\OneDrive\Desktop\sts-4.21.1.RELEASE\plugins\org.eclipse.m2e.maven.runtime_3.9.500.20231113-2345\jars\plexus-interpolation-1.26.jar
2024-03-11 14:33:29,903 [Worker-18: Launching Executing install in C__Users_phill_OneDrive_Desktop_Spring_Spring_Core Reference Material_spring-in-action-6-samples-main_ch01_taco-cloud] INFO  o.eclipse.m2e.core.internal.Bundles - 	Entry: C:\Users\phill\OneDrive\Desktop\sts-4.21.1.RELEASE\plugins\org.eclipse.m2e.maven.runtime_3.9.500.20231113-2345\jars\plexus-sec-dispatcher-2.0.jar
2024-03-11 14:33:29,903 [Worker-18: Launching Executing install in C__Users_phill_OneDrive_Desktop_Spring_Spring_Core Reference Material_spring-in-action-6-samples-main_ch01_taco-cloud] INFO  o.eclipse.m2e.core.internal.Bundles - 	Entry: C:\Users\phill\OneDrive\Desktop\sts-4.21.1.RELEASE\plugins\org.eclipse.m2e.maven.runtime_3.9.500.20231113-2345\jars\plexus-utils-3.5.1.jar
2024-03-11 14:33:29,903 [Worker-18: Launching Executing install in C__Users_phill_OneDrive_Desktop_Spring_Spring_Core Reference Material_spring-in-action-6-samples-main_ch01_taco-cloud] INFO  o.eclipse.m2e.core.internal.Bundles - 	Entry: C:\Users\phill\OneDrive\Desktop\sts-4.21.1.RELEASE\plugins\org.eclipse.m2e.maven.runtime_3.9.500.20231113-2345\jars\wagon-file-3.5.3.jar
2024-03-11 14:33:29,903 [Worker-18: Launching Executing install in C__Users_phill_OneDrive_Desktop_Spring_Spring_Core Reference Material_spring-in-action-6-samples-main_ch01_taco-cloud] INFO  o.eclipse.m2e.core.internal.Bundles - 	Entry: C:\Users\phill\OneDrive\Desktop\sts-4.21.1.RELEASE\plugins\org.eclipse.m2e.maven.runtime_3.9.500.20231113-2345\jars\wagon-http-3.5.3.jar
2024-03-11 14:33:29,904 [Worker-18: Launching Executing install in C__Users_phill_OneDrive_Desktop_Spring_Spring_Core Reference Material_spring-in-action-6-samples-main_ch01_taco-cloud] INFO  o.eclipse.m2e.core.internal.Bundles - 	Entry: C:\Users\phill\OneDrive\Desktop\sts-4.21.1.RELEASE\plugins\org.eclipse.m2e.maven.runtime_3.9.500.20231113-2345\jars\wagon-http-shared-3.5.3.jar
2024-03-11 14:33:29,904 [Worker-18: Launching Executing install in C__Users_phill_OneDrive_Desktop_Spring_Spring_Core Reference Material_spring-in-action-6-samples-main_ch01_taco-cloud] INFO  o.eclipse.m2e.core.internal.Bundles - 	Entry: C:\Users\phill\OneDrive\Desktop\sts-4.21.1.RELEASE\plugins\org.eclipse.m2e.maven.runtime_3.9.500.20231113-2345\jars\wagon-provider-api-3.5.3.jar
2024-03-11 14:33:29,905 [Worker-18: Launching Executing install in C__Users_phill_OneDrive_Desktop_Spring_Spring_Core Reference Material_spring-in-action-6-samples-main_ch01_taco-cloud] INFO  o.eclipse.m2e.core.internal.Bundles - getClasspathEntries(Bundle=com.google.guava_33.0.0.jre [25])
2024-03-11 14:33:29,905 [Worker-18: Launching Executing install in C__Users_phill_OneDrive_Desktop_Spring_Spring_Core Reference Material_spring-in-action-6-samples-main_ch01_taco-cloud] INFO  o.eclipse.m2e.core.internal.Bundles - 	Entry: C:\Users\phill\OneDrive\Desktop\sts-4.21.1.RELEASE\plugins\com.google.guava_33.0.0.jre.jar
2024-03-11 14:33:29,905 [Worker-18: Launching Executing install in C__Users_phill_OneDrive_Desktop_Spring_Spring_Core Reference Material_spring-in-action-6-samples-main_ch01_taco-cloud] INFO  o.eclipse.m2e.core.internal.Bundles - getClasspathEntries(Bundle=slf4j.api_2.0.9 [573])
2024-03-11 14:33:29,906 [Worker-18: Launching Executing install in C__Users_phill_OneDrive_Desktop_Spring_Spring_Core Reference Material_spring-in-action-6-samples-main_ch01_taco-cloud] INFO  o.eclipse.m2e.core.internal.Bundles - 	Entry: C:\Users\phill\OneDrive\Desktop\sts-4.21.1.RELEASE\plugins\slf4j.api_2.0.9.jar
2024-03-11 14:33:29,906 [Worker-18: Launching Executing install in C__Users_phill_OneDrive_Desktop_Spring_Spring_Core Reference Material_spring-in-action-6-samples-main_ch01_taco-cloud] INFO  o.eclipse.m2e.core.internal.Bundles - getClasspathEntries(Bundle=jakarta.inject.jakarta.inject-api_1.0.5 [41])
2024-03-11 14:33:29,907 [Worker-18: Launching Executing install in C__Users_phill_OneDrive_Desktop_Spring_Spring_Core Reference Material_spring-in-action-6-samples-main_ch01_taco-cloud] INFO  o.eclipse.m2e.core.internal.Bundles - 	Entry: C:\Users\phill\OneDrive\Desktop\sts-4.21.1.RELEASE\plugins\jakarta.inject.jakarta.inject-api_1.0.5.jar
2024-03-11 14:33:29,907 [Worker-18: Launching Executing install in C__Users_phill_OneDrive_Desktop_Spring_Spring_Core Reference Material_spring-in-action-6-samples-main_ch01_taco-cloud] INFO  o.eclipse.m2e.core.internal.Bundles - getClasspathEntries(Bundle=jakarta.annotation-api_1.3.5 [37])
2024-03-11 14:33:29,907 [Worker-18: Launching Executing install in C__Users_phill_OneDrive_Desktop_Spring_Spring_Core Reference Material_spring-in-action-6-samples-main_ch01_taco-cloud] INFO  o.eclipse.m2e.core.internal.Bundles - 	Entry: C:\Users\phill\OneDrive\Desktop\sts-4.21.1.RELEASE\plugins\jakarta.annotation-api_1.3.5.jar
2024-03-11 14:33:29,907 [Worker-18: Launching Executing install in C__Users_phill_OneDrive_Desktop_Spring_Spring_Core Reference Material_spring-in-action-6-samples-main_ch01_taco-cloud] INFO  o.eclipse.m2e.core.internal.Bundles - getClasspathEntries(Bundle=org.apache.commons.cli_1.6.0 [71])
2024-03-11 14:33:29,907 [Worker-18: Launching Executing install in C__Users_phill_OneDrive_Desktop_Spring_Spring_Core Reference Material_spring-in-action-6-samples-main_ch01_taco-cloud] INFO  o.eclipse.m2e.core.internal.Bundles - 	Entry: C:\Users\phill\OneDrive\Desktop\sts-4.21.1.RELEASE\plugins\org.apache.commons.cli_1.6.0.jar
2024-03-11 14:33:29,907 [Worker-18: Launching Executing install in C__Users_phill_OneDrive_Desktop_Spring_Spring_Core Reference Material_spring-in-action-6-samples-main_ch01_taco-cloud] INFO  o.eclipse.m2e.core.internal.Bundles - getClasspathEntries(Bundle=org.apache.commons.commons-codec_1.16.0 [73])
2024-03-11 14:33:29,908 [Worker-18: Launching Executing install in C__Users_phill_OneDrive_Desktop_Spring_Spring_Core Reference Material_spring-in-action-6-samples-main_ch01_taco-cloud] INFO  o.eclipse.m2e.core.internal.Bundles - 	Entry: C:\Users\phill\OneDrive\Desktop\sts-4.21.1.RELEASE\plugins\org.apache.commons.commons-codec_1.16.0.jar
2024-03-11 14:33:29,908 [Worker-18: Launching Executing install in C__Users_phill_OneDrive_Desktop_Spring_Spring_Core Reference Material_spring-in-action-6-samples-main_ch01_taco-cloud] INFO  o.eclipse.m2e.core.internal.Bundles - getClasspathEntries(Bundle=org.apache.commons.lang3_3.13.0 [77])
2024-03-11 14:33:29,908 [Worker-18: Launching Executing install in C__Users_phill_OneDrive_Desktop_Spring_Spring_Core Reference Material_spring-in-action-6-samples-main_ch01_taco-cloud] INFO  o.eclipse.m2e.core.internal.Bundles - 	Entry: C:\Users\phill\OneDrive\Desktop\sts-4.21.1.RELEASE\plugins\org.apache.commons.lang3_3.13.0.jar
2024-03-11 14:33:29,908 [Worker-18: Launching Executing install in C__Users_phill_OneDrive_Desktop_Spring_Spring_Core Reference Material_spring-in-action-6-samples-main_ch01_taco-cloud] INFO  o.eclipse.m2e.core.internal.Bundles - getClasspathEntries(Bundle=com.google.guava.failureaccess_1.0.2 [27])
2024-03-11 14:33:29,908 [Worker-18: Launching Executing install in C__Users_phill_OneDrive_Desktop_Spring_Spring_Core Reference Material_spring-in-action-6-samples-main_ch01_taco-cloud] INFO  o.eclipse.m2e.core.internal.Bundles - 	Entry: C:\Users\phill\OneDrive\Desktop\sts-4.21.1.RELEASE\plugins\com.google.guava.failureaccess_1.0.2.jar
2024-03-11 14:33:29,909 [Worker-18: Launching Executing install in C__Users_phill_OneDrive_Desktop_Spring_Spring_Core Reference Material_spring-in-action-6-samples-main_ch01_taco-cloud] INFO  o.e.m.i.launch.MavenLaunchDelegate - Run build in "C:\Users\phill\OneDrive\Desktop\Spring\Spring_Core Reference Material\spring-in-action-6-samples-main\ch01\taco-cloud":
2024-03-11 14:33:29,909 [Worker-18: Launching Executing install in C__Users_phill_OneDrive_Desktop_Spring_Spring_Core Reference Material_spring-in-action-6-samples-main_ch01_taco-cloud] INFO  o.e.m.i.launch.MavenLaunchDelegate -  mvn  -B -Dstyle.color=always install
2024-03-11 14:34:06,363 [Worker-5: Launching Executing install in C__Users_phill_OneDrive_Desktop_Spring_Spring_Core Reference Material_spring-in-action-6-samples-main_ch01_taco-cloud] INFO  o.eclipse.m2e.core.internal.Bundles - getClasspathEntries(Bundle=org.eclipse.m2e.maven.runtime_3.9.500.20231113-2345 [346])
2024-03-11 14:34:06,364 [Worker-5: Launching Executing install in C__Users_phill_OneDrive_Desktop_Spring_Spring_Core Reference Material_spring-in-action-6-samples-main_ch01_taco-cloud] INFO  o.eclipse.m2e.core.internal.Bundles - 	Entry: C:\Users\phill\OneDrive\Desktop\sts-4.21.1.RELEASE\plugins\org.eclipse.m2e.maven.runtime_3.9.500.20231113-2345
2024-03-11 14:34:06,364 [Worker-5: Launching Executing install in C__Users_phill_OneDrive_Desktop_Spring_Spring_Core Reference Material_spring-in-action-6-samples-main_ch01_taco-cloud] INFO  o.eclipse.m2e.core.internal.Bundles - 	Entry: C:\Users\phill\OneDrive\Desktop\sts-4.21.1.RELEASE\plugins\org.eclipse.m2e.maven.runtime_3.9.500.20231113-2345\jars\aopalliance-1.0.jar
2024-03-11 14:34:06,365 [Worker-5: Launching Executing install in C__Users_phill_OneDrive_Desktop_Spring_Spring_Core Reference Material_spring-in-action-6-samples-main_ch01_taco-cloud] INFO  o.eclipse.m2e.core.internal.Bundles - 	Entry: C:\Users\phill\OneDrive\Desktop\sts-4.21.1.RELEASE\plugins\org.eclipse.m2e.maven.runtime_3.9.500.20231113-2345\jars\guice-5.1.0.jar
2024-03-11 14:34:06,365 [Worker-5: Launching Executing install in C__Users_phill_OneDrive_Desktop_Spring_Spring_Core Reference Material_spring-in-action-6-samples-main_ch01_taco-cloud] INFO  o.eclipse.m2e.core.internal.Bundles - 	Entry: C:\Users\phill\OneDrive\Desktop\sts-4.21.1.RELEASE\plugins\org.eclipse.m2e.maven.runtime_3.9.500.20231113-2345\jars\httpclient-4.5.14.jar
2024-03-11 14:34:06,365 [Worker-5: Launching Executing install in C__Users_phill_OneDrive_Desktop_Spring_Spring_Core Reference Material_spring-in-action-6-samples-main_ch01_taco-cloud] INFO  o.eclipse.m2e.core.internal.Bundles - 	Entry: C:\Users\phill\OneDrive\Desktop\sts-4.21.1.RELEASE\plugins\org.eclipse.m2e.maven.runtime_3.9.500.20231113-2345\jars\httpcore-4.4.16.jar
2024-03-11 14:34:06,365 [Worker-5: Launching Executing install in C__Users_phill_OneDrive_Desktop_Spring_Spring_Core Reference Material_spring-in-action-6-samples-main_ch01_taco-cloud] INFO  o.eclipse.m2e.core.internal.Bundles - 	Entry: C:\Users\phill\OneDrive\Desktop\sts-4.21.1.RELEASE\plugins\org.eclipse.m2e.maven.runtime_3.9.500.20231113-2345\jars\jansi-2.4.0.jar
2024-03-11 14:34:06,365 [Worker-5: Launching Executing install in C__Users_phill_OneDrive_Desktop_Spring_Spring_Core Reference Material_spring-in-action-6-samples-main_ch01_taco-cloud] INFO  o.eclipse.m2e.core.internal.Bundles - 	Entry: C:\Users\phill\OneDrive\Desktop\sts-4.21.1.RELEASE\plugins\org.eclipse.m2e.maven.runtime_3.9.500.20231113-2345\jars\jcl-over-slf4j-1.7.36.jar
2024-03-11 14:34:06,365 [Worker-5: Launching Executing install in C__Users_phill_OneDrive_Desktop_Spring_Spring_Core Reference Material_spring-in-action-6-samples-main_ch01_taco-cloud] INFO  o.eclipse.m2e.core.internal.Bundles - 	Entry: C:\Users\phill\OneDrive\Desktop\sts-4.21.1.RELEASE\plugins\org.eclipse.m2e.maven.runtime_3.9.500.20231113-2345\jars\maven-artifact-3.9.5.jar
2024-03-11 14:34:06,365 [Worker-5: Launching Executing install in C__Users_phill_OneDrive_Desktop_Spring_Spring_Core Reference Material_spring-in-action-6-samples-main_ch01_taco-cloud] INFO  o.eclipse.m2e.core.internal.Bundles - 	Entry: C:\Users\phill\OneDrive\Desktop\sts-4.21.1.RELEASE\plugins\org.eclipse.m2e.maven.runtime_3.9.500.20231113-2345\jars\maven-builder-support-3.9.5.jar
2024-03-11 14:34:06,365 [Worker-5: Launching Executing install in C__Users_phill_OneDrive_Desktop_Spring_Spring_Core Reference Material_spring-in-action-6-samples-main_ch01_taco-cloud] INFO  o.eclipse.m2e.core.internal.Bundles - 	Entry: C:\Users\phill\OneDrive\Desktop\sts-4.21.1.RELEASE\plugins\org.eclipse.m2e.maven.runtime_3.9.500.20231113-2345\jars\maven-compat-3.9.5.jar
2024-03-11 14:34:06,365 [Worker-5: Launching Executing install in C__Users_phill_OneDrive_Desktop_Spring_Spring_Core Reference Material_spring-in-action-6-samples-main_ch01_taco-cloud] INFO  o.eclipse.m2e.core.internal.Bundles - 	Entry: C:\Users\phill\OneDrive\Desktop\sts-4.21.1.RELEASE\plugins\org.eclipse.m2e.maven.runtime_3.9.500.20231113-2345\jars\maven-core-3.9.5.jar
2024-03-11 14:34:06,365 [Worker-5: Launching Executing install in C__Users_phill_OneDrive_Desktop_Spring_Spring_Core Reference Material_spring-in-action-6-samples-main_ch01_taco-cloud] INFO  o.eclipse.m2e.core.internal.Bundles - 	Entry: C:\Users\phill\OneDrive\Desktop\sts-4.21.1.RELEASE\plugins\org.eclipse.m2e.maven.runtime_3.9.500.20231113-2345\jars\maven-embedder-3.9.5.jar
2024-03-11 14:34:06,365 [Worker-5: Launching Executing install in C__Users_phill_OneDrive_Desktop_Spring_Spring_Core Reference Material_spring-in-action-6-samples-main_ch01_taco-cloud] INFO  o.eclipse.m2e.core.internal.Bundles - 	Entry: C:\Users\phill\OneDrive\Desktop\sts-4.21.1.RELEASE\plugins\org.eclipse.m2e.maven.runtime_3.9.500.20231113-2345\jars\maven-model-3.9.5.jar
2024-03-11 14:34:06,366 [Worker-5: Launching Executing install in C__Users_phill_OneDrive_Desktop_Spring_Spring_Core Reference Material_spring-in-action-6-samples-main_ch01_taco-cloud] INFO  o.eclipse.m2e.core.internal.Bundles - 	Entry: C:\Users\phill\OneDrive\Desktop\sts-4.21.1.RELEASE\plugins\org.eclipse.m2e.maven.runtime_3.9.500.20231113-2345\jars\maven-model-builder-3.9.5.jar
2024-03-11 14:34:06,366 [Worker-5: Launching Executing install in C__Users_phill_OneDrive_Desktop_Spring_Spring_Core Reference Material_spring-in-action-6-samples-main_ch01_taco-cloud] INFO  o.eclipse.m2e.core.internal.Bundles - 	Entry: C:\Users\phill\OneDrive\Desktop\sts-4.21.1.RELEASE\plugins\org.eclipse.m2e.maven.runtime_3.9.500.20231113-2345\jars\maven-plugin-api-3.9.5.jar
2024-03-11 14:34:06,366 [Worker-5: Launching Executing install in C__Users_phill_OneDrive_Desktop_Spring_Spring_Core Reference Material_spring-in-action-6-samples-main_ch01_taco-cloud] INFO  o.eclipse.m2e.core.internal.Bundles - 	Entry: C:\Users\phill\OneDrive\Desktop\sts-4.21.1.RELEASE\plugins\org.eclipse.m2e.maven.runtime_3.9.500.20231113-2345\jars\maven-repository-metadata-3.9.5.jar
2024-03-11 14:34:06,366 [Worker-5: Launching Executing install in C__Users_phill_OneDrive_Desktop_Spring_Spring_Core Reference Material_spring-in-action-6-samples-main_ch01_taco-cloud] INFO  o.eclipse.m2e.core.internal.Bundles - 	Entry: C:\Users\phill\OneDrive\Desktop\sts-4.21.1.RELEASE\plugins\org.eclipse.m2e.maven.runtime_3.9.500.20231113-2345\jars\maven-resolver-api-1.9.16.jar
2024-03-11 14:34:06,366 [Worker-5: Launching Executing install in C__Users_phill_OneDrive_Desktop_Spring_Spring_Core Reference Material_spring-in-action-6-samples-main_ch01_taco-cloud] INFO  o.eclipse.m2e.core.internal.Bundles - 	Entry: C:\Users\phill\OneDrive\Desktop\sts-4.21.1.RELEASE\plugins\org.eclipse.m2e.maven.runtime_3.9.500.20231113-2345\jars\maven-resolver-connector-basic-1.9.16.jar
2024-03-11 14:34:06,366 [Worker-5: Launching Executing install in C__Users_phill_OneDrive_Desktop_Spring_Spring_Core Reference Material_spring-in-action-6-samples-main_ch01_taco-cloud] INFO  o.eclipse.m2e.core.internal.Bundles - 	Entry: C:\Users\phill\OneDrive\Desktop\sts-4.21.1.RELEASE\plugins\org.eclipse.m2e.maven.runtime_3.9.500.20231113-2345\jars\maven-resolver-impl-1.9.16.jar
2024-03-11 14:34:06,366 [Worker-5: Launching Executing install in C__Users_phill_OneDrive_Desktop_Spring_Spring_Core Reference Material_spring-in-action-6-samples-main_ch01_taco-cloud] INFO  o.eclipse.m2e.core.internal.Bundles - 	Entry: C:\Users\phill\OneDrive\Desktop\sts-4.21.1.RELEASE\plugins\org.eclipse.m2e.maven.runtime_3.9.500.20231113-2345\jars\maven-resolver-named-locks-1.9.16.jar
2024-03-11 14:34:06,366 [Worker-5: Launching Executing install in C__Users_phill_OneDrive_Desktop_Spring_Spring_Core Reference Material_spring-in-action-6-samples-main_ch01_taco-cloud] INFO  o.eclipse.m2e.core.internal.Bundles - 	Entry: C:\Users\phill\OneDrive\Desktop\sts-4.21.1.RELEASE\plugins\org.eclipse.m2e.maven.runtime_3.9.500.20231113-2345\jars\maven-resolver-provider-3.9.5.jar
2024-03-11 14:34:06,367 [Worker-5: Launching Executing install in C__Users_phill_OneDrive_Desktop_Spring_Spring_Core Reference Material_spring-in-action-6-samples-main_ch01_taco-cloud] INFO  o.eclipse.m2e.core.internal.Bundles - 	Entry: C:\Users\phill\OneDrive\Desktop\sts-4.21.1.RELEASE\plugins\org.eclipse.m2e.maven.runtime_3.9.500.20231113-2345\jars\maven-resolver-spi-1.9.16.jar
2024-03-11 14:34:06,367 [Worker-5: Launching Executing install in C__Users_phill_OneDrive_Desktop_Spring_Spring_Core Reference Material_spring-in-action-6-samples-main_ch01_taco-cloud] INFO  o.eclipse.m2e.core.internal.Bundles - 	Entry: C:\Users\phill\OneDrive\Desktop\sts-4.21.1.RELEASE\plugins\org.eclipse.m2e.maven.runtime_3.9.500.20231113-2345\jars\maven-resolver-transport-file-1.9.16.jar
2024-03-11 14:34:06,367 [Worker-5: Launching Executing install in C__Users_phill_OneDrive_Desktop_Spring_Spring_Core Reference Material_spring-in-action-6-samples-main_ch01_taco-cloud] INFO  o.eclipse.m2e.core.internal.Bundles - 	Entry: C:\Users\phill\OneDrive\Desktop\sts-4.21.1.RELEASE\plugins\org.eclipse.m2e.maven.runtime_3.9.500.20231113-2345\jars\maven-resolver-transport-http-1.9.16.jar
2024-03-11 14:34:06,368 [Worker-5: Launching Executing install in C__Users_phill_OneDrive_Desktop_Spring_Spring_Core Reference Material_spring-in-action-6-samples-main_ch01_taco-cloud] INFO  o.eclipse.m2e.core.internal.Bundles - 	Entry: C:\Users\phill\OneDrive\Desktop\sts-4.21.1.RELEASE\plugins\org.eclipse.m2e.maven.runtime_3.9.500.20231113-2345\jars\maven-resolver-transport-wagon-1.9.16.jar
2024-03-11 14:34:06,368 [Worker-5: Launching Executing install in C__Users_phill_OneDrive_Desktop_Spring_Spring_Core Reference Material_spring-in-action-6-samples-main_ch01_taco-cloud] INFO  o.eclipse.m2e.core.internal.Bundles - 	Entry: C:\Users\phill\OneDrive\Desktop\sts-4.21.1.RELEASE\plugins\org.eclipse.m2e.maven.runtime_3.9.500.20231113-2345\jars\maven-resolver-util-1.9.16.jar
2024-03-11 14:34:06,368 [Worker-5: Launching Executing install in C__Users_phill_OneDrive_Desktop_Spring_Spring_Core Reference Material_spring-in-action-6-samples-main_ch01_taco-cloud] INFO  o.eclipse.m2e.core.internal.Bundles - 	Entry: C:\Users\phill\OneDrive\Desktop\sts-4.21.1.RELEASE\plugins\org.eclipse.m2e.maven.runtime_3.9.500.20231113-2345\jars\maven-settings-3.9.5.jar
2024-03-11 14:34:06,368 [Worker-5: Launching Executing install in C__Users_phill_OneDrive_Desktop_Spring_Spring_Core Reference Material_spring-in-action-6-samples-main_ch01_taco-cloud] INFO  o.eclipse.m2e.core.internal.Bundles - 	Entry: C:\Users\phill\OneDrive\Desktop\sts-4.21.1.RELEASE\plugins\org.eclipse.m2e.maven.runtime_3.9.500.20231113-2345\jars\maven-settings-builder-3.9.5.jar
2024-03-11 14:34:06,368 [Worker-5: Launching Executing install in C__Users_phill_OneDrive_Desktop_Spring_Spring_Core Reference Material_spring-in-action-6-samples-main_ch01_taco-cloud] INFO  o.eclipse.m2e.core.internal.Bundles - 	Entry: C:\Users\phill\OneDrive\Desktop\sts-4.21.1.RELEASE\plugins\org.eclipse.m2e.maven.runtime_3.9.500.20231113-2345\jars\maven-shared-utils-3.3.4.jar
2024-03-11 14:34:06,369 [Worker-5: Launching Executing install in C__Users_phill_OneDrive_Desktop_Spring_Spring_Core Reference Material_spring-in-action-6-samples-main_ch01_taco-cloud] INFO  o.eclipse.m2e.core.internal.Bundles - 	Entry: C:\Users\phill\OneDrive\Desktop\sts-4.21.1.RELEASE\plugins\org.eclipse.m2e.maven.runtime_3.9.500.20231113-2345\jars\org.eclipse.sisu.inject-0.3.5.jar
2024-03-11 14:34:06,369 [Worker-5: Launching Executing install in C__Users_phill_OneDrive_Desktop_Spring_Spring_Core Reference Material_spring-in-action-6-samples-main_ch01_taco-cloud] INFO  o.eclipse.m2e.core.internal.Bundles - 	Entry: C:\Users\phill\OneDrive\Desktop\sts-4.21.1.RELEASE\plugins\org.eclipse.m2e.maven.runtime_3.9.500.20231113-2345\jars\org.eclipse.sisu.plexus-0.3.5.jar
2024-03-11 14:34:06,369 [Worker-5: Launching Executing install in C__Users_phill_OneDrive_Desktop_Spring_Spring_Core Reference Material_spring-in-action-6-samples-main_ch01_taco-cloud] INFO  o.eclipse.m2e.core.internal.Bundles - 	Entry: C:\Users\phill\OneDrive\Desktop\sts-4.21.1.RELEASE\plugins\org.eclipse.m2e.maven.runtime_3.9.500.20231113-2345\jars\plexus-build-api-0.0.7.jar
2024-03-11 14:34:06,369 [Worker-5: Launching Executing install in C__Users_phill_OneDrive_Desktop_Spring_Spring_Core Reference Material_spring-in-action-6-samples-main_ch01_taco-cloud] INFO  o.eclipse.m2e.core.internal.Bundles - 	Entry: C:\Users\phill\OneDrive\Desktop\sts-4.21.1.RELEASE\plugins\org.eclipse.m2e.maven.runtime_3.9.500.20231113-2345\jars\plexus-cipher-2.0.jar
2024-03-11 14:34:06,369 [Worker-5: Launching Executing install in C__Users_phill_OneDrive_Desktop_Spring_Spring_Core Reference Material_spring-in-action-6-samples-main_ch01_taco-cloud] INFO  o.eclipse.m2e.core.internal.Bundles - 	Entry: C:\Users\phill\OneDrive\Desktop\sts-4.21.1.RELEASE\plugins\org.eclipse.m2e.maven.runtime_3.9.500.20231113-2345\jars\plexus-classworlds-2.7.0.jar
2024-03-11 14:34:06,369 [Worker-5: Launching Executing install in C__Users_phill_OneDrive_Desktop_Spring_Spring_Core Reference Material_spring-in-action-6-samples-main_ch01_taco-cloud] INFO  o.eclipse.m2e.core.internal.Bundles - 	Entry: C:\Users\phill\OneDrive\Desktop\sts-4.21.1.RELEASE\plugins\org.eclipse.m2e.maven.runtime_3.9.500.20231113-2345\jars\plexus-component-annotations-2.1.0.jar
2024-03-11 14:34:06,370 [Worker-5: Launching Executing install in C__Users_phill_OneDrive_Desktop_Spring_Spring_Core Reference Material_spring-in-action-6-samples-main_ch01_taco-cloud] INFO  o.eclipse.m2e.core.internal.Bundles - 	Entry: C:\Users\phill\OneDrive\Desktop\sts-4.21.1.RELEASE\plugins\org.eclipse.m2e.maven.runtime_3.9.500.20231113-2345\jars\plexus-interpolation-1.26.jar
2024-03-11 14:34:06,370 [Worker-5: Launching Executing install in C__Users_phill_OneDrive_Desktop_Spring_Spring_Core Reference Material_spring-in-action-6-samples-main_ch01_taco-cloud] INFO  o.eclipse.m2e.core.internal.Bundles - 	Entry: C:\Users\phill\OneDrive\Desktop\sts-4.21.1.RELEASE\plugins\org.eclipse.m2e.maven.runtime_3.9.500.20231113-2345\jars\plexus-sec-dispatcher-2.0.jar
2024-03-11 14:34:06,370 [Worker-5: Launching Executing install in C__Users_phill_OneDrive_Desktop_Spring_Spring_Core Reference Material_spring-in-action-6-samples-main_ch01_taco-cloud] INFO  o.eclipse.m2e.core.internal.Bundles - 	Entry: C:\Users\phill\OneDrive\Desktop\sts-4.21.1.RELEASE\plugins\org.eclipse.m2e.maven.runtime_3.9.500.20231113-2345\jars\plexus-utils-3.5.1.jar
2024-03-11 14:34:06,370 [Worker-5: Launching Executing install in C__Users_phill_OneDrive_Desktop_Spring_Spring_Core Reference Material_spring-in-action-6-samples-main_ch01_taco-cloud] INFO  o.eclipse.m2e.core.internal.Bundles - 	Entry: C:\Users\phill\OneDrive\Desktop\sts-4.21.1.RELEASE\plugins\org.eclipse.m2e.maven.runtime_3.9.500.20231113-2345\jars\wagon-file-3.5.3.jar
2024-03-11 14:34:06,370 [Worker-5: Launching Executing install in C__Users_phill_OneDrive_Desktop_Spring_Spring_Core Reference Material_spring-in-action-6-samples-main_ch01_taco-cloud] INFO  o.eclipse.m2e.core.internal.Bundles - 	Entry: C:\Users\phill\OneDrive\Desktop\sts-4.21.1.RELEASE\plugins\org.eclipse.m2e.maven.runtime_3.9.500.20231113-2345\jars\wagon-http-3.5.3.jar
2024-03-11 14:34:06,370 [Worker-5: Launching Executing install in C__Users_phill_OneDrive_Desktop_Spring_Spring_Core Reference Material_spring-in-action-6-samples-main_ch01_taco-cloud] INFO  o.eclipse.m2e.core.internal.Bundles - 	Entry: C:\Users\phill\OneDrive\Desktop\sts-4.21.1.RELEASE\plugins\org.eclipse.m2e.maven.runtime_3.9.500.20231113-2345\jars\wagon-http-shared-3.5.3.jar
2024-03-11 14:34:06,370 [Worker-5: Launching Executing install in C__Users_phill_OneDrive_Desktop_Spring_Spring_Core Reference Material_spring-in-action-6-samples-main_ch01_taco-cloud] INFO  o.eclipse.m2e.core.internal.Bundles - 	Entry: C:\Users\phill\OneDrive\Desktop\sts-4.21.1.RELEASE\plugins\org.eclipse.m2e.maven.runtime_3.9.500.20231113-2345\jars\wagon-provider-api-3.5.3.jar
2024-03-11 14:34:06,370 [Worker-5: Launching Executing install in C__Users_phill_OneDrive_Desktop_Spring_Spring_Core Reference Material_spring-in-action-6-samples-main_ch01_taco-cloud] INFO  o.eclipse.m2e.core.internal.Bundles - getClasspathEntries(Bundle=com.google.guava_33.0.0.jre [25])
2024-03-11 14:34:06,371 [Worker-5: Launching Executing install in C__Users_phill_OneDrive_Desktop_Spring_Spring_Core Reference Material_spring-in-action-6-samples-main_ch01_taco-cloud] INFO  o.eclipse.m2e.core.internal.Bundles - 	Entry: C:\Users\phill\OneDrive\Desktop\sts-4.21.1.RELEASE\plugins\com.google.guava_33.0.0.jre.jar
2024-03-11 14:34:06,371 [Worker-5: Launching Executing install in C__Users_phill_OneDrive_Desktop_Spring_Spring_Core Reference Material_spring-in-action-6-samples-main_ch01_taco-cloud] INFO  o.eclipse.m2e.core.internal.Bundles - getClasspathEntries(Bundle=slf4j.api_2.0.9 [573])
2024-03-11 14:34:06,371 [Worker-5: Launching Executing install in C__Users_phill_OneDrive_Desktop_Spring_Spring_Core Reference Material_spring-in-action-6-samples-main_ch01_taco-cloud] INFO  o.eclipse.m2e.core.internal.Bundles - 	Entry: C:\Users\phill\OneDrive\Desktop\sts-4.21.1.RELEASE\plugins\slf4j.api_2.0.9.jar
2024-03-11 14:34:06,371 [Worker-5: Launching Executing install in C__Users_phill_OneDrive_Desktop_Spring_Spring_Core Reference Material_spring-in-action-6-samples-main_ch01_taco-cloud] INFO  o.eclipse.m2e.core.internal.Bundles - getClasspathEntries(Bundle=jakarta.inject.jakarta.inject-api_1.0.5 [41])
2024-03-11 14:34:06,373 [Worker-5: Launching Executing install in C__Users_phill_OneDrive_Desktop_Spring_Spring_Core Reference Material_spring-in-action-6-samples-main_ch01_taco-cloud] INFO  o.eclipse.m2e.core.internal.Bundles - 	Entry: C:\Users\phill\OneDrive\Desktop\sts-4.21.1.RELEASE\plugins\jakarta.inject.jakarta.inject-api_1.0.5.jar
2024-03-11 14:34:06,373 [Worker-5: Launching Executing install in C__Users_phill_OneDrive_Desktop_Spring_Spring_Core Reference Material_spring-in-action-6-samples-main_ch01_taco-cloud] INFO  o.eclipse.m2e.core.internal.Bundles - getClasspathEntries(Bundle=jakarta.annotation-api_1.3.5 [37])
2024-03-11 14:34:06,373 [Worker-5: Launching Executing install in C__Users_phill_OneDrive_Desktop_Spring_Spring_Core Reference Material_spring-in-action-6-samples-main_ch01_taco-cloud] INFO  o.eclipse.m2e.core.internal.Bundles - 	Entry: C:\Users\phill\OneDrive\Desktop\sts-4.21.1.RELEASE\plugins\jakarta.annotation-api_1.3.5.jar
2024-03-11 14:34:06,373 [Worker-5: Launching Executing install in C__Users_phill_OneDrive_Desktop_Spring_Spring_Core Reference Material_spring-in-action-6-samples-main_ch01_taco-cloud] INFO  o.eclipse.m2e.core.internal.Bundles - getClasspathEntries(Bundle=org.apache.commons.cli_1.6.0 [71])
2024-03-11 14:34:06,374 [Worker-5: Launching Executing install in C__Users_phill_OneDrive_Desktop_Spring_Spring_Core Reference Material_spring-in-action-6-samples-main_ch01_taco-cloud] INFO  o.eclipse.m2e.core.internal.Bundles - 	Entry: C:\Users\phill\OneDrive\Desktop\sts-4.21.1.RELEASE\plugins\org.apache.commons.cli_1.6.0.jar
2024-03-11 14:34:06,374 [Worker-5: Launching Executing install in C__Users_phill_OneDrive_Desktop_Spring_Spring_Core Reference Material_spring-in-action-6-samples-main_ch01_taco-cloud] INFO  o.eclipse.m2e.core.internal.Bundles - getClasspathEntries(Bundle=org.apache.commons.commons-codec_1.16.0 [73])
2024-03-11 14:34:06,375 [Worker-5: Launching Executing install in C__Users_phill_OneDrive_Desktop_Spring_Spring_Core Reference Material_spring-in-action-6-samples-main_ch01_taco-cloud] INFO  o.eclipse.m2e.core.internal.Bundles - 	Entry: C:\Users\phill\OneDrive\Desktop\sts-4.21.1.RELEASE\plugins\org.apache.commons.commons-codec_1.16.0.jar
2024-03-11 14:34:06,375 [Worker-5: Launching Executing install in C__Users_phill_OneDrive_Desktop_Spring_Spring_Core Reference Material_spring-in-action-6-samples-main_ch01_taco-cloud] INFO  o.eclipse.m2e.core.internal.Bundles - getClasspathEntries(Bundle=org.apache.commons.lang3_3.13.0 [77])
2024-03-11 14:34:06,375 [Worker-5: Launching Executing install in C__Users_phill_OneDrive_Desktop_Spring_Spring_Core Reference Material_spring-in-action-6-samples-main_ch01_taco-cloud] INFO  o.eclipse.m2e.core.internal.Bundles - 	Entry: C:\Users\phill\OneDrive\Desktop\sts-4.21.1.RELEASE\plugins\org.apache.commons.lang3_3.13.0.jar
2024-03-11 14:34:06,375 [Worker-5: Launching Executing install in C__Users_phill_OneDrive_Desktop_Spring_Spring_Core Reference Material_spring-in-action-6-samples-main_ch01_taco-cloud] INFO  o.eclipse.m2e.core.internal.Bundles - getClasspathEntries(Bundle=com.google.guava.failureaccess_1.0.2 [27])
2024-03-11 14:34:06,376 [Worker-5: Launching Executing install in C__Users_phill_OneDrive_Desktop_Spring_Spring_Core Reference Material_spring-in-action-6-samples-main_ch01_taco-cloud] INFO  o.eclipse.m2e.core.internal.Bundles - 	Entry: C:\Users\phill\OneDrive\Desktop\sts-4.21.1.RELEASE\plugins\com.google.guava.failureaccess_1.0.2.jar
2024-03-11 14:34:06,378 [Worker-5: Launching Executing install in C__Users_phill_OneDrive_Desktop_Spring_Spring_Core Reference Material_spring-in-action-6-samples-main_ch01_taco-cloud] INFO  o.e.m.i.launch.MavenLaunchDelegate - Run build in "C:\Users\phill\OneDrive\Desktop\Spring\Spring_Core Reference Material\spring-in-action-6-samples-main\ch01\taco-cloud":
2024-03-11 14:34:06,378 [Worker-5: Launching Executing install in C__Users_phill_OneDrive_Desktop_Spring_Spring_Core Reference Material_spring-in-action-6-samples-main_ch01_taco-cloud] INFO  o.e.m.i.launch.MavenLaunchDelegate -  mvn  -B -Dstyle.color=always install
2024-03-11 14:47:29,611 [Worker-2: Loading available Gradle versions] INFO  o.e.b.c.i.u.g.PublishedGradleVersions - Gradle version information cache is up-to-date. Trying to read.
2024-03-11 15:08:27,584 [Worker-18: Launching taco-cloud - TacoCloudApplication] INFO  o.e.m.c.i.embedder.EclipseLogger - Using 'UTF-8' encoding to copy filtered resources.
2024-03-11 15:08:27,587 [Worker-18: Launching taco-cloud - TacoCloudApplication] INFO  o.e.m.c.i.embedder.EclipseLogger - Using 'UTF-8' encoding to copy filtered properties files.
2024-03-11 15:08:27,591 [Worker-18: Launching taco-cloud - TacoCloudApplication] INFO  o.e.m.c.i.embedder.EclipseLogger - Copying 1 resource
2024-03-11 15:08:27,602 [Worker-18: Launching taco-cloud - TacoCloudApplication] INFO  o.e.m.c.i.embedder.EclipseLogger - Copying 2 resources
2024-03-11 15:08:27,608 [Worker-18: Launching taco-cloud - TacoCloudApplication] INFO  o.e.m.c.i.embedder.EclipseLogger - Using 'UTF-8' encoding to copy filtered resources.
2024-03-11 15:08:27,608 [Worker-18: Launching taco-cloud - TacoCloudApplication] INFO  o.e.m.c.i.embedder.EclipseLogger - Using 'UTF-8' encoding to copy filtered properties files.
2024-03-11 15:08:27,608 [Worker-18: Launching taco-cloud - TacoCloudApplication] INFO  o.e.m.c.i.embedder.EclipseLogger - skip non existing resourceDirectory C:\Users\phill\OneDrive\Desktop\Spring\Spring_Core Reference Material\spring-in-action-6-samples-main\ch01\taco-cloud\src\test\resources
2024-03-11 15:08:40,206 [Worker-20: Building] INFO  o.e.m.c.i.embedder.EclipseLogger - Using 'UTF-8' encoding to copy filtered resources.
2024-03-11 15:08:40,206 [Worker-20: Building] INFO  o.e.m.c.i.embedder.EclipseLogger - Using 'UTF-8' encoding to copy filtered properties files.
2024-03-11 15:08:40,209 [Worker-20: Building] INFO  o.e.m.c.i.embedder.EclipseLogger - Copying 1 resource
2024-03-11 15:08:40,213 [Worker-20: Building] INFO  o.e.m.c.i.embedder.EclipseLogger - Copying 2 resources
2024-03-11 15:08:40,219 [Worker-20: Building] INFO  o.e.m.c.i.embedder.EclipseLogger - Using 'UTF-8' encoding to copy filtered resources.
2024-03-11 15:08:40,219 [Worker-20: Building] INFO  o.e.m.c.i.embedder.EclipseLogger - Using 'UTF-8' encoding to copy filtered properties files.
2024-03-11 15:08:40,219 [Worker-20: Building] INFO  o.e.m.c.i.embedder.EclipseLogger - skip non existing resourceDirectory C:\Users\phill\OneDrive\Desktop\Spring\Spring_Core Reference Material\spring-in-action-6-samples-main\ch01\taco-cloud\src\test\resources
2024-03-11 15:17:41,266 [Worker-27: Building] INFO  o.e.m.c.i.embedder.EclipseLogger - Using 'UTF-8' encoding to copy filtered resources.
2024-03-11 15:17:41,266 [Worker-27: Building] INFO  o.e.m.c.i.embedder.EclipseLogger - Using 'UTF-8' encoding to copy filtered properties files.
2024-03-11 15:17:41,269 [Worker-27: Building] INFO  o.e.m.c.i.embedder.EclipseLogger - Copying 1 resource
2024-03-11 15:17:41,275 [Worker-27: Building] INFO  o.e.m.c.i.embedder.EclipseLogger - Copying 2 resources
2024-03-11 15:17:41,281 [Worker-27: Building] INFO  o.e.m.c.i.embedder.EclipseLogger - Using 'UTF-8' encoding to copy filtered resources.
2024-03-11 15:17:41,281 [Worker-27: Building] INFO  o.e.m.c.i.embedder.EclipseLogger - Using 'UTF-8' encoding to copy filtered properties files.
2024-03-11 15:17:41,281 [Worker-27: Building] INFO  o.e.m.c.i.embedder.EclipseLogger - skip non existing resourceDirectory C:\Users\phill\OneDrive\Desktop\Spring\Spring_Core Reference Material\spring-in-action-6-samples-main\ch01\taco-cloud\src\test\resources
2024-03-11 15:17:55,977 [Worker-27: Building] INFO  o.e.m.c.i.embedder.EclipseLogger - Using 'UTF-8' encoding to copy filtered resources.
2024-03-11 15:17:55,977 [Worker-27: Building] INFO  o.e.m.c.i.embedder.EclipseLogger - Using 'UTF-8' encoding to copy filtered properties files.
2024-03-11 15:17:55,979 [Worker-27: Building] INFO  o.e.m.c.i.embedder.EclipseLogger - Copying 1 resource
2024-03-11 15:17:55,985 [Worker-27: Building] INFO  o.e.m.c.i.embedder.EclipseLogger - Copying 2 resources
2024-03-11 15:17:55,991 [Worker-27: Building] INFO  o.e.m.c.i.embedder.EclipseLogger - Using 'UTF-8' encoding to copy filtered resources.
2024-03-11 15:17:55,991 [Worker-27: Building] INFO  o.e.m.c.i.embedder.EclipseLogger - Using 'UTF-8' encoding to copy filtered properties files.
2024-03-11 15:17:55,992 [Worker-27: Building] INFO  o.e.m.c.i.embedder.EclipseLogger - skip non existing resourceDirectory C:\Users\phill\OneDrive\Desktop\Spring\Spring_Core Reference Material\spring-in-action-6-samples-main\ch01\taco-cloud\src\test\resources
2024-03-11 15:22:32,280 [Worker-25: Building] INFO  o.e.m.c.i.embedder.EclipseLogger - Using 'UTF-8' encoding to copy filtered resources.
2024-03-11 15:22:32,281 [Worker-25: Building] INFO  o.e.m.c.i.embedder.EclipseLogger - Using 'UTF-8' encoding to copy filtered properties files.
2024-03-11 15:22:32,282 [Worker-25: Building] INFO  o.e.m.c.i.embedder.EclipseLogger - Copying 1 resource
2024-03-11 15:22:32,293 [Worker-25: Building] INFO  o.e.m.c.i.embedder.EclipseLogger - Copying 2 resources
2024-03-11 15:22:32,297 [Worker-25: Building] INFO  o.e.m.c.i.embedder.EclipseLogger - Using 'UTF-8' encoding to copy filtered resources.
2024-03-11 15:22:32,297 [Worker-25: Building] INFO  o.e.m.c.i.embedder.EclipseLogger - Using 'UTF-8' encoding to copy filtered properties files.
2024-03-11 15:22:32,298 [Worker-25: Building] INFO  o.e.m.c.i.embedder.EclipseLogger - skip non existing resourceDirectory C:\Users\phill\OneDrive\Desktop\Spring\Spring_Core Reference Material\spring-in-action-6-samples-main\ch01\taco-cloud\src\test\resources
2024-03-11 15:26:41,826 [Worker-37: Launching taco-cloud - TacoCloudApplication] INFO  o.e.m.c.i.embedder.EclipseLogger - Using 'UTF-8' encoding to copy filtered resources.
2024-03-11 15:26:41,827 [Worker-37: Launching taco-cloud - TacoCloudApplication] INFO  o.e.m.c.i.embedder.EclipseLogger - Using 'UTF-8' encoding to copy filtered properties files.
2024-03-11 15:26:41,829 [Worker-37: Launching taco-cloud - TacoCloudApplication] INFO  o.e.m.c.i.embedder.EclipseLogger - Copying 1 resource
2024-03-11 15:26:41,845 [Worker-37: Launching taco-cloud - TacoCloudApplication] INFO  o.e.m.c.i.embedder.EclipseLogger - Copying 2 resources
2024-03-11 15:26:41,854 [Worker-37: Launching taco-cloud - TacoCloudApplication] INFO  o.e.m.c.i.embedder.EclipseLogger - Using 'UTF-8' encoding to copy filtered resources.
2024-03-11 15:26:41,854 [Worker-37: Launching taco-cloud - TacoCloudApplication] INFO  o.e.m.c.i.embedder.EclipseLogger - Using 'UTF-8' encoding to copy filtered properties files.
2024-03-11 15:26:41,854 [Worker-37: Launching taco-cloud - TacoCloudApplication] INFO  o.e.m.c.i.embedder.EclipseLogger - skip non existing resourceDirectory C:\Users\phill\OneDrive\Desktop\Spring\Spring_Core Reference Material\spring-in-action-6-samples-main\ch01\taco-cloud\src\test\resources
