2024-03-14 11:59:33,758 [Worker-2: Loading available Gradle versions] INFO  o.e.b.c.i.u.g.PublishedGradleVersions - Gradle version information cache is up-to-date. Trying to read.
2024-03-14 12:00:05,362 [Worker-7: Importing Maven projects] INFO  o.e.m.c.i.l.LifecycleMappingFactory - Using NULL lifecycle mapping for MavenProject: sia:taco-cloud-parent:0.0.7-SNAPSHOT @ C:\Users\phill\OneDrive\Desktop\Spring\Spring_Core Reference Material\spring-in-action-6-samples-main\ch07\pom.xml.
2024-03-14 12:00:06,313 [Worker-7: Importing Maven projects] INFO  o.e.m.c.i.l.LifecycleMappingFactory - Using org.eclipse.m2e.jdt.JarLifecycleMapping lifecycle mapping for MavenProject: sia:tacocloud:0.0.7-SNAPSHOT @ C:\Users\phill\OneDrive\Desktop\Spring\Spring_Core Reference Material\spring-in-action-6-samples-main\ch07\tacocloud\pom.xml.
2024-03-14 12:00:07,994 [Worker-7: Importing Maven projects] INFO  o.e.m.c.i.p.WorkspaceClassifierResolverManager - Resolving P/tacocloud-data: sia:tacocloud-data:0.0.7-SNAPSHOT with classifier  to /tacocloud-data/target/classes
2024-03-14 12:00:08,032 [Worker-7: Importing Maven projects] INFO  o.e.m.c.i.p.WorkspaceClassifierResolverManager - Resolving P/tacocloud-domain: sia:tacocloud-domain:0.0.7-SNAPSHOT with classifier  to /tacocloud-domain/target/classes
2024-03-14 12:00:08,036 [Worker-7: Importing Maven projects] INFO  o.e.m.c.i.p.WorkspaceClassifierResolverManager - Resolving P/tacocloud-security: sia:tacocloud-security:0.0.7-SNAPSHOT with classifier  to /tacocloud-security/target/classes
2024-03-14 12:00:08,037 [Worker-7: Importing Maven projects] INFO  o.e.m.c.i.p.WorkspaceClassifierResolverManager - Resolving P/tacocloud-api: sia:tacocloud-api:0.0.7-SNAPSHOT with classifier  to /tacocloud-api/target/classes
2024-03-14 12:00:08,047 [Worker-7: Importing Maven projects] INFO  o.e.m.c.i.p.WorkspaceClassifierResolverManager - Resolving P/tacocloud-ui: sia:tacocloud-ui:0.0.7-SNAPSHOT with classifier  to /tacocloud-ui/target/classes
2024-03-14 12:00:08,244 [Worker-7: Importing Maven projects] INFO  o.e.m.c.i.l.LifecycleMappingFactory - Using org.eclipse.m2e.jdt.JarLifecycleMapping lifecycle mapping for MavenProject: sia:tacocloud-api:0.0.7-SNAPSHOT @ C:\Users\phill\OneDrive\Desktop\Spring\Spring_Core Reference Material\spring-in-action-6-samples-main\ch07\tacocloud-api\pom.xml.
2024-03-14 12:00:08,302 [Worker-7: Importing Maven projects] INFO  o.e.m.c.i.p.WorkspaceClassifierResolverManager - Resolving P/tacocloud-data: sia:tacocloud-data:0.0.7-SNAPSHOT with classifier  to /tacocloud-data/target/classes
2024-03-14 12:00:08,327 [Worker-7: Importing Maven projects] INFO  o.e.m.c.i.p.WorkspaceClassifierResolverManager - Resolving P/tacocloud-domain: sia:tacocloud-domain:0.0.7-SNAPSHOT with classifier  to /tacocloud-domain/target/classes
2024-03-14 12:00:08,332 [Worker-7: Importing Maven projects] INFO  o.e.m.c.i.p.WorkspaceClassifierResolverManager - Resolving P/tacocloud-security: sia:tacocloud-security:0.0.7-SNAPSHOT with classifier  to /tacocloud-security/target/classes
2024-03-14 12:00:08,543 [Worker-7: Importing Maven projects] INFO  o.e.m.c.i.l.LifecycleMappingFactory - Using org.eclipse.m2e.jdt.JarLifecycleMapping lifecycle mapping for MavenProject: sia:tacocloud-data:0.0.7-SNAPSHOT @ C:\Users\phill\OneDrive\Desktop\Spring\Spring_Core Reference Material\spring-in-action-6-samples-main\ch07\tacocloud-data\pom.xml.
2024-03-14 12:00:08,560 [Worker-7: Importing Maven projects] INFO  o.e.m.c.i.p.WorkspaceClassifierResolverManager - Resolving P/tacocloud-domain: sia:tacocloud-domain:0.0.7-SNAPSHOT with classifier  to /tacocloud-domain/target/classes
2024-03-14 12:00:08,808 [Worker-7: Importing Maven projects] INFO  o.e.m.c.i.l.LifecycleMappingFactory - Using org.eclipse.m2e.jdt.JarLifecycleMapping lifecycle mapping for MavenProject: sia:tacocloud-domain:0.0.7-SNAPSHOT @ C:\Users\phill\OneDrive\Desktop\Spring\Spring_Core Reference Material\spring-in-action-6-samples-main\ch07\tacocloud-domain\pom.xml.
2024-03-14 12:00:09,144 [Worker-7: Importing Maven projects] INFO  o.e.m.c.i.l.LifecycleMappingFactory - Using org.eclipse.m2e.jdt.JarLifecycleMapping lifecycle mapping for MavenProject: sia:tacocloud-restclient:0.0.7-SNAPSHOT @ C:\Users\phill\OneDrive\Desktop\Spring\Spring_Core Reference Material\spring-in-action-6-samples-main\ch07\tacocloud-restclient\pom.xml.
2024-03-14 12:00:09,158 [Worker-7: Importing Maven projects] INFO  o.e.m.c.i.p.WorkspaceClassifierResolverManager - Resolving P/tacocloud-domain: sia:tacocloud-domain:0.0.7-SNAPSHOT with classifier  to /tacocloud-domain/target/classes
2024-03-14 12:00:09,544 [Worker-7: Importing Maven projects] INFO  o.e.m.c.i.l.LifecycleMappingFactory - Using org.eclipse.m2e.jdt.JarLifecycleMapping lifecycle mapping for MavenProject: sia:tacocloud-security:0.0.7-SNAPSHOT @ C:\Users\phill\OneDrive\Desktop\Spring\Spring_Core Reference Material\spring-in-action-6-samples-main\ch07\tacocloud-security\pom.xml.
2024-03-14 12:00:09,558 [Worker-7: Importing Maven projects] INFO  o.e.m.c.i.p.WorkspaceClassifierResolverManager - Resolving P/tacocloud-data: sia:tacocloud-data:0.0.7-SNAPSHOT with classifier  to /tacocloud-data/target/classes
2024-03-14 12:00:09,595 [Worker-7: Importing Maven projects] INFO  o.e.m.c.i.p.WorkspaceClassifierResolverManager - Resolving P/tacocloud-domain: sia:tacocloud-domain:0.0.7-SNAPSHOT with classifier  to /tacocloud-domain/target/classes
2024-03-14 12:00:09,798 [Worker-7: Importing Maven projects] INFO  o.e.m.c.i.l.LifecycleMappingFactory - Using org.eclipse.m2e.jdt.JarLifecycleMapping lifecycle mapping for MavenProject: sia:tacocloud-web:0.0.7-SNAPSHOT @ C:\Users\phill\OneDrive\Desktop\Spring\Spring_Core Reference Material\spring-in-action-6-samples-main\ch07\tacocloud-web\pom.xml.
2024-03-14 12:00:10,040 [Worker-7: Importing Maven projects] INFO  o.e.m.c.i.p.WorkspaceClassifierResolverManager - Resolving P/tacocloud-data: sia:tacocloud-data:0.0.7-SNAPSHOT with classifier  to /tacocloud-data/target/classes
2024-03-14 12:00:10,063 [Worker-7: Importing Maven projects] INFO  o.e.m.c.i.p.WorkspaceClassifierResolverManager - Resolving P/tacocloud-domain: sia:tacocloud-domain:0.0.7-SNAPSHOT with classifier  to /tacocloud-domain/target/classes
2024-03-14 12:00:10,498 [Worker-7: Importing Maven projects] INFO  o.e.m.c.i.l.LifecycleMappingFactory - Using org.eclipse.m2e.jdt.JarLifecycleMapping lifecycle mapping for MavenProject: sia:tacocloud-ui:0.0.7-SNAPSHOT @ C:\Users\phill\OneDrive\Desktop\Spring\Spring_Core Reference Material\spring-in-action-6-samples-main\ch07\tacocloud-ui\pom.xml.
2024-03-14 12:00:10,621 [Worker-7: Importing Maven projects] INFO  o.e.m.c.i.l.LifecycleMappingFactory - Using org.eclipse.m2e.jdt.JarLifecycleMapping lifecycle mapping for MavenProject: sia:tacocloud:0.0.7-SNAPSHOT @ C:\Users\phill\OneDrive\Desktop\Spring\Spring_Core Reference Material\spring-in-action-6-samples-main\ch07\tacocloud\pom.xml.
2024-03-14 12:00:10,638 [Worker-7: Importing Maven projects] INFO  o.e.m.c.i.p.WorkspaceClassifierResolverManager - Resolving P/tacocloud-data: sia:tacocloud-data:0.0.7-SNAPSHOT with classifier  to /tacocloud-data/target/classes
2024-03-14 12:00:10,669 [Worker-7: Importing Maven projects] INFO  o.e.m.c.i.p.WorkspaceClassifierResolverManager - Resolving P/tacocloud-domain: sia:tacocloud-domain:0.0.7-SNAPSHOT with classifier  to /tacocloud-domain/target/classes
2024-03-14 12:00:10,673 [Worker-7: Importing Maven projects] INFO  o.e.m.c.i.p.WorkspaceClassifierResolverManager - Resolving P/tacocloud-security: sia:tacocloud-security:0.0.7-SNAPSHOT with classifier  to /tacocloud-security/target/classes
2024-03-14 12:00:10,674 [Worker-7: Importing Maven projects] INFO  o.e.m.c.i.p.WorkspaceClassifierResolverManager - Resolving P/tacocloud-api: sia:tacocloud-api:0.0.7-SNAPSHOT with classifier  to /tacocloud-api/target/classes
2024-03-14 12:00:10,681 [Worker-7: Importing Maven projects] INFO  o.e.m.c.i.p.WorkspaceClassifierResolverManager - Resolving P/tacocloud-ui: sia:tacocloud-ui:0.0.7-SNAPSHOT with classifier  to /tacocloud-ui/target/classes
2024-03-14 12:00:10,831 [Worker-7: Importing Maven projects] INFO  o.e.m.c.i.l.LifecycleMappingFactory - Using org.eclipse.m2e.jdt.JarLifecycleMapping lifecycle mapping for MavenProject: sia:tacocloud-api:0.0.7-SNAPSHOT @ C:\Users\phill\OneDrive\Desktop\Spring\Spring_Core Reference Material\spring-in-action-6-samples-main\ch07\tacocloud-api\pom.xml.
2024-03-14 12:00:10,843 [Worker-7: Importing Maven projects] INFO  o.e.m.c.i.p.WorkspaceClassifierResolverManager - Resolving P/tacocloud-data: sia:tacocloud-data:0.0.7-SNAPSHOT with classifier  to /tacocloud-data/target/classes
2024-03-14 12:00:10,867 [Worker-7: Importing Maven projects] INFO  o.e.m.c.i.p.WorkspaceClassifierResolverManager - Resolving P/tacocloud-domain: sia:tacocloud-domain:0.0.7-SNAPSHOT with classifier  to /tacocloud-domain/target/classes
2024-03-14 12:00:10,872 [Worker-7: Importing Maven projects] INFO  o.e.m.c.i.p.WorkspaceClassifierResolverManager - Resolving P/tacocloud-security: sia:tacocloud-security:0.0.7-SNAPSHOT with classifier  to /tacocloud-security/target/classes
2024-03-14 12:00:11,004 [Worker-7: Importing Maven projects] INFO  o.e.m.c.i.l.LifecycleMappingFactory - Using org.eclipse.m2e.jdt.JarLifecycleMapping lifecycle mapping for MavenProject: sia:tacocloud-data:0.0.7-SNAPSHOT @ C:\Users\phill\OneDrive\Desktop\Spring\Spring_Core Reference Material\spring-in-action-6-samples-main\ch07\tacocloud-data\pom.xml.
2024-03-14 12:00:11,016 [Worker-7: Importing Maven projects] INFO  o.e.m.c.i.p.WorkspaceClassifierResolverManager - Resolving P/tacocloud-domain: sia:tacocloud-domain:0.0.7-SNAPSHOT with classifier  to /tacocloud-domain/target/classes
2024-03-14 12:00:11,177 [Worker-7: Importing Maven projects] INFO  o.e.m.c.i.l.LifecycleMappingFactory - Using org.eclipse.m2e.jdt.JarLifecycleMapping lifecycle mapping for MavenProject: sia:tacocloud-security:0.0.7-SNAPSHOT @ C:\Users\phill\OneDrive\Desktop\Spring\Spring_Core Reference Material\spring-in-action-6-samples-main\ch07\tacocloud-security\pom.xml.
2024-03-14 12:00:11,188 [Worker-7: Importing Maven projects] INFO  o.e.m.c.i.p.WorkspaceClassifierResolverManager - Resolving P/tacocloud-data: sia:tacocloud-data:0.0.7-SNAPSHOT with classifier  to /tacocloud-data/target/classes
2024-03-14 12:00:11,221 [Worker-7: Importing Maven projects] INFO  o.e.m.c.i.p.WorkspaceClassifierResolverManager - Resolving P/tacocloud-domain: sia:tacocloud-domain:0.0.7-SNAPSHOT with classifier  to /tacocloud-domain/target/classes
2024-03-14 12:00:11,334 [Worker-7: Importing Maven projects] INFO  o.e.m.c.i.l.LifecycleMappingFactory - Using org.eclipse.m2e.jdt.JarLifecycleMapping lifecycle mapping for MavenProject: sia:tacocloud-web:0.0.7-SNAPSHOT @ C:\Users\phill\OneDrive\Desktop\Spring\Spring_Core Reference Material\spring-in-action-6-samples-main\ch07\tacocloud-web\pom.xml.
2024-03-14 12:00:11,355 [Worker-7: Importing Maven projects] INFO  o.e.m.c.i.p.WorkspaceClassifierResolverManager - Resolving P/tacocloud-data: sia:tacocloud-data:0.0.7-SNAPSHOT with classifier  to /tacocloud-data/target/classes
2024-03-14 12:00:11,381 [Worker-7: Importing Maven projects] INFO  o.e.m.c.i.p.WorkspaceClassifierResolverManager - Resolving P/tacocloud-domain: sia:tacocloud-domain:0.0.7-SNAPSHOT with classifier  to /tacocloud-domain/target/classes
2024-03-14 12:00:11,577 [Worker-7: Importing Maven projects] INFO  o.e.m.c.i.l.LifecycleMappingFactory - Using org.eclipse.m2e.jdt.JarLifecycleMapping lifecycle mapping for MavenProject: sia:tacocloud:0.0.7-SNAPSHOT @ C:\Users\phill\OneDrive\Desktop\Spring\Spring_Core Reference Material\spring-in-action-6-samples-main\ch07\tacocloud\pom.xml.
2024-03-14 12:00:11,595 [Worker-7: Importing Maven projects] INFO  o.e.m.c.i.p.WorkspaceClassifierResolverManager - Resolving P/tacocloud-data: sia:tacocloud-data:0.0.7-SNAPSHOT with classifier  to /tacocloud-data/target/classes
2024-03-14 12:00:11,628 [Worker-7: Importing Maven projects] INFO  o.e.m.c.i.p.WorkspaceClassifierResolverManager - Resolving P/tacocloud-domain: sia:tacocloud-domain:0.0.7-SNAPSHOT with classifier  to /tacocloud-domain/target/classes
2024-03-14 12:00:11,632 [Worker-7: Importing Maven projects] INFO  o.e.m.c.i.p.WorkspaceClassifierResolverManager - Resolving P/tacocloud-security: sia:tacocloud-security:0.0.7-SNAPSHOT with classifier  to /tacocloud-security/target/classes
2024-03-14 12:00:11,632 [Worker-7: Importing Maven projects] INFO  o.e.m.c.i.p.WorkspaceClassifierResolverManager - Resolving P/tacocloud-api: sia:tacocloud-api:0.0.7-SNAPSHOT with classifier  to /tacocloud-api/target/classes
2024-03-14 12:00:11,641 [Worker-7: Importing Maven projects] INFO  o.e.m.c.i.p.WorkspaceClassifierResolverManager - Resolving P/tacocloud-ui: sia:tacocloud-ui:0.0.7-SNAPSHOT with classifier  to /tacocloud-ui/target/classes
2024-03-14 12:00:11,792 [Worker-7: Importing Maven projects] INFO  o.e.m.c.i.l.LifecycleMappingFactory - Using org.eclipse.m2e.jdt.JarLifecycleMapping lifecycle mapping for MavenProject: sia:tacocloud-api:0.0.7-SNAPSHOT @ C:\Users\phill\OneDrive\Desktop\Spring\Spring_Core Reference Material\spring-in-action-6-samples-main\ch07\tacocloud-api\pom.xml.
2024-03-14 12:00:11,802 [Worker-7: Importing Maven projects] INFO  o.e.m.c.i.p.WorkspaceClassifierResolverManager - Resolving P/tacocloud-data: sia:tacocloud-data:0.0.7-SNAPSHOT with classifier  to /tacocloud-data/target/classes
2024-03-14 12:00:11,826 [Worker-7: Importing Maven projects] INFO  o.e.m.c.i.p.WorkspaceClassifierResolverManager - Resolving P/tacocloud-domain: sia:tacocloud-domain:0.0.7-SNAPSHOT with classifier  to /tacocloud-domain/target/classes
2024-03-14 12:00:11,830 [Worker-7: Importing Maven projects] INFO  o.e.m.c.i.p.WorkspaceClassifierResolverManager - Resolving P/tacocloud-security: sia:tacocloud-security:0.0.7-SNAPSHOT with classifier  to /tacocloud-security/target/classes
2024-03-14 12:00:11,958 [Worker-7: Importing Maven projects] INFO  o.e.m.c.i.l.LifecycleMappingFactory - Using org.eclipse.m2e.jdt.JarLifecycleMapping lifecycle mapping for MavenProject: sia:tacocloud:0.0.7-SNAPSHOT @ C:\Users\phill\OneDrive\Desktop\Spring\Spring_Core Reference Material\spring-in-action-6-samples-main\ch07\tacocloud\pom.xml.
2024-03-14 12:00:11,974 [Worker-7: Importing Maven projects] INFO  o.e.m.c.i.p.WorkspaceClassifierResolverManager - Resolving P/tacocloud-data: sia:tacocloud-data:0.0.7-SNAPSHOT with classifier  to /tacocloud-data/target/classes
2024-03-14 12:00:12,007 [Worker-7: Importing Maven projects] INFO  o.e.m.c.i.p.WorkspaceClassifierResolverManager - Resolving P/tacocloud-domain: sia:tacocloud-domain:0.0.7-SNAPSHOT with classifier  to /tacocloud-domain/target/classes
2024-03-14 12:00:12,011 [Worker-7: Importing Maven projects] INFO  o.e.m.c.i.p.WorkspaceClassifierResolverManager - Resolving P/tacocloud-security: sia:tacocloud-security:0.0.7-SNAPSHOT with classifier  to /tacocloud-security/target/classes
2024-03-14 12:00:12,011 [Worker-7: Importing Maven projects] INFO  o.e.m.c.i.p.WorkspaceClassifierResolverManager - Resolving P/tacocloud-api: sia:tacocloud-api:0.0.7-SNAPSHOT with classifier  to /tacocloud-api/target/classes
2024-03-14 12:00:12,017 [Worker-7: Importing Maven projects] INFO  o.e.m.c.i.p.WorkspaceClassifierResolverManager - Resolving P/tacocloud-ui: sia:tacocloud-ui:0.0.7-SNAPSHOT with classifier  to /tacocloud-ui/target/classes
2024-03-14 12:00:17,351 [Worker-7: Importing Maven projects] INFO  o.e.m.j.i.AbstractJavaProjectConfigurator - Adding source folder /tacocloud-domain/src/main/java
2024-03-14 12:00:17,352 [Worker-7: Importing Maven projects] INFO  o.e.m.j.i.AbstractJavaProjectConfigurator - Adding resource folder /tacocloud-domain/src/main/resources
2024-03-14 12:00:17,352 [Worker-7: Importing Maven projects] INFO  o.e.m.j.i.AbstractJavaProjectConfigurator - Adding resource folder /tacocloud-domain/src/main/resources
2024-03-14 12:00:17,353 [Worker-7: Importing Maven projects] INFO  o.e.m.j.i.AbstractJavaProjectConfigurator - Adding source folder /tacocloud-domain/src/test/java
2024-03-14 12:00:17,354 [Worker-7: Importing Maven projects] INFO  o.e.m.j.i.AbstractJavaProjectConfigurator - Adding resource folder /tacocloud-domain/src/test/resources
2024-03-14 12:00:18,062 [Worker-7: Importing Maven projects] INFO  o.e.m.j.i.AbstractJavaProjectConfigurator - Adding source folder /tacocloud-data/src/main/java
2024-03-14 12:00:18,062 [Worker-7: Importing Maven projects] INFO  o.e.m.j.i.AbstractJavaProjectConfigurator - Adding resource folder /tacocloud-data/src/main/resources
2024-03-14 12:00:18,062 [Worker-7: Importing Maven projects] INFO  o.e.m.j.i.AbstractJavaProjectConfigurator - Adding resource folder /tacocloud-data/src/main/resources
2024-03-14 12:00:18,063 [Worker-7: Importing Maven projects] INFO  o.e.m.j.i.AbstractJavaProjectConfigurator - Adding source folder /tacocloud-data/src/test/java
2024-03-14 12:00:18,063 [Worker-7: Importing Maven projects] INFO  o.e.m.j.i.AbstractJavaProjectConfigurator - Adding resource folder /tacocloud-data/src/test/resources
2024-03-14 12:00:19,191 [Worker-7: Importing Maven projects] INFO  o.e.m.j.i.AbstractJavaProjectConfigurator - Adding source folder /tacocloud-security/src/main/java
2024-03-14 12:00:19,192 [Worker-7: Importing Maven projects] INFO  o.e.m.j.i.AbstractJavaProjectConfigurator - Adding resource folder /tacocloud-security/src/main/resources
2024-03-14 12:00:19,192 [Worker-7: Importing Maven projects] INFO  o.e.m.j.i.AbstractJavaProjectConfigurator - Adding resource folder /tacocloud-security/src/main/resources
2024-03-14 12:00:19,192 [Worker-7: Importing Maven projects] INFO  o.e.m.j.i.AbstractJavaProjectConfigurator - Adding source folder /tacocloud-security/src/test/java
2024-03-14 12:00:19,192 [Worker-7: Importing Maven projects] INFO  o.e.m.j.i.AbstractJavaProjectConfigurator - Adding resource folder /tacocloud-security/src/test/resources
2024-03-14 12:00:19,894 [Worker-7: Importing Maven projects] INFO  o.e.m.j.i.AbstractJavaProjectConfigurator - Adding source folder /tacocloud-api/src/main/java
2024-03-14 12:00:19,894 [Worker-7: Importing Maven projects] INFO  o.e.m.j.i.AbstractJavaProjectConfigurator - Adding resource folder /tacocloud-api/src/main/resources
2024-03-14 12:00:19,894 [Worker-7: Importing Maven projects] INFO  o.e.m.j.i.AbstractJavaProjectConfigurator - Adding resource folder /tacocloud-api/src/main/resources
2024-03-14 12:00:19,895 [Worker-7: Importing Maven projects] INFO  o.e.m.j.i.AbstractJavaProjectConfigurator - Adding source folder /tacocloud-api/src/test/java
2024-03-14 12:00:19,895 [Worker-7: Importing Maven projects] INFO  o.e.m.j.i.AbstractJavaProjectConfigurator - Adding resource folder /tacocloud-api/src/test/resources
2024-03-14 12:00:22,563 [Worker-7: Importing Maven projects] INFO  c.g.e.m.p.f.lib.NodeInstaller - Node v6.9.1 is already installed.
2024-03-14 12:00:23,591 [Worker-7: Importing Maven projects] INFO  o.e.m.j.i.AbstractJavaProjectConfigurator - Adding source folder /tacocloud-ui/src/main/java
2024-03-14 12:00:23,591 [Worker-7: Importing Maven projects] INFO  o.e.m.j.i.AbstractJavaProjectConfigurator - Adding resource folder /tacocloud-ui/dist
2024-03-14 12:00:23,592 [Worker-7: Importing Maven projects] INFO  o.e.m.j.i.AbstractJavaProjectConfigurator - Adding source folder /tacocloud-ui/src/test/java
2024-03-14 12:00:23,592 [Worker-7: Importing Maven projects] INFO  o.e.m.j.i.AbstractJavaProjectConfigurator - Adding resource folder /tacocloud-ui/src/test/resources
2024-03-14 12:00:23,885 [Worker-7: Importing Maven projects] INFO  o.e.m.j.i.AbstractJavaProjectConfigurator - Adding source folder /tacocloud/src/main/java
2024-03-14 12:00:23,885 [Worker-7: Importing Maven projects] INFO  o.e.m.j.i.AbstractJavaProjectConfigurator - Adding resource folder /tacocloud/src/main/resources
2024-03-14 12:00:23,885 [Worker-7: Importing Maven projects] INFO  o.e.m.j.i.AbstractJavaProjectConfigurator - Adding resource folder /tacocloud/src/main/resources
2024-03-14 12:00:23,886 [Worker-7: Importing Maven projects] INFO  o.e.m.j.i.AbstractJavaProjectConfigurator - Adding source folder /tacocloud/src/test/java
2024-03-14 12:00:23,886 [Worker-7: Importing Maven projects] INFO  o.e.m.j.i.AbstractJavaProjectConfigurator - Adding resource folder /tacocloud/src/test/resources
2024-03-14 12:00:24,714 [Worker-7: Importing Maven projects] INFO  o.e.m.j.i.AbstractJavaProjectConfigurator - Adding source folder /tacocloud-restclient/src/main/java
2024-03-14 12:00:24,714 [Worker-7: Importing Maven projects] INFO  o.e.m.j.i.AbstractJavaProjectConfigurator - Adding resource folder /tacocloud-restclient/src/main/resources
2024-03-14 12:00:24,715 [Worker-7: Importing Maven projects] INFO  o.e.m.j.i.AbstractJavaProjectConfigurator - Adding resource folder /tacocloud-restclient/src/main/resources
2024-03-14 12:00:24,715 [Worker-7: Importing Maven projects] INFO  o.e.m.j.i.AbstractJavaProjectConfigurator - Adding source folder /tacocloud-restclient/src/test/java
2024-03-14 12:00:24,716 [Worker-7: Importing Maven projects] INFO  o.e.m.j.i.AbstractJavaProjectConfigurator - Adding resource folder /tacocloud-restclient/src/test/resources
2024-03-14 12:00:25,446 [Worker-7: Importing Maven projects] INFO  o.e.m.j.i.AbstractJavaProjectConfigurator - Adding source folder /tacocloud-web/src/main/java
2024-03-14 12:00:25,446 [Worker-7: Importing Maven projects] INFO  o.e.m.j.i.AbstractJavaProjectConfigurator - Adding resource folder /tacocloud-web/src/main/resources
2024-03-14 12:00:25,447 [Worker-7: Importing Maven projects] INFO  o.e.m.j.i.AbstractJavaProjectConfigurator - Adding resource folder /tacocloud-web/src/main/resources
2024-03-14 12:00:25,448 [Worker-7: Importing Maven projects] INFO  o.e.m.j.i.AbstractJavaProjectConfigurator - Adding source folder /tacocloud-web/src/test/java
2024-03-14 12:00:25,448 [Worker-7: Importing Maven projects] INFO  o.e.m.j.i.AbstractJavaProjectConfigurator - Adding resource folder /tacocloud-web/src/test/resources
2024-03-14 12:00:26,187 [Worker-7: Importing Maven projects] INFO  o.e.m.c.i.p.ProjectConfigurationManager - Imported and configured 9 project(s) in 27 sec
2024-03-14 12:00:26,548 [Worker-13: Updating Maven Project] INFO  o.e.m.c.i.p.ProjectConfigurationManager - Update started
2024-03-14 12:00:30,387 [Worker-13: Updating Maven Project] INFO  o.e.m.c.i.l.LifecycleMappingFactory - Using NULL lifecycle mapping for MavenProject: sia:taco-cloud-parent:0.0.7-SNAPSHOT @ C:\Users\phill\OneDrive\Desktop\Spring\Spring_Core Reference Material\spring-in-action-6-samples-main\ch07\pom.xml.
2024-03-14 12:00:30,483 [Worker-13: Updating Maven Project] INFO  o.e.m.c.i.l.LifecycleMappingFactory - Using org.eclipse.m2e.jdt.JarLifecycleMapping lifecycle mapping for MavenProject: sia:tacocloud:0.0.7-SNAPSHOT @ C:\Users\phill\OneDrive\Desktop\Spring\Spring_Core Reference Material\spring-in-action-6-samples-main\ch07\tacocloud\pom.xml.
2024-03-14 12:00:31,116 [Worker-13: Updating Maven Project] INFO  o.e.m.c.i.p.WorkspaceClassifierResolverManager - Resolving P/tacocloud-data: sia:tacocloud-data:0.0.7-SNAPSHOT with classifier  to /tacocloud-data/target/classes
2024-03-14 12:00:31,150 [Worker-13: Updating Maven Project] INFO  o.e.m.c.i.p.WorkspaceClassifierResolverManager - Resolving P/tacocloud-domain: sia:tacocloud-domain:0.0.7-SNAPSHOT with classifier  to /tacocloud-domain/target/classes
2024-03-14 12:00:31,153 [Worker-13: Updating Maven Project] INFO  o.e.m.c.i.p.WorkspaceClassifierResolverManager - Resolving P/tacocloud-security: sia:tacocloud-security:0.0.7-SNAPSHOT with classifier  to /tacocloud-security/target/classes
2024-03-14 12:00:31,153 [Worker-13: Updating Maven Project] INFO  o.e.m.c.i.p.WorkspaceClassifierResolverManager - Resolving P/tacocloud-api: sia:tacocloud-api:0.0.7-SNAPSHOT with classifier  to /tacocloud-api/target/classes
2024-03-14 12:00:31,160 [Worker-13: Updating Maven Project] INFO  o.e.m.c.i.p.WorkspaceClassifierResolverManager - Resolving P/tacocloud-ui: sia:tacocloud-ui:0.0.7-SNAPSHOT with classifier  to /tacocloud-ui/target/classes
2024-03-14 12:00:31,306 [Worker-13: Updating Maven Project] INFO  o.e.m.c.i.l.LifecycleMappingFactory - Using org.eclipse.m2e.jdt.JarLifecycleMapping lifecycle mapping for MavenProject: sia:tacocloud-api:0.0.7-SNAPSHOT @ C:\Users\phill\OneDrive\Desktop\Spring\Spring_Core Reference Material\spring-in-action-6-samples-main\ch07\tacocloud-api\pom.xml.
2024-03-14 12:00:31,329 [Worker-13: Updating Maven Project] INFO  o.e.m.c.i.p.WorkspaceClassifierResolverManager - Resolving P/tacocloud-data: sia:tacocloud-data:0.0.7-SNAPSHOT with classifier  to /tacocloud-data/target/classes
2024-03-14 12:00:31,352 [Worker-13: Updating Maven Project] INFO  o.e.m.c.i.p.WorkspaceClassifierResolverManager - Resolving P/tacocloud-domain: sia:tacocloud-domain:0.0.7-SNAPSHOT with classifier  to /tacocloud-domain/target/classes
2024-03-14 12:00:31,355 [Worker-13: Updating Maven Project] INFO  o.e.m.c.i.p.WorkspaceClassifierResolverManager - Resolving P/tacocloud-security: sia:tacocloud-security:0.0.7-SNAPSHOT with classifier  to /tacocloud-security/target/classes
2024-03-14 12:00:31,475 [Worker-13: Updating Maven Project] INFO  o.e.m.c.i.l.LifecycleMappingFactory - Using org.eclipse.m2e.jdt.JarLifecycleMapping lifecycle mapping for MavenProject: sia:tacocloud-data:0.0.7-SNAPSHOT @ C:\Users\phill\OneDrive\Desktop\Spring\Spring_Core Reference Material\spring-in-action-6-samples-main\ch07\tacocloud-data\pom.xml.
2024-03-14 12:00:31,485 [Worker-13: Updating Maven Project] INFO  o.e.m.c.i.p.WorkspaceClassifierResolverManager - Resolving P/tacocloud-domain: sia:tacocloud-domain:0.0.7-SNAPSHOT with classifier  to /tacocloud-domain/target/classes
2024-03-14 12:00:31,635 [Worker-13: Updating Maven Project] INFO  o.e.m.c.i.l.LifecycleMappingFactory - Using org.eclipse.m2e.jdt.JarLifecycleMapping lifecycle mapping for MavenProject: sia:tacocloud-domain:0.0.7-SNAPSHOT @ C:\Users\phill\OneDrive\Desktop\Spring\Spring_Core Reference Material\spring-in-action-6-samples-main\ch07\tacocloud-domain\pom.xml.
2024-03-14 12:00:31,827 [Worker-13: Updating Maven Project] INFO  o.e.m.c.i.l.LifecycleMappingFactory - Using org.eclipse.m2e.jdt.JarLifecycleMapping lifecycle mapping for MavenProject: sia:tacocloud-restclient:0.0.7-SNAPSHOT @ C:\Users\phill\OneDrive\Desktop\Spring\Spring_Core Reference Material\spring-in-action-6-samples-main\ch07\tacocloud-restclient\pom.xml.
2024-03-14 12:00:31,839 [Worker-13: Updating Maven Project] INFO  o.e.m.c.i.p.WorkspaceClassifierResolverManager - Resolving P/tacocloud-domain: sia:tacocloud-domain:0.0.7-SNAPSHOT with classifier  to /tacocloud-domain/target/classes
2024-03-14 12:00:32,018 [Worker-13: Updating Maven Project] INFO  o.e.m.c.i.l.LifecycleMappingFactory - Using org.eclipse.m2e.jdt.JarLifecycleMapping lifecycle mapping for MavenProject: sia:tacocloud-security:0.0.7-SNAPSHOT @ C:\Users\phill\OneDrive\Desktop\Spring\Spring_Core Reference Material\spring-in-action-6-samples-main\ch07\tacocloud-security\pom.xml.
2024-03-14 12:00:32,028 [Worker-13: Updating Maven Project] INFO  o.e.m.c.i.p.WorkspaceClassifierResolverManager - Resolving P/tacocloud-data: sia:tacocloud-data:0.0.7-SNAPSHOT with classifier  to /tacocloud-data/target/classes
2024-03-14 12:00:32,067 [Worker-13: Updating Maven Project] INFO  o.e.m.c.i.p.WorkspaceClassifierResolverManager - Resolving P/tacocloud-domain: sia:tacocloud-domain:0.0.7-SNAPSHOT with classifier  to /tacocloud-domain/target/classes
2024-03-14 12:00:32,215 [Worker-13: Updating Maven Project] INFO  o.e.m.c.i.l.LifecycleMappingFactory - Using org.eclipse.m2e.jdt.JarLifecycleMapping lifecycle mapping for MavenProject: sia:tacocloud-ui:0.0.7-SNAPSHOT @ C:\Users\phill\OneDrive\Desktop\Spring\Spring_Core Reference Material\spring-in-action-6-samples-main\ch07\tacocloud-ui\pom.xml.
2024-03-14 12:00:32,305 [Worker-13: Updating Maven Project] INFO  o.e.m.c.i.l.LifecycleMappingFactory - Using org.eclipse.m2e.jdt.JarLifecycleMapping lifecycle mapping for MavenProject: sia:tacocloud-web:0.0.7-SNAPSHOT @ C:\Users\phill\OneDrive\Desktop\Spring\Spring_Core Reference Material\spring-in-action-6-samples-main\ch07\tacocloud-web\pom.xml.
2024-03-14 12:00:32,359 [Worker-13: Updating Maven Project] INFO  o.e.m.c.i.p.WorkspaceClassifierResolverManager - Resolving P/tacocloud-data: sia:tacocloud-data:0.0.7-SNAPSHOT with classifier  to /tacocloud-data/target/classes
2024-03-14 12:00:32,388 [Worker-13: Updating Maven Project] INFO  o.e.m.c.i.p.WorkspaceClassifierResolverManager - Resolving P/tacocloud-domain: sia:tacocloud-domain:0.0.7-SNAPSHOT with classifier  to /tacocloud-domain/target/classes
2024-03-14 12:00:35,172 [Worker-13: Updating Maven Project] INFO  o.e.m.j.i.AbstractJavaProjectConfigurator - Adding source folder /tacocloud/src/main/java
2024-03-14 12:00:35,172 [Worker-13: Updating Maven Project] INFO  o.e.m.j.i.AbstractJavaProjectConfigurator - Adding resource folder /tacocloud/src/main/resources
2024-03-14 12:00:35,172 [Worker-13: Updating Maven Project] INFO  o.e.m.j.i.AbstractJavaProjectConfigurator - Adding resource folder /tacocloud/src/main/resources
2024-03-14 12:00:35,173 [Worker-13: Updating Maven Project] INFO  o.e.m.j.i.AbstractJavaProjectConfigurator - Adding source folder /tacocloud/src/test/java
2024-03-14 12:00:35,173 [Worker-13: Updating Maven Project] INFO  o.e.m.j.i.AbstractJavaProjectConfigurator - Adding resource folder /tacocloud/src/test/resources
2024-03-14 12:00:35,791 [Worker-13: Updating Maven Project] INFO  o.e.m.j.i.AbstractJavaProjectConfigurator - Adding source folder /tacocloud-api/src/main/java
2024-03-14 12:00:35,791 [Worker-13: Updating Maven Project] INFO  o.e.m.j.i.AbstractJavaProjectConfigurator - Adding resource folder /tacocloud-api/src/main/resources
2024-03-14 12:00:35,791 [Worker-13: Updating Maven Project] INFO  o.e.m.j.i.AbstractJavaProjectConfigurator - Adding resource folder /tacocloud-api/src/main/resources
2024-03-14 12:00:35,791 [Worker-13: Updating Maven Project] INFO  o.e.m.j.i.AbstractJavaProjectConfigurator - Adding source folder /tacocloud-api/src/test/java
2024-03-14 12:00:35,791 [Worker-13: Updating Maven Project] INFO  o.e.m.j.i.AbstractJavaProjectConfigurator - Adding resource folder /tacocloud-api/src/test/resources
2024-03-14 12:00:36,271 [Worker-13: Updating Maven Project] INFO  o.e.m.j.i.AbstractJavaProjectConfigurator - Adding source folder /tacocloud-data/src/main/java
2024-03-14 12:00:36,271 [Worker-13: Updating Maven Project] INFO  o.e.m.j.i.AbstractJavaProjectConfigurator - Adding resource folder /tacocloud-data/src/main/resources
2024-03-14 12:00:36,272 [Worker-13: Updating Maven Project] INFO  o.e.m.j.i.AbstractJavaProjectConfigurator - Adding resource folder /tacocloud-data/src/main/resources
2024-03-14 12:00:36,272 [Worker-13: Updating Maven Project] INFO  o.e.m.j.i.AbstractJavaProjectConfigurator - Adding source folder /tacocloud-data/src/test/java
2024-03-14 12:00:36,272 [Worker-13: Updating Maven Project] INFO  o.e.m.j.i.AbstractJavaProjectConfigurator - Adding resource folder /tacocloud-data/src/test/resources
2024-03-14 12:00:36,866 [Worker-13: Updating Maven Project] INFO  o.e.m.j.i.AbstractJavaProjectConfigurator - Adding source folder /tacocloud-domain/src/main/java
2024-03-14 12:00:36,866 [Worker-13: Updating Maven Project] INFO  o.e.m.j.i.AbstractJavaProjectConfigurator - Adding resource folder /tacocloud-domain/src/main/resources
2024-03-14 12:00:36,866 [Worker-13: Updating Maven Project] INFO  o.e.m.j.i.AbstractJavaProjectConfigurator - Adding resource folder /tacocloud-domain/src/main/resources
2024-03-14 12:00:36,866 [Worker-13: Updating Maven Project] INFO  o.e.m.j.i.AbstractJavaProjectConfigurator - Adding source folder /tacocloud-domain/src/test/java
2024-03-14 12:00:36,867 [Worker-13: Updating Maven Project] INFO  o.e.m.j.i.AbstractJavaProjectConfigurator - Adding resource folder /tacocloud-domain/src/test/resources
2024-03-14 12:00:37,401 [Worker-13: Updating Maven Project] INFO  o.e.m.j.i.AbstractJavaProjectConfigurator - Adding source folder /tacocloud-restclient/src/main/java
2024-03-14 12:00:37,401 [Worker-13: Updating Maven Project] INFO  o.e.m.j.i.AbstractJavaProjectConfigurator - Adding resource folder /tacocloud-restclient/src/main/resources
2024-03-14 12:00:37,402 [Worker-13: Updating Maven Project] INFO  o.e.m.j.i.AbstractJavaProjectConfigurator - Adding resource folder /tacocloud-restclient/src/main/resources
2024-03-14 12:00:37,402 [Worker-13: Updating Maven Project] INFO  o.e.m.j.i.AbstractJavaProjectConfigurator - Adding source folder /tacocloud-restclient/src/test/java
2024-03-14 12:00:37,403 [Worker-13: Updating Maven Project] INFO  o.e.m.j.i.AbstractJavaProjectConfigurator - Adding resource folder /tacocloud-restclient/src/test/resources
2024-03-14 12:00:37,958 [Worker-13: Updating Maven Project] INFO  o.e.m.j.i.AbstractJavaProjectConfigurator - Adding source folder /tacocloud-security/src/main/java
2024-03-14 12:00:37,958 [Worker-13: Updating Maven Project] INFO  o.e.m.j.i.AbstractJavaProjectConfigurator - Adding resource folder /tacocloud-security/src/main/resources
2024-03-14 12:00:37,958 [Worker-13: Updating Maven Project] INFO  o.e.m.j.i.AbstractJavaProjectConfigurator - Adding resource folder /tacocloud-security/src/main/resources
2024-03-14 12:00:37,958 [Worker-13: Updating Maven Project] INFO  o.e.m.j.i.AbstractJavaProjectConfigurator - Adding source folder /tacocloud-security/src/test/java
2024-03-14 12:00:37,958 [Worker-13: Updating Maven Project] INFO  o.e.m.j.i.AbstractJavaProjectConfigurator - Adding resource folder /tacocloud-security/src/test/resources
2024-03-14 12:00:38,950 [Worker-13: Updating Maven Project] INFO  c.g.e.m.p.f.lib.NodeInstaller - Node v6.9.1 is already installed.
2024-03-14 12:00:39,440 [Worker-13: Updating Maven Project] INFO  o.e.m.j.i.AbstractJavaProjectConfigurator - Adding source folder /tacocloud-ui/src/main/java
2024-03-14 12:00:39,440 [Worker-13: Updating Maven Project] INFO  o.e.m.j.i.AbstractJavaProjectConfigurator - Adding resource folder /tacocloud-ui/dist
2024-03-14 12:00:39,441 [Worker-13: Updating Maven Project] INFO  o.e.m.j.i.AbstractJavaProjectConfigurator - Adding source folder /tacocloud-ui/src/test/java
2024-03-14 12:00:39,441 [Worker-13: Updating Maven Project] INFO  o.e.m.j.i.AbstractJavaProjectConfigurator - Adding resource folder /tacocloud-ui/src/test/resources
2024-03-14 12:00:39,543 [Worker-13: Updating Maven Project] INFO  o.e.m.j.i.AbstractJavaProjectConfigurator - Adding source folder /tacocloud-web/src/main/java
2024-03-14 12:00:39,543 [Worker-13: Updating Maven Project] INFO  o.e.m.j.i.AbstractJavaProjectConfigurator - Adding resource folder /tacocloud-web/src/main/resources
2024-03-14 12:00:39,543 [Worker-13: Updating Maven Project] INFO  o.e.m.j.i.AbstractJavaProjectConfigurator - Adding resource folder /tacocloud-web/src/main/resources
2024-03-14 12:00:39,543 [Worker-13: Updating Maven Project] INFO  o.e.m.j.i.AbstractJavaProjectConfigurator - Adding source folder /tacocloud-web/src/test/java
2024-03-14 12:00:39,544 [Worker-13: Updating Maven Project] INFO  o.e.m.j.i.AbstractJavaProjectConfigurator - Adding resource folder /tacocloud-web/src/test/resources
2024-03-14 12:00:41,598 [Worker-13: Updating Maven Project] INFO  o.e.m.c.i.p.ProjectConfigurationManager - Update completed for 9 poms: local refresh takes 1,00 sec, refresh facades takes 7,00 sec, update config takes 4,00 sec 
2024-03-14 12:00:42,663 [Worker-8: Building] INFO  o.e.m.c.i.embedder.EclipseLogger - Using 'UTF-8' encoding to copy filtered resources.
2024-03-14 12:00:42,663 [Worker-8: Building] INFO  o.e.m.c.i.embedder.EclipseLogger - Using 'UTF-8' encoding to copy filtered properties files.
2024-03-14 12:00:42,663 [Worker-8: Building] INFO  o.e.m.c.i.embedder.EclipseLogger - skip non existing resourceDirectory C:\Users\phill\OneDrive\Desktop\Spring\Spring_Core Reference Material\spring-in-action-6-samples-main\ch07\tacocloud-domain\src\main\resources
2024-03-14 12:00:42,663 [Worker-8: Building] INFO  o.e.m.c.i.embedder.EclipseLogger - skip non existing resourceDirectory C:\Users\phill\OneDrive\Desktop\Spring\Spring_Core Reference Material\spring-in-action-6-samples-main\ch07\tacocloud-domain\src\main\resources
2024-03-14 12:00:42,669 [Worker-8: Building] INFO  o.e.m.c.i.embedder.EclipseLogger - Using 'UTF-8' encoding to copy filtered resources.
2024-03-14 12:00:42,670 [Worker-8: Building] INFO  o.e.m.c.i.embedder.EclipseLogger - Using 'UTF-8' encoding to copy filtered properties files.
2024-03-14 12:00:42,671 [Worker-8: Building] INFO  o.e.m.c.i.embedder.EclipseLogger - skip non existing resourceDirectory C:\Users\phill\OneDrive\Desktop\Spring\Spring_Core Reference Material\spring-in-action-6-samples-main\ch07\tacocloud-domain\src\test\resources
2024-03-14 12:00:43,504 [Worker-8: Building] INFO  o.e.m.c.i.embedder.EclipseLogger - Using 'UTF-8' encoding to copy filtered resources.
2024-03-14 12:00:43,504 [Worker-8: Building] INFO  o.e.m.c.i.embedder.EclipseLogger - Using 'UTF-8' encoding to copy filtered properties files.
2024-03-14 12:00:43,504 [Worker-8: Building] INFO  o.e.m.c.i.embedder.EclipseLogger - skip non existing resourceDirectory C:\Users\phill\OneDrive\Desktop\Spring\Spring_Core Reference Material\spring-in-action-6-samples-main\ch07\tacocloud-data\src\main\resources
2024-03-14 12:00:43,504 [Worker-8: Building] INFO  o.e.m.c.i.embedder.EclipseLogger - skip non existing resourceDirectory C:\Users\phill\OneDrive\Desktop\Spring\Spring_Core Reference Material\spring-in-action-6-samples-main\ch07\tacocloud-data\src\main\resources
2024-03-14 12:00:43,508 [Worker-8: Building] INFO  o.e.m.c.i.embedder.EclipseLogger - Using 'UTF-8' encoding to copy filtered resources.
2024-03-14 12:00:43,508 [Worker-8: Building] INFO  o.e.m.c.i.embedder.EclipseLogger - Using 'UTF-8' encoding to copy filtered properties files.
2024-03-14 12:00:43,508 [Worker-8: Building] INFO  o.e.m.c.i.embedder.EclipseLogger - skip non existing resourceDirectory C:\Users\phill\OneDrive\Desktop\Spring\Spring_Core Reference Material\spring-in-action-6-samples-main\ch07\tacocloud-data\src\test\resources
2024-03-14 12:00:44,140 [Worker-8: Building] INFO  o.e.m.c.i.embedder.EclipseLogger - Using 'UTF-8' encoding to copy filtered resources.
2024-03-14 12:00:44,141 [Worker-8: Building] INFO  o.e.m.c.i.embedder.EclipseLogger - Using 'UTF-8' encoding to copy filtered properties files.
2024-03-14 12:00:44,148 [Worker-8: Building] INFO  o.e.m.c.i.embedder.EclipseLogger - Copying 1 resource
2024-03-14 12:00:44,186 [Worker-8: Building] INFO  o.e.m.c.i.embedder.EclipseLogger - Copying 16 resources
2024-03-14 12:00:44,569 [Worker-8: Building] INFO  o.e.m.c.i.embedder.EclipseLogger - Using 'UTF-8' encoding to copy filtered resources.
2024-03-14 12:00:44,569 [Worker-8: Building] INFO  o.e.m.c.i.embedder.EclipseLogger - Using 'UTF-8' encoding to copy filtered properties files.
2024-03-14 12:00:44,569 [Worker-8: Building] INFO  o.e.m.c.i.embedder.EclipseLogger - skip non existing resourceDirectory C:\Users\phill\OneDrive\Desktop\Spring\Spring_Core Reference Material\spring-in-action-6-samples-main\ch07\tacocloud-restclient\src\test\resources
2024-03-14 12:00:45,225 [Worker-8: Building] INFO  o.e.m.c.i.embedder.EclipseLogger - Using 'UTF-8' encoding to copy filtered resources.
2024-03-14 12:00:45,225 [Worker-8: Building] INFO  o.e.m.c.i.embedder.EclipseLogger - Using 'UTF-8' encoding to copy filtered properties files.
2024-03-14 12:00:45,225 [Worker-8: Building] INFO  o.e.m.c.i.embedder.EclipseLogger - skip non existing resourceDirectory C:\Users\phill\OneDrive\Desktop\Spring\Spring_Core Reference Material\spring-in-action-6-samples-main\ch07\tacocloud-security\src\main\resources
2024-03-14 12:00:45,225 [Worker-8: Building] INFO  o.e.m.c.i.embedder.EclipseLogger - skip non existing resourceDirectory C:\Users\phill\OneDrive\Desktop\Spring\Spring_Core Reference Material\spring-in-action-6-samples-main\ch07\tacocloud-security\src\main\resources
2024-03-14 12:00:45,232 [Worker-8: Building] INFO  o.e.m.c.i.embedder.EclipseLogger - Using 'UTF-8' encoding to copy filtered resources.
2024-03-14 12:00:45,232 [Worker-8: Building] INFO  o.e.m.c.i.embedder.EclipseLogger - Using 'UTF-8' encoding to copy filtered properties files.
2024-03-14 12:00:45,232 [Worker-8: Building] INFO  o.e.m.c.i.embedder.EclipseLogger - skip non existing resourceDirectory C:\Users\phill\OneDrive\Desktop\Spring\Spring_Core Reference Material\spring-in-action-6-samples-main\ch07\tacocloud-security\src\test\resources
2024-03-14 12:00:45,817 [Worker-8: Building] INFO  o.e.m.c.i.embedder.EclipseLogger - Using 'UTF-8' encoding to copy filtered resources.
2024-03-14 12:00:45,817 [Worker-8: Building] INFO  o.e.m.c.i.embedder.EclipseLogger - Using 'UTF-8' encoding to copy filtered properties files.
2024-03-14 12:00:45,818 [Worker-8: Building] INFO  o.e.m.c.i.embedder.EclipseLogger - skip non existing resourceDirectory C:\Users\phill\OneDrive\Desktop\Spring\Spring_Core Reference Material\spring-in-action-6-samples-main\ch07\tacocloud-api\src\main\resources
2024-03-14 12:00:45,818 [Worker-8: Building] INFO  o.e.m.c.i.embedder.EclipseLogger - skip non existing resourceDirectory C:\Users\phill\OneDrive\Desktop\Spring\Spring_Core Reference Material\spring-in-action-6-samples-main\ch07\tacocloud-api\src\main\resources
2024-03-14 12:00:45,825 [Worker-8: Building] INFO  o.e.m.c.i.embedder.EclipseLogger - Using 'UTF-8' encoding to copy filtered resources.
2024-03-14 12:00:45,826 [Worker-8: Building] INFO  o.e.m.c.i.embedder.EclipseLogger - Using 'UTF-8' encoding to copy filtered properties files.
2024-03-14 12:00:45,826 [Worker-8: Building] INFO  o.e.m.c.i.embedder.EclipseLogger - skip non existing resourceDirectory C:\Users\phill\OneDrive\Desktop\Spring\Spring_Core Reference Material\spring-in-action-6-samples-main\ch07\tacocloud-api\src\test\resources
2024-03-14 12:00:45,975 [Worker-8: Building] INFO  c.g.e.m.p.f.lib.NodeInstaller - Node v6.9.1 is already installed.
2024-03-14 12:00:45,982 [Worker-8: Building] INFO  c.g.e.m.p.f.lib.DefaultNpmRunner - Running 'npm install' in C:\Users\phill\OneDrive\Desktop\Spring\Spring_Core Reference Material\spring-in-action-6-samples-main\ch07\tacocloud-ui
2024-03-14 12:02:07,674 [Exec Stream Pumper] ERROR c.g.e.m.p.f.lib.DefaultNpmRunner - npm ERR! Windows_NT 10.0.22631
2024-03-14 12:02:07,675 [Exec Stream Pumper] ERROR c.g.e.m.p.f.lib.DefaultNpmRunner - npm ERR! argv "C:\\Users\\phill\\OneDrive\\Desktop\\Spring\\Spring_Core Reference Material\\spring-in-action-6-samples-main\\ch07\\tacocloud-ui\\node\\node.exe" "C:\\Users\\phill\\OneDrive\\Desktop\\Spring\\Spring_Core Reference Material\\spring-in-action-6-samples-main\\ch07\\tacocloud-ui\\node\\node_modules\\npm\\bin\\npm-cli.js" "install"
2024-03-14 12:02:07,676 [Exec Stream Pumper] ERROR c.g.e.m.p.f.lib.DefaultNpmRunner - npm ERR! node v6.9.1
2024-03-14 12:02:07,677 [Exec Stream Pumper] ERROR c.g.e.m.p.f.lib.DefaultNpmRunner - npm ERR! npm  v3.10.8
2024-03-14 12:02:07,677 [Exec Stream Pumper] ERROR c.g.e.m.p.f.lib.DefaultNpmRunner - npm ERR! code EPROTO
2024-03-14 12:02:07,677 [Exec Stream Pumper] ERROR c.g.e.m.p.f.lib.DefaultNpmRunner - npm ERR! errno EPROTO
2024-03-14 12:02:07,678 [Exec Stream Pumper] ERROR c.g.e.m.p.f.lib.DefaultNpmRunner - npm ERR! syscall write
2024-03-14 12:02:07,678 [Exec Stream Pumper] ERROR c.g.e.m.p.f.lib.DefaultNpmRunner - 
2024-03-14 12:02:07,678 [Exec Stream Pumper] ERROR c.g.e.m.p.f.lib.DefaultNpmRunner - npm ERR! write EPROTO 101057795:error:1408D07B:SSL routines:ssl3_get_key_exchange:bad signature:openssl\ssl\s3_clnt.c:2010:
2024-03-14 12:02:07,679 [Exec Stream Pumper] ERROR c.g.e.m.p.f.lib.DefaultNpmRunner - npm ERR! 
2024-03-14 12:02:07,679 [Exec Stream Pumper] ERROR c.g.e.m.p.f.lib.DefaultNpmRunner - npm ERR! 
2024-03-14 12:02:07,680 [Exec Stream Pumper] ERROR c.g.e.m.p.f.lib.DefaultNpmRunner - npm ERR! If you need help, you may report this error at:
2024-03-14 12:02:07,680 [Exec Stream Pumper] ERROR c.g.e.m.p.f.lib.DefaultNpmRunner - npm ERR!     <https://github.com/npm/npm/issues>
2024-03-14 12:02:07,688 [Exec Stream Pumper] ERROR c.g.e.m.p.f.lib.DefaultNpmRunner - 
2024-03-14 12:02:07,688 [Exec Stream Pumper] ERROR c.g.e.m.p.f.lib.DefaultNpmRunner - npm ERR! Please include the following file with any support request:
2024-03-14 12:02:07,689 [Exec Stream Pumper] ERROR c.g.e.m.p.f.lib.DefaultNpmRunner - npm ERR!     C:\Users\phill\OneDrive\Desktop\Spring\Spring_Core Reference Material\spring-in-action-6-samples-main\ch07\tacocloud-ui\npm-debug.log
2024-03-14 12:02:07,700 [Worker-8: Building] INFO  c.g.e.m.p.f.lib.DefaultNpmRunner - Running 'npm run-script build' in C:\Users\phill\OneDrive\Desktop\Spring\Spring_Core Reference Material\spring-in-action-6-samples-main\ch07\tacocloud-ui
2024-03-14 12:02:08,502 [Exec Stream Pumper] INFO  c.g.e.m.p.f.lib.DefaultNpmRunner - 
2024-03-14 12:02:08,502 [Exec Stream Pumper] INFO  c.g.e.m.p.f.lib.DefaultNpmRunner - > taco-web-ui@0.0.0 build C:\Users\phill\OneDrive\Desktop\Spring\Spring_Core Reference Material\spring-in-action-6-samples-main\ch07\tacocloud-ui
2024-03-14 12:02:08,502 [Exec Stream Pumper] INFO  c.g.e.m.p.f.lib.DefaultNpmRunner - > ng build --dev
2024-03-14 12:02:08,502 [Exec Stream Pumper] INFO  c.g.e.m.p.f.lib.DefaultNpmRunner - 
2024-03-14 12:02:08,513 [Exec Stream Pumper] ERROR c.g.e.m.p.f.lib.DefaultNpmRunner - 'ng' is not recognized as an internal or external command,
2024-03-14 12:02:08,514 [Exec Stream Pumper] ERROR c.g.e.m.p.f.lib.DefaultNpmRunner - operable program or batch file.
2024-03-14 12:02:08,517 [Exec Stream Pumper] ERROR c.g.e.m.p.f.lib.DefaultNpmRunner - 
2024-03-14 12:02:08,520 [Exec Stream Pumper] ERROR c.g.e.m.p.f.lib.DefaultNpmRunner - npm ERR! Windows_NT 10.0.22631
2024-03-14 12:02:08,521 [Exec Stream Pumper] ERROR c.g.e.m.p.f.lib.DefaultNpmRunner - npm ERR! argv "C:\\Users\\phill\\OneDrive\\Desktop\\Spring\\Spring_Core Reference Material\\spring-in-action-6-samples-main\\ch07\\tacocloud-ui\\node\\node.exe" "C:\\Users\\phill\\OneDrive\\Desktop\\Spring\\Spring_Core Reference Material\\spring-in-action-6-samples-main\\ch07\\tacocloud-ui\\node\\node_modules\\npm\\bin\\npm-cli.js" "run-script" "build"
2024-03-14 12:02:08,522 [Exec Stream Pumper] ERROR c.g.e.m.p.f.lib.DefaultNpmRunner - npm ERR! node v6.9.1
2024-03-14 12:02:08,523 [Exec Stream Pumper] ERROR c.g.e.m.p.f.lib.DefaultNpmRunner - npm ERR! npm  v3.10.8
2024-03-14 12:02:08,523 [Exec Stream Pumper] ERROR c.g.e.m.p.f.lib.DefaultNpmRunner - npm ERR! code ELIFECYCLE
2024-03-14 12:02:08,523 [Exec Stream Pumper] ERROR c.g.e.m.p.f.lib.DefaultNpmRunner - npm ERR! taco-web-ui@0.0.0 build: `ng build --dev`
2024-03-14 12:02:08,524 [Exec Stream Pumper] ERROR c.g.e.m.p.f.lib.DefaultNpmRunner - npm ERR! Exit status 1
2024-03-14 12:02:08,524 [Exec Stream Pumper] ERROR c.g.e.m.p.f.lib.DefaultNpmRunner - npm ERR! 
2024-03-14 12:02:08,525 [Exec Stream Pumper] ERROR c.g.e.m.p.f.lib.DefaultNpmRunner - npm ERR! Failed at the taco-web-ui@0.0.0 build script 'ng build --dev'.
2024-03-14 12:02:08,525 [Exec Stream Pumper] ERROR c.g.e.m.p.f.lib.DefaultNpmRunner - npm ERR! Make sure you have the latest version of node.js and npm installed.
2024-03-14 12:02:08,526 [Exec Stream Pumper] ERROR c.g.e.m.p.f.lib.DefaultNpmRunner - npm ERR! If you do, this is most likely a problem with the taco-web-ui package,
2024-03-14 12:02:08,526 [Exec Stream Pumper] ERROR c.g.e.m.p.f.lib.DefaultNpmRunner - npm ERR! not with npm itself.
2024-03-14 12:02:08,526 [Exec Stream Pumper] ERROR c.g.e.m.p.f.lib.DefaultNpmRunner - npm ERR! Tell the author that this fails on your system:
2024-03-14 12:02:08,527 [Exec Stream Pumper] ERROR c.g.e.m.p.f.lib.DefaultNpmRunner - npm ERR!     ng build --dev
2024-03-14 12:02:08,527 [Exec Stream Pumper] ERROR c.g.e.m.p.f.lib.DefaultNpmRunner - npm ERR! You can get information on how to open an issue for this project with:
2024-03-14 12:02:08,527 [Exec Stream Pumper] ERROR c.g.e.m.p.f.lib.DefaultNpmRunner - npm ERR!     npm bugs taco-web-ui
2024-03-14 12:02:08,527 [Exec Stream Pumper] ERROR c.g.e.m.p.f.lib.DefaultNpmRunner - npm ERR! Or if that isn't available, you can get their info via:
2024-03-14 12:02:08,528 [Exec Stream Pumper] ERROR c.g.e.m.p.f.lib.DefaultNpmRunner - npm ERR!     npm owner ls taco-web-ui
2024-03-14 12:02:08,528 [Exec Stream Pumper] ERROR c.g.e.m.p.f.lib.DefaultNpmRunner - npm ERR! There is likely additional logging output above.
2024-03-14 12:02:08,528 [Exec Stream Pumper] WARN  c.g.e.m.p.f.lib.DefaultNpmRunner - npm WARN Local package.json exists, but node_modules missing, did you mean to install?
2024-03-14 12:02:08,528 [Exec Stream Pumper] ERROR c.g.e.m.p.f.lib.DefaultNpmRunner - 
2024-03-14 12:02:08,530 [Exec Stream Pumper] ERROR c.g.e.m.p.f.lib.DefaultNpmRunner - npm ERR! Please include the following file with any support request:
2024-03-14 12:02:08,530 [Exec Stream Pumper] ERROR c.g.e.m.p.f.lib.DefaultNpmRunner - npm ERR!     C:\Users\phill\OneDrive\Desktop\Spring\Spring_Core Reference Material\spring-in-action-6-samples-main\ch07\tacocloud-ui\npm-debug.log
2024-03-14 12:02:08,657 [Worker-8: Building] INFO  o.e.m.c.i.embedder.EclipseLogger - Using 'UTF-8' encoding to copy filtered resources.
2024-03-14 12:02:08,657 [Worker-8: Building] INFO  o.e.m.c.i.embedder.EclipseLogger - Using 'UTF-8' encoding to copy filtered properties files.
2024-03-14 12:02:08,657 [Worker-8: Building] INFO  o.e.m.c.i.embedder.EclipseLogger - skip non existing resourceDirectory C:\Users\phill\OneDrive\Desktop\Spring\Spring_Core Reference Material\spring-in-action-6-samples-main\ch07\tacocloud-ui\dist
2024-03-14 12:02:08,660 [Worker-8: Building] INFO  o.e.m.c.i.embedder.EclipseLogger - Using 'UTF-8' encoding to copy filtered resources.
2024-03-14 12:02:08,661 [Worker-8: Building] INFO  o.e.m.c.i.embedder.EclipseLogger - Using 'UTF-8' encoding to copy filtered properties files.
2024-03-14 12:02:08,661 [Worker-8: Building] INFO  o.e.m.c.i.embedder.EclipseLogger - skip non existing resourceDirectory C:\Users\phill\OneDrive\Desktop\Spring\Spring_Core Reference Material\spring-in-action-6-samples-main\ch07\tacocloud-ui\src\test\resources
2024-03-14 12:02:09,472 [Worker-8: Building] INFO  o.e.m.c.i.embedder.EclipseLogger - Using 'UTF-8' encoding to copy filtered resources.
2024-03-14 12:02:09,473 [Worker-8: Building] INFO  o.e.m.c.i.embedder.EclipseLogger - Using 'UTF-8' encoding to copy filtered properties files.
2024-03-14 12:02:09,473 [Worker-8: Building] INFO  o.e.m.c.i.embedder.EclipseLogger - Copying 1 resource
2024-03-14 12:02:09,496 [Worker-8: Building] INFO  o.e.m.c.i.embedder.EclipseLogger - Copying 0 resource
2024-03-14 12:02:09,502 [Worker-8: Building] INFO  o.e.m.c.i.embedder.EclipseLogger - Using 'UTF-8' encoding to copy filtered resources.
2024-03-14 12:02:09,502 [Worker-8: Building] INFO  o.e.m.c.i.embedder.EclipseLogger - Using 'UTF-8' encoding to copy filtered properties files.
2024-03-14 12:02:09,502 [Worker-8: Building] INFO  o.e.m.c.i.embedder.EclipseLogger - skip non existing resourceDirectory C:\Users\phill\OneDrive\Desktop\Spring\Spring_Core Reference Material\spring-in-action-6-samples-main\ch07\tacocloud\src\test\resources
2024-03-14 12:02:10,071 [Worker-8: Building] INFO  o.e.m.c.i.embedder.EclipseLogger - Using 'UTF-8' encoding to copy filtered resources.
2024-03-14 12:02:10,071 [Worker-8: Building] INFO  o.e.m.c.i.embedder.EclipseLogger - Using 'UTF-8' encoding to copy filtered properties files.
2024-03-14 12:02:10,073 [Worker-8: Building] INFO  o.e.m.c.i.embedder.EclipseLogger - Copying 0 resource
2024-03-14 12:02:10,074 [Worker-8: Building] INFO  o.e.m.c.i.embedder.EclipseLogger - Copying 16 resources
2024-03-14 12:02:10,241 [Worker-8: Building] INFO  o.e.m.c.i.embedder.EclipseLogger - Using 'UTF-8' encoding to copy filtered resources.
2024-03-14 12:02:10,241 [Worker-8: Building] INFO  o.e.m.c.i.embedder.EclipseLogger - Using 'UTF-8' encoding to copy filtered properties files.
2024-03-14 12:02:10,241 [Worker-8: Building] INFO  o.e.m.c.i.embedder.EclipseLogger - skip non existing resourceDirectory C:\Users\phill\OneDrive\Desktop\Spring\Spring_Core Reference Material\spring-in-action-6-samples-main\ch07\tacocloud-web\src\test\resources
2024-03-14 12:48:34,960 [Worker-20: Launching Executing install in C__Users_phill_OneDrive_Desktop_Spring_Spring_Core Reference Material_spring-in-action-6-samples-main_ch07_tacocloud-ui] INFO  o.eclipse.m2e.core.internal.Bundles - getClasspathEntries(Bundle=org.eclipse.m2e.maven.runtime_3.9.500.20231113-2345 [346])
2024-03-14 12:48:34,963 [Worker-20: Launching Executing install in C__Users_phill_OneDrive_Desktop_Spring_Spring_Core Reference Material_spring-in-action-6-samples-main_ch07_tacocloud-ui] INFO  o.eclipse.m2e.core.internal.Bundles - 	Entry: C:\Users\phill\OneDrive\Desktop\sts-4.21.1.RELEASE\plugins\org.eclipse.m2e.maven.runtime_3.9.500.20231113-2345
2024-03-14 12:48:34,963 [Worker-20: Launching Executing install in C__Users_phill_OneDrive_Desktop_Spring_Spring_Core Reference Material_spring-in-action-6-samples-main_ch07_tacocloud-ui] INFO  o.eclipse.m2e.core.internal.Bundles - 	Entry: C:\Users\phill\OneDrive\Desktop\sts-4.21.1.RELEASE\plugins\org.eclipse.m2e.maven.runtime_3.9.500.20231113-2345\jars\aopalliance-1.0.jar
2024-03-14 12:48:34,964 [Worker-20: Launching Executing install in C__Users_phill_OneDrive_Desktop_Spring_Spring_Core Reference Material_spring-in-action-6-samples-main_ch07_tacocloud-ui] INFO  o.eclipse.m2e.core.internal.Bundles - 	Entry: C:\Users\phill\OneDrive\Desktop\sts-4.21.1.RELEASE\plugins\org.eclipse.m2e.maven.runtime_3.9.500.20231113-2345\jars\guice-5.1.0.jar
2024-03-14 12:48:34,964 [Worker-20: Launching Executing install in C__Users_phill_OneDrive_Desktop_Spring_Spring_Core Reference Material_spring-in-action-6-samples-main_ch07_tacocloud-ui] INFO  o.eclipse.m2e.core.internal.Bundles - 	Entry: C:\Users\phill\OneDrive\Desktop\sts-4.21.1.RELEASE\plugins\org.eclipse.m2e.maven.runtime_3.9.500.20231113-2345\jars\httpclient-4.5.14.jar
2024-03-14 12:48:34,964 [Worker-20: Launching Executing install in C__Users_phill_OneDrive_Desktop_Spring_Spring_Core Reference Material_spring-in-action-6-samples-main_ch07_tacocloud-ui] INFO  o.eclipse.m2e.core.internal.Bundles - 	Entry: C:\Users\phill\OneDrive\Desktop\sts-4.21.1.RELEASE\plugins\org.eclipse.m2e.maven.runtime_3.9.500.20231113-2345\jars\httpcore-4.4.16.jar
2024-03-14 12:48:34,964 [Worker-20: Launching Executing install in C__Users_phill_OneDrive_Desktop_Spring_Spring_Core Reference Material_spring-in-action-6-samples-main_ch07_tacocloud-ui] INFO  o.eclipse.m2e.core.internal.Bundles - 	Entry: C:\Users\phill\OneDrive\Desktop\sts-4.21.1.RELEASE\plugins\org.eclipse.m2e.maven.runtime_3.9.500.20231113-2345\jars\jansi-2.4.0.jar
2024-03-14 12:48:34,964 [Worker-20: Launching Executing install in C__Users_phill_OneDrive_Desktop_Spring_Spring_Core Reference Material_spring-in-action-6-samples-main_ch07_tacocloud-ui] INFO  o.eclipse.m2e.core.internal.Bundles - 	Entry: C:\Users\phill\OneDrive\Desktop\sts-4.21.1.RELEASE\plugins\org.eclipse.m2e.maven.runtime_3.9.500.20231113-2345\jars\jcl-over-slf4j-1.7.36.jar
2024-03-14 12:48:34,964 [Worker-20: Launching Executing install in C__Users_phill_OneDrive_Desktop_Spring_Spring_Core Reference Material_spring-in-action-6-samples-main_ch07_tacocloud-ui] INFO  o.eclipse.m2e.core.internal.Bundles - 	Entry: C:\Users\phill\OneDrive\Desktop\sts-4.21.1.RELEASE\plugins\org.eclipse.m2e.maven.runtime_3.9.500.20231113-2345\jars\maven-artifact-3.9.5.jar
2024-03-14 12:48:34,964 [Worker-20: Launching Executing install in C__Users_phill_OneDrive_Desktop_Spring_Spring_Core Reference Material_spring-in-action-6-samples-main_ch07_tacocloud-ui] INFO  o.eclipse.m2e.core.internal.Bundles - 	Entry: C:\Users\phill\OneDrive\Desktop\sts-4.21.1.RELEASE\plugins\org.eclipse.m2e.maven.runtime_3.9.500.20231113-2345\jars\maven-builder-support-3.9.5.jar
2024-03-14 12:48:34,964 [Worker-20: Launching Executing install in C__Users_phill_OneDrive_Desktop_Spring_Spring_Core Reference Material_spring-in-action-6-samples-main_ch07_tacocloud-ui] INFO  o.eclipse.m2e.core.internal.Bundles - 	Entry: C:\Users\phill\OneDrive\Desktop\sts-4.21.1.RELEASE\plugins\org.eclipse.m2e.maven.runtime_3.9.500.20231113-2345\jars\maven-compat-3.9.5.jar
2024-03-14 12:48:34,964 [Worker-20: Launching Executing install in C__Users_phill_OneDrive_Desktop_Spring_Spring_Core Reference Material_spring-in-action-6-samples-main_ch07_tacocloud-ui] INFO  o.eclipse.m2e.core.internal.Bundles - 	Entry: C:\Users\phill\OneDrive\Desktop\sts-4.21.1.RELEASE\plugins\org.eclipse.m2e.maven.runtime_3.9.500.20231113-2345\jars\maven-core-3.9.5.jar
2024-03-14 12:48:34,965 [Worker-20: Launching Executing install in C__Users_phill_OneDrive_Desktop_Spring_Spring_Core Reference Material_spring-in-action-6-samples-main_ch07_tacocloud-ui] INFO  o.eclipse.m2e.core.internal.Bundles - 	Entry: C:\Users\phill\OneDrive\Desktop\sts-4.21.1.RELEASE\plugins\org.eclipse.m2e.maven.runtime_3.9.500.20231113-2345\jars\maven-embedder-3.9.5.jar
2024-03-14 12:48:34,965 [Worker-20: Launching Executing install in C__Users_phill_OneDrive_Desktop_Spring_Spring_Core Reference Material_spring-in-action-6-samples-main_ch07_tacocloud-ui] INFO  o.eclipse.m2e.core.internal.Bundles - 	Entry: C:\Users\phill\OneDrive\Desktop\sts-4.21.1.RELEASE\plugins\org.eclipse.m2e.maven.runtime_3.9.500.20231113-2345\jars\maven-model-3.9.5.jar
2024-03-14 12:48:34,965 [Worker-20: Launching Executing install in C__Users_phill_OneDrive_Desktop_Spring_Spring_Core Reference Material_spring-in-action-6-samples-main_ch07_tacocloud-ui] INFO  o.eclipse.m2e.core.internal.Bundles - 	Entry: C:\Users\phill\OneDrive\Desktop\sts-4.21.1.RELEASE\plugins\org.eclipse.m2e.maven.runtime_3.9.500.20231113-2345\jars\maven-model-builder-3.9.5.jar
2024-03-14 12:48:34,965 [Worker-20: Launching Executing install in C__Users_phill_OneDrive_Desktop_Spring_Spring_Core Reference Material_spring-in-action-6-samples-main_ch07_tacocloud-ui] INFO  o.eclipse.m2e.core.internal.Bundles - 	Entry: C:\Users\phill\OneDrive\Desktop\sts-4.21.1.RELEASE\plugins\org.eclipse.m2e.maven.runtime_3.9.500.20231113-2345\jars\maven-plugin-api-3.9.5.jar
2024-03-14 12:48:34,965 [Worker-20: Launching Executing install in C__Users_phill_OneDrive_Desktop_Spring_Spring_Core Reference Material_spring-in-action-6-samples-main_ch07_tacocloud-ui] INFO  o.eclipse.m2e.core.internal.Bundles - 	Entry: C:\Users\phill\OneDrive\Desktop\sts-4.21.1.RELEASE\plugins\org.eclipse.m2e.maven.runtime_3.9.500.20231113-2345\jars\maven-repository-metadata-3.9.5.jar
2024-03-14 12:48:34,965 [Worker-20: Launching Executing install in C__Users_phill_OneDrive_Desktop_Spring_Spring_Core Reference Material_spring-in-action-6-samples-main_ch07_tacocloud-ui] INFO  o.eclipse.m2e.core.internal.Bundles - 	Entry: C:\Users\phill\OneDrive\Desktop\sts-4.21.1.RELEASE\plugins\org.eclipse.m2e.maven.runtime_3.9.500.20231113-2345\jars\maven-resolver-api-1.9.16.jar
2024-03-14 12:48:34,965 [Worker-20: Launching Executing install in C__Users_phill_OneDrive_Desktop_Spring_Spring_Core Reference Material_spring-in-action-6-samples-main_ch07_tacocloud-ui] INFO  o.eclipse.m2e.core.internal.Bundles - 	Entry: C:\Users\phill\OneDrive\Desktop\sts-4.21.1.RELEASE\plugins\org.eclipse.m2e.maven.runtime_3.9.500.20231113-2345\jars\maven-resolver-connector-basic-1.9.16.jar
2024-03-14 12:48:34,966 [Worker-20: Launching Executing install in C__Users_phill_OneDrive_Desktop_Spring_Spring_Core Reference Material_spring-in-action-6-samples-main_ch07_tacocloud-ui] INFO  o.eclipse.m2e.core.internal.Bundles - 	Entry: C:\Users\phill\OneDrive\Desktop\sts-4.21.1.RELEASE\plugins\org.eclipse.m2e.maven.runtime_3.9.500.20231113-2345\jars\maven-resolver-impl-1.9.16.jar
2024-03-14 12:48:34,966 [Worker-20: Launching Executing install in C__Users_phill_OneDrive_Desktop_Spring_Spring_Core Reference Material_spring-in-action-6-samples-main_ch07_tacocloud-ui] INFO  o.eclipse.m2e.core.internal.Bundles - 	Entry: C:\Users\phill\OneDrive\Desktop\sts-4.21.1.RELEASE\plugins\org.eclipse.m2e.maven.runtime_3.9.500.20231113-2345\jars\maven-resolver-named-locks-1.9.16.jar
2024-03-14 12:48:34,966 [Worker-20: Launching Executing install in C__Users_phill_OneDrive_Desktop_Spring_Spring_Core Reference Material_spring-in-action-6-samples-main_ch07_tacocloud-ui] INFO  o.eclipse.m2e.core.internal.Bundles - 	Entry: C:\Users\phill\OneDrive\Desktop\sts-4.21.1.RELEASE\plugins\org.eclipse.m2e.maven.runtime_3.9.500.20231113-2345\jars\maven-resolver-provider-3.9.5.jar
2024-03-14 12:48:34,966 [Worker-20: Launching Executing install in C__Users_phill_OneDrive_Desktop_Spring_Spring_Core Reference Material_spring-in-action-6-samples-main_ch07_tacocloud-ui] INFO  o.eclipse.m2e.core.internal.Bundles - 	Entry: C:\Users\phill\OneDrive\Desktop\sts-4.21.1.RELEASE\plugins\org.eclipse.m2e.maven.runtime_3.9.500.20231113-2345\jars\maven-resolver-spi-1.9.16.jar
2024-03-14 12:48:34,966 [Worker-20: Launching Executing install in C__Users_phill_OneDrive_Desktop_Spring_Spring_Core Reference Material_spring-in-action-6-samples-main_ch07_tacocloud-ui] INFO  o.eclipse.m2e.core.internal.Bundles - 	Entry: C:\Users\phill\OneDrive\Desktop\sts-4.21.1.RELEASE\plugins\org.eclipse.m2e.maven.runtime_3.9.500.20231113-2345\jars\maven-resolver-transport-file-1.9.16.jar
2024-03-14 12:48:34,966 [Worker-20: Launching Executing install in C__Users_phill_OneDrive_Desktop_Spring_Spring_Core Reference Material_spring-in-action-6-samples-main_ch07_tacocloud-ui] INFO  o.eclipse.m2e.core.internal.Bundles - 	Entry: C:\Users\phill\OneDrive\Desktop\sts-4.21.1.RELEASE\plugins\org.eclipse.m2e.maven.runtime_3.9.500.20231113-2345\jars\maven-resolver-transport-http-1.9.16.jar
2024-03-14 12:48:34,967 [Worker-20: Launching Executing install in C__Users_phill_OneDrive_Desktop_Spring_Spring_Core Reference Material_spring-in-action-6-samples-main_ch07_tacocloud-ui] INFO  o.eclipse.m2e.core.internal.Bundles - 	Entry: C:\Users\phill\OneDrive\Desktop\sts-4.21.1.RELEASE\plugins\org.eclipse.m2e.maven.runtime_3.9.500.20231113-2345\jars\maven-resolver-transport-wagon-1.9.16.jar
2024-03-14 12:48:34,967 [Worker-20: Launching Executing install in C__Users_phill_OneDrive_Desktop_Spring_Spring_Core Reference Material_spring-in-action-6-samples-main_ch07_tacocloud-ui] INFO  o.eclipse.m2e.core.internal.Bundles - 	Entry: C:\Users\phill\OneDrive\Desktop\sts-4.21.1.RELEASE\plugins\org.eclipse.m2e.maven.runtime_3.9.500.20231113-2345\jars\maven-resolver-util-1.9.16.jar
2024-03-14 12:48:34,967 [Worker-20: Launching Executing install in C__Users_phill_OneDrive_Desktop_Spring_Spring_Core Reference Material_spring-in-action-6-samples-main_ch07_tacocloud-ui] INFO  o.eclipse.m2e.core.internal.Bundles - 	Entry: C:\Users\phill\OneDrive\Desktop\sts-4.21.1.RELEASE\plugins\org.eclipse.m2e.maven.runtime_3.9.500.20231113-2345\jars\maven-settings-3.9.5.jar
2024-03-14 12:48:34,967 [Worker-20: Launching Executing install in C__Users_phill_OneDrive_Desktop_Spring_Spring_Core Reference Material_spring-in-action-6-samples-main_ch07_tacocloud-ui] INFO  o.eclipse.m2e.core.internal.Bundles - 	Entry: C:\Users\phill\OneDrive\Desktop\sts-4.21.1.RELEASE\plugins\org.eclipse.m2e.maven.runtime_3.9.500.20231113-2345\jars\maven-settings-builder-3.9.5.jar
2024-03-14 12:48:34,967 [Worker-20: Launching Executing install in C__Users_phill_OneDrive_Desktop_Spring_Spring_Core Reference Material_spring-in-action-6-samples-main_ch07_tacocloud-ui] INFO  o.eclipse.m2e.core.internal.Bundles - 	Entry: C:\Users\phill\OneDrive\Desktop\sts-4.21.1.RELEASE\plugins\org.eclipse.m2e.maven.runtime_3.9.500.20231113-2345\jars\maven-shared-utils-3.3.4.jar
2024-03-14 12:48:34,967 [Worker-20: Launching Executing install in C__Users_phill_OneDrive_Desktop_Spring_Spring_Core Reference Material_spring-in-action-6-samples-main_ch07_tacocloud-ui] INFO  o.eclipse.m2e.core.internal.Bundles - 	Entry: C:\Users\phill\OneDrive\Desktop\sts-4.21.1.RELEASE\plugins\org.eclipse.m2e.maven.runtime_3.9.500.20231113-2345\jars\org.eclipse.sisu.inject-0.3.5.jar
2024-03-14 12:48:34,967 [Worker-20: Launching Executing install in C__Users_phill_OneDrive_Desktop_Spring_Spring_Core Reference Material_spring-in-action-6-samples-main_ch07_tacocloud-ui] INFO  o.eclipse.m2e.core.internal.Bundles - 	Entry: C:\Users\phill\OneDrive\Desktop\sts-4.21.1.RELEASE\plugins\org.eclipse.m2e.maven.runtime_3.9.500.20231113-2345\jars\org.eclipse.sisu.plexus-0.3.5.jar
2024-03-14 12:48:34,967 [Worker-20: Launching Executing install in C__Users_phill_OneDrive_Desktop_Spring_Spring_Core Reference Material_spring-in-action-6-samples-main_ch07_tacocloud-ui] INFO  o.eclipse.m2e.core.internal.Bundles - 	Entry: C:\Users\phill\OneDrive\Desktop\sts-4.21.1.RELEASE\plugins\org.eclipse.m2e.maven.runtime_3.9.500.20231113-2345\jars\plexus-build-api-0.0.7.jar
2024-03-14 12:48:34,967 [Worker-20: Launching Executing install in C__Users_phill_OneDrive_Desktop_Spring_Spring_Core Reference Material_spring-in-action-6-samples-main_ch07_tacocloud-ui] INFO  o.eclipse.m2e.core.internal.Bundles - 	Entry: C:\Users\phill\OneDrive\Desktop\sts-4.21.1.RELEASE\plugins\org.eclipse.m2e.maven.runtime_3.9.500.20231113-2345\jars\plexus-cipher-2.0.jar
2024-03-14 12:48:34,967 [Worker-20: Launching Executing install in C__Users_phill_OneDrive_Desktop_Spring_Spring_Core Reference Material_spring-in-action-6-samples-main_ch07_tacocloud-ui] INFO  o.eclipse.m2e.core.internal.Bundles - 	Entry: C:\Users\phill\OneDrive\Desktop\sts-4.21.1.RELEASE\plugins\org.eclipse.m2e.maven.runtime_3.9.500.20231113-2345\jars\plexus-classworlds-2.7.0.jar
2024-03-14 12:48:34,968 [Worker-20: Launching Executing install in C__Users_phill_OneDrive_Desktop_Spring_Spring_Core Reference Material_spring-in-action-6-samples-main_ch07_tacocloud-ui] INFO  o.eclipse.m2e.core.internal.Bundles - 	Entry: C:\Users\phill\OneDrive\Desktop\sts-4.21.1.RELEASE\plugins\org.eclipse.m2e.maven.runtime_3.9.500.20231113-2345\jars\plexus-component-annotations-2.1.0.jar
2024-03-14 12:48:34,968 [Worker-20: Launching Executing install in C__Users_phill_OneDrive_Desktop_Spring_Spring_Core Reference Material_spring-in-action-6-samples-main_ch07_tacocloud-ui] INFO  o.eclipse.m2e.core.internal.Bundles - 	Entry: C:\Users\phill\OneDrive\Desktop\sts-4.21.1.RELEASE\plugins\org.eclipse.m2e.maven.runtime_3.9.500.20231113-2345\jars\plexus-interpolation-1.26.jar
2024-03-14 12:48:34,968 [Worker-20: Launching Executing install in C__Users_phill_OneDrive_Desktop_Spring_Spring_Core Reference Material_spring-in-action-6-samples-main_ch07_tacocloud-ui] INFO  o.eclipse.m2e.core.internal.Bundles - 	Entry: C:\Users\phill\OneDrive\Desktop\sts-4.21.1.RELEASE\plugins\org.eclipse.m2e.maven.runtime_3.9.500.20231113-2345\jars\plexus-sec-dispatcher-2.0.jar
2024-03-14 12:48:34,968 [Worker-20: Launching Executing install in C__Users_phill_OneDrive_Desktop_Spring_Spring_Core Reference Material_spring-in-action-6-samples-main_ch07_tacocloud-ui] INFO  o.eclipse.m2e.core.internal.Bundles - 	Entry: C:\Users\phill\OneDrive\Desktop\sts-4.21.1.RELEASE\plugins\org.eclipse.m2e.maven.runtime_3.9.500.20231113-2345\jars\plexus-utils-3.5.1.jar
2024-03-14 12:48:34,968 [Worker-20: Launching Executing install in C__Users_phill_OneDrive_Desktop_Spring_Spring_Core Reference Material_spring-in-action-6-samples-main_ch07_tacocloud-ui] INFO  o.eclipse.m2e.core.internal.Bundles - 	Entry: C:\Users\phill\OneDrive\Desktop\sts-4.21.1.RELEASE\plugins\org.eclipse.m2e.maven.runtime_3.9.500.20231113-2345\jars\wagon-file-3.5.3.jar
2024-03-14 12:48:34,968 [Worker-20: Launching Executing install in C__Users_phill_OneDrive_Desktop_Spring_Spring_Core Reference Material_spring-in-action-6-samples-main_ch07_tacocloud-ui] INFO  o.eclipse.m2e.core.internal.Bundles - 	Entry: C:\Users\phill\OneDrive\Desktop\sts-4.21.1.RELEASE\plugins\org.eclipse.m2e.maven.runtime_3.9.500.20231113-2345\jars\wagon-http-3.5.3.jar
2024-03-14 12:48:34,968 [Worker-20: Launching Executing install in C__Users_phill_OneDrive_Desktop_Spring_Spring_Core Reference Material_spring-in-action-6-samples-main_ch07_tacocloud-ui] INFO  o.eclipse.m2e.core.internal.Bundles - 	Entry: C:\Users\phill\OneDrive\Desktop\sts-4.21.1.RELEASE\plugins\org.eclipse.m2e.maven.runtime_3.9.500.20231113-2345\jars\wagon-http-shared-3.5.3.jar
2024-03-14 12:48:34,968 [Worker-20: Launching Executing install in C__Users_phill_OneDrive_Desktop_Spring_Spring_Core Reference Material_spring-in-action-6-samples-main_ch07_tacocloud-ui] INFO  o.eclipse.m2e.core.internal.Bundles - 	Entry: C:\Users\phill\OneDrive\Desktop\sts-4.21.1.RELEASE\plugins\org.eclipse.m2e.maven.runtime_3.9.500.20231113-2345\jars\wagon-provider-api-3.5.3.jar
2024-03-14 12:48:34,970 [Worker-20: Launching Executing install in C__Users_phill_OneDrive_Desktop_Spring_Spring_Core Reference Material_spring-in-action-6-samples-main_ch07_tacocloud-ui] INFO  o.eclipse.m2e.core.internal.Bundles - getClasspathEntries(Bundle=com.google.guava_33.0.0.jre [25])
2024-03-14 12:48:34,970 [Worker-20: Launching Executing install in C__Users_phill_OneDrive_Desktop_Spring_Spring_Core Reference Material_spring-in-action-6-samples-main_ch07_tacocloud-ui] INFO  o.eclipse.m2e.core.internal.Bundles - 	Entry: C:\Users\phill\OneDrive\Desktop\sts-4.21.1.RELEASE\plugins\com.google.guava_33.0.0.jre.jar
2024-03-14 12:48:34,970 [Worker-20: Launching Executing install in C__Users_phill_OneDrive_Desktop_Spring_Spring_Core Reference Material_spring-in-action-6-samples-main_ch07_tacocloud-ui] INFO  o.eclipse.m2e.core.internal.Bundles - getClasspathEntries(Bundle=slf4j.api_2.0.9 [573])
2024-03-14 12:48:34,971 [Worker-20: Launching Executing install in C__Users_phill_OneDrive_Desktop_Spring_Spring_Core Reference Material_spring-in-action-6-samples-main_ch07_tacocloud-ui] INFO  o.eclipse.m2e.core.internal.Bundles - 	Entry: C:\Users\phill\OneDrive\Desktop\sts-4.21.1.RELEASE\plugins\slf4j.api_2.0.9.jar
2024-03-14 12:48:34,971 [Worker-20: Launching Executing install in C__Users_phill_OneDrive_Desktop_Spring_Spring_Core Reference Material_spring-in-action-6-samples-main_ch07_tacocloud-ui] INFO  o.eclipse.m2e.core.internal.Bundles - getClasspathEntries(Bundle=jakarta.inject.jakarta.inject-api_1.0.5 [41])
2024-03-14 12:48:34,971 [Worker-20: Launching Executing install in C__Users_phill_OneDrive_Desktop_Spring_Spring_Core Reference Material_spring-in-action-6-samples-main_ch07_tacocloud-ui] INFO  o.eclipse.m2e.core.internal.Bundles - 	Entry: C:\Users\phill\OneDrive\Desktop\sts-4.21.1.RELEASE\plugins\jakarta.inject.jakarta.inject-api_1.0.5.jar
2024-03-14 12:48:34,971 [Worker-20: Launching Executing install in C__Users_phill_OneDrive_Desktop_Spring_Spring_Core Reference Material_spring-in-action-6-samples-main_ch07_tacocloud-ui] INFO  o.eclipse.m2e.core.internal.Bundles - getClasspathEntries(Bundle=jakarta.annotation-api_1.3.5 [37])
2024-03-14 12:48:34,971 [Worker-20: Launching Executing install in C__Users_phill_OneDrive_Desktop_Spring_Spring_Core Reference Material_spring-in-action-6-samples-main_ch07_tacocloud-ui] INFO  o.eclipse.m2e.core.internal.Bundles - 	Entry: C:\Users\phill\OneDrive\Desktop\sts-4.21.1.RELEASE\plugins\jakarta.annotation-api_1.3.5.jar
2024-03-14 12:48:34,971 [Worker-20: Launching Executing install in C__Users_phill_OneDrive_Desktop_Spring_Spring_Core Reference Material_spring-in-action-6-samples-main_ch07_tacocloud-ui] INFO  o.eclipse.m2e.core.internal.Bundles - getClasspathEntries(Bundle=org.apache.commons.cli_1.6.0 [71])
2024-03-14 12:48:34,972 [Worker-20: Launching Executing install in C__Users_phill_OneDrive_Desktop_Spring_Spring_Core Reference Material_spring-in-action-6-samples-main_ch07_tacocloud-ui] INFO  o.eclipse.m2e.core.internal.Bundles - 	Entry: C:\Users\phill\OneDrive\Desktop\sts-4.21.1.RELEASE\plugins\org.apache.commons.cli_1.6.0.jar
2024-03-14 12:48:34,972 [Worker-20: Launching Executing install in C__Users_phill_OneDrive_Desktop_Spring_Spring_Core Reference Material_spring-in-action-6-samples-main_ch07_tacocloud-ui] INFO  o.eclipse.m2e.core.internal.Bundles - getClasspathEntries(Bundle=org.apache.commons.commons-codec_1.16.0 [73])
2024-03-14 12:48:34,972 [Worker-20: Launching Executing install in C__Users_phill_OneDrive_Desktop_Spring_Spring_Core Reference Material_spring-in-action-6-samples-main_ch07_tacocloud-ui] INFO  o.eclipse.m2e.core.internal.Bundles - 	Entry: C:\Users\phill\OneDrive\Desktop\sts-4.21.1.RELEASE\plugins\org.apache.commons.commons-codec_1.16.0.jar
2024-03-14 12:48:34,972 [Worker-20: Launching Executing install in C__Users_phill_OneDrive_Desktop_Spring_Spring_Core Reference Material_spring-in-action-6-samples-main_ch07_tacocloud-ui] INFO  o.eclipse.m2e.core.internal.Bundles - getClasspathEntries(Bundle=org.apache.commons.lang3_3.13.0 [77])
2024-03-14 12:48:34,972 [Worker-20: Launching Executing install in C__Users_phill_OneDrive_Desktop_Spring_Spring_Core Reference Material_spring-in-action-6-samples-main_ch07_tacocloud-ui] INFO  o.eclipse.m2e.core.internal.Bundles - 	Entry: C:\Users\phill\OneDrive\Desktop\sts-4.21.1.RELEASE\plugins\org.apache.commons.lang3_3.13.0.jar
2024-03-14 12:48:34,972 [Worker-20: Launching Executing install in C__Users_phill_OneDrive_Desktop_Spring_Spring_Core Reference Material_spring-in-action-6-samples-main_ch07_tacocloud-ui] INFO  o.eclipse.m2e.core.internal.Bundles - getClasspathEntries(Bundle=com.google.guava.failureaccess_1.0.2 [27])
2024-03-14 12:48:34,973 [Worker-20: Launching Executing install in C__Users_phill_OneDrive_Desktop_Spring_Spring_Core Reference Material_spring-in-action-6-samples-main_ch07_tacocloud-ui] INFO  o.eclipse.m2e.core.internal.Bundles - 	Entry: C:\Users\phill\OneDrive\Desktop\sts-4.21.1.RELEASE\plugins\com.google.guava.failureaccess_1.0.2.jar
2024-03-14 12:48:34,977 [Worker-20: Launching Executing install in C__Users_phill_OneDrive_Desktop_Spring_Spring_Core Reference Material_spring-in-action-6-samples-main_ch07_tacocloud-ui] INFO  o.e.m.i.launch.MavenLaunchDelegate - Run build in "C:\Users\phill\OneDrive\Desktop\Spring\Spring_Core Reference Material\spring-in-action-6-samples-main\ch07\tacocloud-ui":
2024-03-14 12:48:34,983 [Worker-20: Launching Executing install in C__Users_phill_OneDrive_Desktop_Spring_Spring_Core Reference Material_spring-in-action-6-samples-main_ch07_tacocloud-ui] INFO  o.e.m.i.launch.MavenLaunchDelegate -  mvn  -B -Dstyle.color=always install
2024-03-14 12:52:24,750 [Worker-26: Building] INFO  c.g.e.m.p.f.lib.DefaultNpmRunner - Running 'npm install' in C:\Users\phill\OneDrive\Desktop\Spring\Spring_Core Reference Material\spring-in-action-6-samples-main\ch07\tacocloud-ui
2024-03-14 12:53:36,210 [Exec Stream Pumper] ERROR c.g.e.m.p.f.lib.DefaultNpmRunner - npm ERR! Windows_NT 10.0.22631
2024-03-14 12:53:36,212 [Exec Stream Pumper] ERROR c.g.e.m.p.f.lib.DefaultNpmRunner - npm ERR! argv "C:\\Users\\phill\\OneDrive\\Desktop\\Spring\\Spring_Core Reference Material\\spring-in-action-6-samples-main\\ch07\\tacocloud-ui\\node\\node.exe" "C:\\Users\\phill\\OneDrive\\Desktop\\Spring\\Spring_Core Reference Material\\spring-in-action-6-samples-main\\ch07\\tacocloud-ui\\node\\node_modules\\npm\\bin\\npm-cli.js" "install"
2024-03-14 12:53:36,212 [Exec Stream Pumper] ERROR c.g.e.m.p.f.lib.DefaultNpmRunner - npm ERR! node v6.9.1
2024-03-14 12:53:36,213 [Exec Stream Pumper] ERROR c.g.e.m.p.f.lib.DefaultNpmRunner - npm ERR! npm  v3.10.8
2024-03-14 12:53:36,214 [Exec Stream Pumper] ERROR c.g.e.m.p.f.lib.DefaultNpmRunner - npm ERR! code EPROTO
2024-03-14 12:53:36,215 [Exec Stream Pumper] ERROR c.g.e.m.p.f.lib.DefaultNpmRunner - npm ERR! errno EPROTO
2024-03-14 12:53:36,215 [Exec Stream Pumper] ERROR c.g.e.m.p.f.lib.DefaultNpmRunner - npm ERR! syscall write
2024-03-14 12:53:36,216 [Exec Stream Pumper] ERROR c.g.e.m.p.f.lib.DefaultNpmRunner - 
2024-03-14 12:53:36,216 [Exec Stream Pumper] ERROR c.g.e.m.p.f.lib.DefaultNpmRunner - npm ERR! write EPROTO 101057795:error:1408D07B:SSL routines:ssl3_get_key_exchange:bad signature:openssl\ssl\s3_clnt.c:2010:
2024-03-14 12:53:36,216 [Exec Stream Pumper] ERROR c.g.e.m.p.f.lib.DefaultNpmRunner - npm ERR! 
2024-03-14 12:53:36,217 [Exec Stream Pumper] ERROR c.g.e.m.p.f.lib.DefaultNpmRunner - npm ERR! 
2024-03-14 12:53:36,217 [Exec Stream Pumper] ERROR c.g.e.m.p.f.lib.DefaultNpmRunner - npm ERR! If you need help, you may report this error at:
2024-03-14 12:53:36,218 [Exec Stream Pumper] ERROR c.g.e.m.p.f.lib.DefaultNpmRunner - npm ERR!     <https://github.com/npm/npm/issues>
2024-03-14 12:53:36,223 [Exec Stream Pumper] ERROR c.g.e.m.p.f.lib.DefaultNpmRunner - 
2024-03-14 12:53:36,224 [Exec Stream Pumper] ERROR c.g.e.m.p.f.lib.DefaultNpmRunner - npm ERR! Please include the following file with any support request:
2024-03-14 12:53:36,225 [Exec Stream Pumper] ERROR c.g.e.m.p.f.lib.DefaultNpmRunner - npm ERR!     C:\Users\phill\OneDrive\Desktop\Spring\Spring_Core Reference Material\spring-in-action-6-samples-main\ch07\tacocloud-ui\npm-debug.log
2024-03-14 12:53:36,234 [Worker-26: Building] INFO  c.g.e.m.p.f.lib.DefaultNpmRunner - Running 'npm run-script build' in C:\Users\phill\OneDrive\Desktop\Spring\Spring_Core Reference Material\spring-in-action-6-samples-main\ch07\tacocloud-ui
2024-03-14 12:53:36,971 [Exec Stream Pumper] INFO  c.g.e.m.p.f.lib.DefaultNpmRunner - 
2024-03-14 12:53:36,971 [Exec Stream Pumper] INFO  c.g.e.m.p.f.lib.DefaultNpmRunner - > taco-web-ui@0.0.0 build C:\Users\phill\OneDrive\Desktop\Spring\Spring_Core Reference Material\spring-in-action-6-samples-main\ch07\tacocloud-ui
2024-03-14 12:53:36,971 [Exec Stream Pumper] INFO  c.g.e.m.p.f.lib.DefaultNpmRunner - > ng build --dev
2024-03-14 12:53:36,971 [Exec Stream Pumper] INFO  c.g.e.m.p.f.lib.DefaultNpmRunner - 
2024-03-14 12:53:36,984 [Exec Stream Pumper] ERROR c.g.e.m.p.f.lib.DefaultNpmRunner - 'ng' is not recognized as an internal or external command,
2024-03-14 12:53:36,985 [Exec Stream Pumper] ERROR c.g.e.m.p.f.lib.DefaultNpmRunner - operable program or batch file.
2024-03-14 12:53:36,988 [Exec Stream Pumper] ERROR c.g.e.m.p.f.lib.DefaultNpmRunner - 
2024-03-14 12:53:36,992 [Exec Stream Pumper] ERROR c.g.e.m.p.f.lib.DefaultNpmRunner - npm ERR! Windows_NT 10.0.22631
2024-03-14 12:53:36,993 [Exec Stream Pumper] ERROR c.g.e.m.p.f.lib.DefaultNpmRunner - npm ERR! argv "C:\\Users\\phill\\OneDrive\\Desktop\\Spring\\Spring_Core Reference Material\\spring-in-action-6-samples-main\\ch07\\tacocloud-ui\\node\\node.exe" "C:\\Users\\phill\\OneDrive\\Desktop\\Spring\\Spring_Core Reference Material\\spring-in-action-6-samples-main\\ch07\\tacocloud-ui\\node\\node_modules\\npm\\bin\\npm-cli.js" "run-script" "build"
2024-03-14 12:53:36,994 [Exec Stream Pumper] ERROR c.g.e.m.p.f.lib.DefaultNpmRunner - npm ERR! node v6.9.1
2024-03-14 12:53:36,995 [Exec Stream Pumper] ERROR c.g.e.m.p.f.lib.DefaultNpmRunner - npm ERR! npm  v3.10.8
2024-03-14 12:53:36,995 [Exec Stream Pumper] ERROR c.g.e.m.p.f.lib.DefaultNpmRunner - npm ERR! code ELIFECYCLE
2024-03-14 12:53:36,996 [Exec Stream Pumper] ERROR c.g.e.m.p.f.lib.DefaultNpmRunner - npm ERR! taco-web-ui@0.0.0 build: `ng build --dev`
2024-03-14 12:53:36,996 [Exec Stream Pumper] ERROR c.g.e.m.p.f.lib.DefaultNpmRunner - npm ERR! Exit status 1
2024-03-14 12:53:36,997 [Exec Stream Pumper] ERROR c.g.e.m.p.f.lib.DefaultNpmRunner - npm ERR! 
2024-03-14 12:53:36,997 [Exec Stream Pumper] ERROR c.g.e.m.p.f.lib.DefaultNpmRunner - npm ERR! Failed at the taco-web-ui@0.0.0 build script 'ng build --dev'.
2024-03-14 12:53:36,998 [Exec Stream Pumper] ERROR c.g.e.m.p.f.lib.DefaultNpmRunner - npm ERR! Make sure you have the latest version of node.js and npm installed.
2024-03-14 12:53:36,998 [Exec Stream Pumper] ERROR c.g.e.m.p.f.lib.DefaultNpmRunner - npm ERR! If you do, this is most likely a problem with the taco-web-ui package,
2024-03-14 12:53:36,998 [Exec Stream Pumper] ERROR c.g.e.m.p.f.lib.DefaultNpmRunner - npm ERR! not with npm itself.
2024-03-14 12:53:37,000 [Exec Stream Pumper] ERROR c.g.e.m.p.f.lib.DefaultNpmRunner - npm ERR! Tell the author that this fails on your system:
2024-03-14 12:53:37,000 [Exec Stream Pumper] ERROR c.g.e.m.p.f.lib.DefaultNpmRunner - npm ERR!     ng build --dev
2024-03-14 12:53:37,001 [Exec Stream Pumper] ERROR c.g.e.m.p.f.lib.DefaultNpmRunner - npm ERR! You can get information on how to open an issue for this project with:
2024-03-14 12:53:37,001 [Exec Stream Pumper] ERROR c.g.e.m.p.f.lib.DefaultNpmRunner - npm ERR!     npm bugs taco-web-ui
2024-03-14 12:53:37,001 [Exec Stream Pumper] ERROR c.g.e.m.p.f.lib.DefaultNpmRunner - npm ERR! Or if that isn't available, you can get their info via:
2024-03-14 12:53:37,002 [Exec Stream Pumper] ERROR c.g.e.m.p.f.lib.DefaultNpmRunner - npm ERR!     npm owner ls taco-web-ui
2024-03-14 12:53:37,003 [Exec Stream Pumper] ERROR c.g.e.m.p.f.lib.DefaultNpmRunner - npm ERR! There is likely additional logging output above.
2024-03-14 12:53:37,003 [Exec Stream Pumper] WARN  c.g.e.m.p.f.lib.DefaultNpmRunner - npm WARN Local package.json exists, but node_modules missing, did you mean to install?
2024-03-14 12:53:37,004 [Exec Stream Pumper] ERROR c.g.e.m.p.f.lib.DefaultNpmRunner - 
2024-03-14 12:53:37,004 [Exec Stream Pumper] ERROR c.g.e.m.p.f.lib.DefaultNpmRunner - npm ERR! Please include the following file with any support request:
2024-03-14 12:53:37,005 [Exec Stream Pumper] ERROR c.g.e.m.p.f.lib.DefaultNpmRunner - npm ERR!     C:\Users\phill\OneDrive\Desktop\Spring\Spring_Core Reference Material\spring-in-action-6-samples-main\ch07\tacocloud-ui\npm-debug.log
2024-03-14 12:53:37,013 [Worker-26: Building] INFO  o.e.m.c.i.embedder.EclipseLogger - Using 'UTF-8' encoding to copy filtered resources.
2024-03-14 12:53:37,013 [Worker-26: Building] INFO  o.e.m.c.i.embedder.EclipseLogger - Using 'UTF-8' encoding to copy filtered properties files.
2024-03-14 12:53:37,013 [Worker-26: Building] INFO  o.e.m.c.i.embedder.EclipseLogger - skip non existing resourceDirectory C:\Users\phill\OneDrive\Desktop\Spring\Spring_Core Reference Material\spring-in-action-6-samples-main\ch07\tacocloud-ui\dist
2024-03-14 12:53:37,017 [Worker-26: Building] INFO  o.e.m.c.i.embedder.EclipseLogger - Using 'UTF-8' encoding to copy filtered resources.
2024-03-14 12:53:37,017 [Worker-26: Building] INFO  o.e.m.c.i.embedder.EclipseLogger - Using 'UTF-8' encoding to copy filtered properties files.
2024-03-14 12:53:37,017 [Worker-26: Building] INFO  o.e.m.c.i.embedder.EclipseLogger - skip non existing resourceDirectory C:\Users\phill\OneDrive\Desktop\Spring\Spring_Core Reference Material\spring-in-action-6-samples-main\ch07\tacocloud-ui\src\test\resources
2024-03-14 12:54:21,940 [Worker-27: Launching tacocloud - TacoCloudApplication] INFO  o.e.m.c.i.p.WorkspaceClassifierResolverManager - Resolving P/tacocloud-data: sia:tacocloud-data:0.0.7-SNAPSHOT with classifier null to /tacocloud-data/target/classes
2024-03-14 12:54:21,942 [Worker-27: Launching tacocloud - TacoCloudApplication] INFO  o.e.m.c.i.p.WorkspaceClassifierResolverManager - Resolving P/tacocloud-domain: sia:tacocloud-domain:0.0.7-SNAPSHOT with classifier null to /tacocloud-domain/target/classes
2024-03-14 12:54:21,943 [Worker-27: Launching tacocloud - TacoCloudApplication] INFO  o.e.m.c.i.p.WorkspaceClassifierResolverManager - Resolving P/tacocloud-security: sia:tacocloud-security:0.0.7-SNAPSHOT with classifier null to /tacocloud-security/target/classes
2024-03-14 12:54:21,943 [Worker-27: Launching tacocloud - TacoCloudApplication] INFO  o.e.m.c.i.p.WorkspaceClassifierResolverManager - Resolving P/tacocloud-api: sia:tacocloud-api:0.0.7-SNAPSHOT with classifier null to /tacocloud-api/target/classes
2024-03-14 12:54:21,944 [Worker-27: Launching tacocloud - TacoCloudApplication] INFO  o.e.m.c.i.p.WorkspaceClassifierResolverManager - Resolving P/tacocloud-ui: sia:tacocloud-ui:0.0.7-SNAPSHOT with classifier null to /tacocloud-ui/target/classes
2024-03-14 12:54:22,041 [Worker-27: Launching tacocloud - TacoCloudApplication] INFO  o.e.m.c.i.p.WorkspaceClassifierResolverManager - Resolving P/tacocloud-data: sia:tacocloud-data:0.0.7-SNAPSHOT with classifier null to /tacocloud-data/target/classes
2024-03-14 12:54:22,042 [Worker-27: Launching tacocloud - TacoCloudApplication] INFO  o.e.m.c.i.p.WorkspaceClassifierResolverManager - Resolving P/tacocloud-domain: sia:tacocloud-domain:0.0.7-SNAPSHOT with classifier null to /tacocloud-domain/target/classes
2024-03-14 12:54:22,042 [Worker-27: Launching tacocloud - TacoCloudApplication] INFO  o.e.m.c.i.p.WorkspaceClassifierResolverManager - Resolving P/tacocloud-security: sia:tacocloud-security:0.0.7-SNAPSHOT with classifier null to /tacocloud-security/target/classes
2024-03-14 12:54:22,043 [Worker-27: Launching tacocloud - TacoCloudApplication] INFO  o.e.m.c.i.p.WorkspaceClassifierResolverManager - Resolving P/tacocloud-api: sia:tacocloud-api:0.0.7-SNAPSHOT with classifier null to /tacocloud-api/target/classes
2024-03-14 12:54:22,044 [Worker-27: Launching tacocloud - TacoCloudApplication] INFO  o.e.m.c.i.p.WorkspaceClassifierResolverManager - Resolving P/tacocloud-ui: sia:tacocloud-ui:0.0.7-SNAPSHOT with classifier null to /tacocloud-ui/target/classes
2024-03-14 12:54:22,136 [Worker-27: Launching tacocloud - TacoCloudApplication] INFO  o.e.m.c.i.p.WorkspaceClassifierResolverManager - Resolving P/tacocloud-data: sia:tacocloud-data:0.0.7-SNAPSHOT with classifier null to /tacocloud-data/target/classes
2024-03-14 12:54:22,137 [Worker-27: Launching tacocloud - TacoCloudApplication] INFO  o.e.m.c.i.p.WorkspaceClassifierResolverManager - Resolving P/tacocloud-domain: sia:tacocloud-domain:0.0.7-SNAPSHOT with classifier null to /tacocloud-domain/target/classes
2024-03-14 12:54:22,137 [Worker-27: Launching tacocloud - TacoCloudApplication] INFO  o.e.m.c.i.p.WorkspaceClassifierResolverManager - Resolving P/tacocloud-security: sia:tacocloud-security:0.0.7-SNAPSHOT with classifier null to /tacocloud-security/target/classes
2024-03-14 12:54:22,138 [Worker-27: Launching tacocloud - TacoCloudApplication] INFO  o.e.m.c.i.p.WorkspaceClassifierResolverManager - Resolving P/tacocloud-api: sia:tacocloud-api:0.0.7-SNAPSHOT with classifier null to /tacocloud-api/target/classes
2024-03-14 12:54:22,138 [Worker-27: Launching tacocloud - TacoCloudApplication] INFO  o.e.m.c.i.p.WorkspaceClassifierResolverManager - Resolving P/tacocloud-ui: sia:tacocloud-ui:0.0.7-SNAPSHOT with classifier null to /tacocloud-ui/target/classes
2024-03-22 08:32:40,952 [Worker-3: Loading available Gradle versions] INFO  o.e.b.c.i.u.g.PublishedGradleVersions - Gradle version information cache is up-to-date. Trying to read.
2024-03-22 08:35:03,859 [Worker-15: reload maven project] INFO  o.e.m.c.i.p.WorkspaceClassifierResolverManager - Resolving P/tacocloud-data: sia:tacocloud-data:0.0.7-SNAPSHOT with classifier  to /tacocloud-data/target/classes
2024-03-22 08:35:03,885 [Worker-15: reload maven project] INFO  o.e.m.c.i.p.WorkspaceClassifierResolverManager - Resolving P/tacocloud-domain: sia:tacocloud-domain:0.0.7-SNAPSHOT with classifier  to /tacocloud-domain/target/classes
2024-03-22 08:35:03,889 [Worker-15: reload maven project] INFO  o.e.m.c.i.p.WorkspaceClassifierResolverManager - Resolving P/tacocloud-security: sia:tacocloud-security:0.0.7-SNAPSHOT with classifier  to /tacocloud-security/target/classes
2024-03-25 05:03:28,718 [Worker-1: Loading available Gradle versions] INFO  o.e.b.c.i.u.g.PublishedGradleVersions - Gradle version information cache is out-of-date. Trying to update.
2024-03-25 05:08:59,545 [Worker-7: reload maven project] INFO  o.e.m.c.i.p.WorkspaceClassifierResolverManager - Resolving P/tacocloud-data: sia:tacocloud-data:0.0.7-SNAPSHOT with classifier  to /tacocloud-data/target/classes
2024-03-25 05:08:59,588 [Worker-7: reload maven project] INFO  o.e.m.c.i.p.WorkspaceClassifierResolverManager - Resolving P/tacocloud-domain: sia:tacocloud-domain:0.0.7-SNAPSHOT with classifier  to /tacocloud-domain/target/classes
2024-03-25 05:08:59,596 [Worker-7: reload maven project] INFO  o.e.m.c.i.p.WorkspaceClassifierResolverManager - Resolving P/tacocloud-security: sia:tacocloud-security:0.0.7-SNAPSHOT with classifier  to /tacocloud-security/target/classes
